#
# There is insufficient memory for the Java Runtime Environment to continue.
# Native memory allocation (malloc) failed to allocate 698656 bytes for Chunk::new
# Possible reasons:
#   The system is out of physical RAM or swap space
#   In 32 bit mode, the process size limit was hit
# Possible solutions:
#   Reduce memory load on the system
#   Increase physical memory or swap space
#   Check if swap backing store is full
#   Use 64 bit Java on a 64 bit OS
#   Decrease Java heap size (-Xmx/-Xms)
#   Decrease number of Java threads
#   Decrease Java thread stack sizes (-Xss)
#   Set larger code cache with -XX:ReservedCodeCacheSize=
# This output file may be truncated or incomplete.
#
#  Out of Memory Error (allocation.cpp:390), pid=10004, tid=0x0000000000000e40
#
# JRE version: Java(TM) SE Runtime Environment (8.0_152-b16) (build 1.8.0_152-b16)
# Java VM: Java HotSpot(TM) 64-Bit Server VM (25.152-b16 mixed mode windows-amd64 compressed oops)
# Failed to write core dump. Minidumps are not enabled by default on client versions of Windows
#

---------------  T H R E A D  ---------------

Current thread (0x0000000019d4d000):  JavaThread "C2 CompilerThread0" daemon [_thread_in_native, id=3648, stack(0x000000001a620000,0x000000001a720000)]

Stack: [0x000000001a620000,0x000000001a720000]
[error occurred during error reporting (printing stack bounds), id 0xc0000005]

Native frames: (J=compiled Java code, j=interpreted, Vv=VM code, C=native code)


Current CompileTask:
C2:   8893 2460       4       groovy.lang.MetaClassImpl$1MOPIter::methodNameAction (479 bytes)


---------------  P R O C E S S  ---------------

Java Threads: ( => current thread )
  0x000000001bfc3000 JavaThread "Cache worker for Artifact transforms cache (C:\Users\kondm\.gradle\caches\transforms-1)" [_thread_blocked, id=5488, stack(0x00000000212d0000,0x00000000213d0000)]
  0x000000001bfc4800 JavaThread "File lock request listener" [_thread_in_native, id=9240, stack(0x000000001ea40000,0x000000001eb40000)]
  0x000000001bfc4000 JavaThread "Cache worker for file hash cache (C:\Users\kondm\.gradle\caches\3.5.1\fileHashes)" [_thread_blocked, id=10760, stack(0x000000001e940000,0x000000001ea40000)]
  0x000000001c219800 JavaThread "Stdin handler" [_thread_blocked, id=14300, stack(0x000000001e840000,0x000000001e940000)]
  0x000000001b9f6800 JavaThread "Asynchronous log dispatcher for DefaultDaemonConnection: socket connection from /127.0.0.1:51278 to /127.0.0.1:51279" [_thread_blocked, id=14688, stack(0x000000001e740000,0x000000001e840000)]
  0x000000001b9fe000 JavaThread "Daemon worker" [_thread_in_Java, id=2136, stack(0x000000001e540000,0x000000001e640000)]
  0x000000001ba02000 JavaThread "Cancel handler" [_thread_blocked, id=11284, stack(0x000000001e440000,0x000000001e540000)]
  0x000000001bc64000 JavaThread "Handler for socket connection from /127.0.0.1:51278 to /127.0.0.1:51279" [_thread_in_native, id=3684, stack(0x000000001e140000,0x000000001e240000)]
  0x000000001bc63000 JavaThread "Daemon" [_thread_blocked, id=13364, stack(0x000000001e040000,0x000000001e140000)]
  0x000000001bc60800 JavaThread "Daemon periodic checks" [_thread_blocked, id=9244, stack(0x000000001df40000,0x000000001e040000)]
  0x000000001bd32800 JavaThread "Incoming local TCP Connector on port 51278" [_thread_in_native, id=15020, stack(0x000000001d4e0000,0x000000001d5e0000)]
  0x000000001c0cc000 JavaThread "Daemon health stats" [_thread_blocked, id=7284, stack(0x000000001c3f0000,0x000000001c4f0000)]
  0x0000000019dcf000 JavaThread "Service Thread" daemon [_thread_blocked, id=14864, stack(0x000000001aa20000,0x000000001ab20000)]
  0x0000000019d58000 JavaThread "C1 CompilerThread3" daemon [_thread_blocked, id=10800, stack(0x000000001a920000,0x000000001aa20000)]
  0x0000000019d54000 JavaThread "C2 CompilerThread2" daemon [_thread_in_native, id=14156, stack(0x000000001a820000,0x000000001a920000)]
  0x0000000019d51000 JavaThread "C2 CompilerThread1" daemon [_thread_in_native, id=8308, stack(0x000000001a720000,0x000000001a820000)]
=>0x0000000019d4d000 JavaThread "C2 CompilerThread0" daemon [_thread_in_native, id=3648, stack(0x000000001a620000,0x000000001a720000)]
  0x0000000019d49000 JavaThread "Attach Listener" daemon [_thread_blocked, id=7240, stack(0x000000001a520000,0x000000001a620000)]
  0x0000000019d48800 JavaThread "Signal Dispatcher" daemon [_thread_blocked, id=9544, stack(0x000000001a420000,0x000000001a520000)]
  0x0000000019d40800 JavaThread "Finalizer" daemon [_thread_blocked, id=184, stack(0x000000001a120000,0x000000001a220000)]
  0x0000000005316000 JavaThread "Reference Handler" daemon [_thread_blocked, id=12752, stack(0x0000000019c20000,0x0000000019d20000)]
  0x0000000005223000 JavaThread "main" [_thread_blocked, id=720, stack(0x0000000005050000,0x0000000005150000)]

Other Threads:
  0x0000000017e39800 VMThread [stack: 0x0000000019b20000,0x0000000019c20000] [id=14724]
  0x0000000019dd3000 WatcherThread [stack: 0x000000001ab20000,0x000000001ac20000] [id=2448]

VM state:not at safepoint (normal execution)

VM Mutex/Monitor currently owned by a thread:  ([mutex/lock_event])
[0x000000000389de40] PackageTable_lock - owner thread: 0x0000000000000000

Heap:
 PSYoungGen      total 71680K, used 30390K [0x00000000eab00000, 0x00000000f2180000, 0x0000000100000000)
  eden space 66560K, 37% used [0x00000000eab00000,0x00000000ec3aecf0,0x00000000eec00000)
  from space 5120K, 99% used [0x00000000eec00000,0x00000000ef0fedf0,0x00000000ef100000)
  to   space 10752K, 0% used [0x00000000f1700000,0x00000000f1700000,0x00000000f2180000)
 ParOldGen       total 64512K, used 11831K [0x00000000c0000000, 0x00000000c3f00000, 0x00000000eab00000)
  object space 64512K, 18% used [0x00000000c0000000,0x00000000c0b8dc10,0x00000000c3f00000)
 Metaspace       used 28789K, capacity 29388K, committed 29568K, reserved 1075200K
  class space    used 4038K, capacity 4220K, committed 4224K, reserved 1048576K

Card table byte_map: [0x00000000146e0000,0x00000000148f0000] byte_map_base: 0x00000000140e0000

Marking Bits: (ParMarkBitMap*) 0x000000005b1b0860
 Begin Bits: [0x0000000015250000, 0x0000000016250000)
 End Bits:   [0x0000000016250000, 0x0000000017250000)

Polling page: 0x0000000003330000

CodeCache: size=245760Kb used=9616Kb max_used=9627Kb free=236143Kb
 bounds [0x0000000005320000, 0x0000000005c90000, 0x0000000014320000]
 total_blobs=3134 nmethods=2454 adapters=592
 compilation: enabled

Compilation events (10 events):
Event: 8.873 Thread 0x0000000019d58000 2471       3       java.util.concurrent.locks.AbstractQueuedSynchronizer$ConditionObject::unlinkCancelledWaiters (67 bytes)
Event: 8.874 Thread 0x0000000019d58000 nmethod 2471 0x0000000005c6e790 code [0x0000000005c6e900, 0x0000000005c6ec50]
Event: 8.874 Thread 0x0000000019d58000 2472       3       java.util.concurrent.locks.ReentrantLock$Sync::<init> (5 bytes)
Event: 8.875 Thread 0x0000000019d58000 nmethod 2472 0x0000000005c6e290 code [0x0000000005c6e400, 0x0000000005c6e670]
Event: 8.875 Thread 0x0000000019d58000 2473       3       java.util.concurrent.locks.ReentrantLock$NonfairSync::<init> (5 bytes)
Event: 8.875 Thread 0x0000000019d58000 nmethod 2473 0x0000000005c82450 code [0x0000000005c825c0, 0x0000000005c82890]
Event: 8.875 Thread 0x0000000019d58000 2474       3       java.util.concurrent.locks.ReentrantLock::<init> (16 bytes)
Event: 8.875 Thread 0x0000000019d58000 nmethod 2474 0x0000000005c81cd0 code [0x0000000005c81e60, 0x0000000005c82250]
Event: 8.875 Thread 0x0000000019d58000 2475       1       java.util.logging.LogManager::access$500 (5 bytes)
Event: 8.875 Thread 0x0000000019d58000 nmethod 2475 0x0000000005c6dfd0 code [0x0000000005c6e120, 0x0000000005c6e210]

GC Heap History (10 events):
Event: 2.793 GC heap before
{Heap before GC invocations=2 (full 0):
 PSYoungGen      total 38400K, used 37523K [0x00000000eab00000, 0x00000000ed580000, 0x0000000100000000)
  eden space 33280K, 100% used [0x00000000eab00000,0x00000000ecb80000,0x00000000ecb80000)
  from space 5120K, 82% used [0x00000000ecb80000,0x00000000ecfa4dc0,0x00000000ed080000)
  to   space 5120K, 0% used [0x00000000ed080000,0x00000000ed080000,0x00000000ed580000)
 ParOldGen       total 87552K, used 8K [0x00000000c0000000, 0x00000000c5580000, 0x00000000eab00000)
  object space 87552K, 0% used [0x00000000c0000000,0x00000000c0002000,0x00000000c5580000)
 Metaspace       used 12236K, capacity 12564K, committed 12928K, reserved 1060864K
  class space    used 1674K, capacity 1810K, committed 1920K, reserved 1048576K
Event: 2.806 GC heap after
Heap after GC invocations=2 (full 0):
 PSYoungGen      total 38400K, used 5099K [0x00000000eab00000, 0x00000000ed580000, 0x0000000100000000)
  eden space 33280K, 0% used [0x00000000eab00000,0x00000000eab00000,0x00000000ecb80000)
  from space 5120K, 99% used [0x00000000ed080000,0x00000000ed57ad38,0x00000000ed580000)
  to   space 5120K, 0% used [0x00000000ecb80000,0x00000000ecb80000,0x00000000ed080000)
 ParOldGen       total 87552K, used 802K [0x00000000c0000000, 0x00000000c5580000, 0x00000000eab00000)
  object space 87552K, 0% used [0x00000000c0000000,0x00000000c00c8b00,0x00000000c5580000)
 Metaspace       used 12236K, capacity 12564K, committed 12928K, reserved 1060864K
  class space    used 1674K, capacity 1810K, committed 1920K, reserved 1048576K
}
Event: 3.580 GC heap before
{Heap before GC invocations=3 (full 0):
 PSYoungGen      total 38400K, used 38379K [0x00000000eab00000, 0x00000000ed580000, 0x0000000100000000)
  eden space 33280K, 100% used [0x00000000eab00000,0x00000000ecb80000,0x00000000ecb80000)
  from space 5120K, 99% used [0x00000000ed080000,0x00000000ed57ad38,0x00000000ed580000)
  to   space 5120K, 0% used [0x00000000ecb80000,0x00000000ecb80000,0x00000000ed080000)
 ParOldGen       total 87552K, used 802K [0x00000000c0000000, 0x00000000c5580000, 0x00000000eab00000)
  object space 87552K, 0% used [0x00000000c0000000,0x00000000c00c8b20,0x00000000c5580000)
 Metaspace       used 15448K, capacity 15732K, committed 15872K, reserved 1062912K
  class space    used 2213K, capacity 2290K, committed 2304K, reserved 1048576K
Event: 3.599 GC heap after
Heap after GC invocations=3 (full 0):
 PSYoungGen      total 38400K, used 5104K [0x00000000eab00000, 0x00000000ef600000, 0x0000000100000000)
  eden space 33280K, 0% used [0x00000000eab00000,0x00000000eab00000,0x00000000ecb80000)
  from space 5120K, 99% used [0x00000000ecb80000,0x00000000ed07c080,0x00000000ed080000)
  to   space 5120K, 0% used [0x00000000ef100000,0x00000000ef100000,0x00000000ef600000)
 ParOldGen       total 87552K, used 3241K [0x00000000c0000000, 0x00000000c5580000, 0x00000000eab00000)
  object space 87552K, 3% used [0x00000000c0000000,0x00000000c032a440,0x00000000c5580000)
 Metaspace       used 15448K, capacity 15732K, committed 15872K, reserved 1062912K
  class space    used 2213K, capacity 2290K, committed 2304K, reserved 1048576K
}
Event: 5.059 GC heap before
{Heap before GC invocations=4 (full 0):
 PSYoungGen      total 38400K, used 38356K [0x00000000eab00000, 0x00000000ef600000, 0x0000000100000000)
  eden space 33280K, 99% used [0x00000000eab00000,0x00000000ecb791b0,0x00000000ecb80000)
  from space 5120K, 99% used [0x00000000ecb80000,0x00000000ed07c080,0x00000000ed080000)
  to   space 5120K, 0% used [0x00000000ef100000,0x00000000ef100000,0x00000000ef600000)
 ParOldGen       total 87552K, used 3241K [0x00000000c0000000, 0x00000000c5580000, 0x00000000eab00000)
  object space 87552K, 3% used [0x00000000c0000000,0x00000000c032a440,0x00000000c5580000)
 Metaspace       used 20778K, capacity 21134K, committed 21248K, reserved 1067008K
  class space    used 2877K, capacity 3015K, committed 3072K, reserved 1048576K
Event: 5.088 GC heap after
Heap after GC invocations=4 (full 0):
 PSYoungGen      total 71680K, used 5099K [0x00000000eab00000, 0x00000000ef600000, 0x0000000100000000)
  eden space 66560K, 0% used [0x00000000eab00000,0x00000000eab00000,0x00000000eec00000)
  from space 5120K, 99% used [0x00000000ef100000,0x00000000ef5faff0,0x00000000ef600000)
  to   space 5120K, 0% used [0x00000000eec00000,0x00000000eec00000,0x00000000ef100000)
 ParOldGen       total 87552K, used 8414K [0x00000000c0000000, 0x00000000c5580000, 0x00000000eab00000)
  object space 87552K, 9% used [0x00000000c0000000,0x00000000c0837860,0x00000000c5580000)
 Metaspace       used 20778K, capacity 21134K, committed 21248K, reserved 1067008K
  class space    used 2877K, capacity 3015K, committed 3072K, reserved 1048576K
}
Event: 5.088 GC heap before
{Heap before GC invocations=5 (full 1):
 PSYoungGen      total 71680K, used 5099K [0x00000000eab00000, 0x00000000ef600000, 0x0000000100000000)
  eden space 66560K, 0% used [0x00000000eab00000,0x00000000eab00000,0x00000000eec00000)
  from space 5120K, 99% used [0x00000000ef100000,0x00000000ef5faff0,0x00000000ef600000)
  to   space 5120K, 0% used [0x00000000eec00000,0x00000000eec00000,0x00000000ef100000)
 ParOldGen       total 87552K, used 8414K [0x00000000c0000000, 0x00000000c5580000, 0x00000000eab00000)
  object space 87552K, 9% used [0x00000000c0000000,0x00000000c0837860,0x00000000c5580000)
 Metaspace       used 20778K, capacity 21134K, committed 21248K, reserved 1067008K
  class space    used 2877K, capacity 3015K, committed 3072K, reserved 1048576K
Event: 5.147 GC heap after
Heap after GC invocations=5 (full 1):
 PSYoungGen      total 71680K, used 0K [0x00000000eab00000, 0x00000000ef600000, 0x0000000100000000)
  eden space 66560K, 0% used [0x00000000eab00000,0x00000000eab00000,0x00000000eec00000)
  from space 5120K, 0% used [0x00000000ef100000,0x00000000ef100000,0x00000000ef600000)
  to   space 5120K, 0% used [0x00000000eec00000,0x00000000eec00000,0x00000000ef100000)
 ParOldGen       total 64512K, used 10060K [0x00000000c0000000, 0x00000000c3f00000, 0x00000000eab00000)
  object space 64512K, 15% used [0x00000000c0000000,0x00000000c09d3138,0x00000000c3f00000)
 Metaspace       used 20778K, capacity 21134K, committed 21248K, reserved 1067008K
  class space    used 2877K, capacity 3015K, committed 3072K, reserved 1048576K
}
Event: 8.376 GC heap before
{Heap before GC invocations=6 (full 1):
 PSYoungGen      total 71680K, used 66560K [0x00000000eab00000, 0x00000000ef600000, 0x0000000100000000)
  eden space 66560K, 100% used [0x00000000eab00000,0x00000000eec00000,0x00000000eec00000)
  from space 5120K, 0% used [0x00000000ef100000,0x00000000ef100000,0x00000000ef600000)
  to   space 5120K, 0% used [0x00000000eec00000,0x00000000eec00000,0x00000000ef100000)
 ParOldGen       total 64512K, used 10070K [0x00000000c0000000, 0x00000000c3f00000, 0x00000000eab00000)
  object space 64512K, 15% used [0x00000000c0000000,0x00000000c09d5b00,0x00000000c3f00000)
 Metaspace       used 26099K, capacity 26684K, committed 26880K, reserved 1073152K
  class space    used 3612K, capacity 3789K, committed 3840K, reserved 1048576K
Event: 8.387 GC heap after
Heap after GC invocations=6 (full 1):
 PSYoungGen      total 71680K, used 5115K [0x00000000eab00000, 0x00000000f2180000, 0x0000000100000000)
  eden space 66560K, 0% used [0x00000000eab00000,0x00000000eab00000,0x00000000eec00000)
  from space 5120K, 99% used [0x00000000eec00000,0x00000000ef0fedf0,0x00000000ef100000)
  to   space 10752K, 0% used [0x00000000f1700000,0x00000000f1700000,0x00000000f2180000)
 ParOldGen       total 64512K, used 11831K [0x00000000c0000000, 0x00000000c3f00000, 0x00000000eab00000)
  object space 64512K, 18% used [0x00000000c0000000,0x00000000c0b8dc10,0x00000000c3f00000)
 Metaspace       used 26099K, capacity 26684K, committed 26880K, reserved 1073152K
  class space    used 3612K, capacity 3789K, committed 3840K, reserved 1048576K
}

Deoptimization events (10 events):
Event: 8.543 Thread 0x000000001b9fe000 Uncommon trap: reason=class_check action=maybe_recompile pc=0x0000000005883940 method=java.lang.reflect.Method.equals(Ljava/lang/Object;)Z @ 5
Event: 8.543 Thread 0x000000001b9fe000 Uncommon trap: reason=class_check action=maybe_recompile pc=0x0000000005883940 method=java.lang.reflect.Method.equals(Ljava/lang/Object;)Z @ 5
Event: 8.594 Thread 0x000000001b9fe000 Uncommon trap: reason=unstable_if action=reinterpret pc=0x000000000576639c method=java.lang.ref.ReferenceQueue.poll()Ljava/lang/ref/Reference; @ 4
Event: 8.594 Thread 0x000000001b9fe000 Uncommon trap: reason=class_check action=maybe_recompile pc=0x00000000057e56a8 method=java.lang.ref.ReferenceQueue.reallyPoll()Ljava/lang/ref/Reference; @ 52
Event: 8.594 Thread 0x000000001b9fe000 Uncommon trap: reason=class_check action=maybe_recompile pc=0x00000000057e56a8 method=java.lang.ref.ReferenceQueue.reallyPoll()Ljava/lang/ref/Reference; @ 52
Event: 8.594 Thread 0x000000001b9fe000 Uncommon trap: reason=class_check action=maybe_recompile pc=0x00000000057e56a8 method=java.lang.ref.ReferenceQueue.reallyPoll()Ljava/lang/ref/Reference; @ 52
Event: 8.605 Thread 0x000000001b9fe000 Uncommon trap: reason=unstable_if action=reinterpret pc=0x0000000005a2865c method=java.net.URLClassLoader.isSealed(Ljava/lang/String;Ljava/util/jar/Manifest;)Z @ 26
Event: 8.606 Thread 0x000000001b9fe000 Uncommon trap: reason=unstable_if action=reinterpret pc=0x0000000005aa9214 method=java.net.URLClassLoader.isSealed(Ljava/lang/String;Ljava/util/jar/Manifest;)Z @ 26
Event: 8.619 Thread 0x000000001b9fe000 Uncommon trap: reason=bimorphic action=maybe_recompile pc=0x0000000005b078fc method=org.codehaus.groovy.runtime.metaclass.MetaMethodIndex.addMethodToList(Ljava/lang/Object;Lgroovy/lang/MetaMethod;)Ljava/lang/Object; @ 89
Event: 8.639 Thread 0x000000001b9fe000 Uncommon trap: reason=unstable_if action=reinterpret pc=0x0000000005b68d60 method=org.objectweb.asm.Item.a(Lorg/objectweb/asm/Item;)Z @ 345

Classes redefined (0 events):
No events

Internal exceptions (10 events):
Event: 8.683 Thread 0x000000001b9fe000 Exception <a 'java/lang/ClassNotFoundException': java/util/ArrayListBeanInfo> (0x00000000ebaa4808) thrown at [C:\re\workspace\8-2-build-windows-amd64-cygwin\jdk8u152\9742\hotspot\src\share\vm\classfile\systemDictionary.cpp, line 210]
Event: 8.683 Thread 0x000000001b9fe000 Exception <a 'java/lang/ClassNotFoundException': java/util/AbstractListBeanInfo> (0x00000000ebaab958) thrown at [C:\re\workspace\8-2-build-windows-amd64-cygwin\jdk8u152\9742\hotspot\src\share\vm\classfile\systemDictionary.cpp, line 210]
Event: 8.683 Thread 0x000000001b9fe000 Exception <a 'java/lang/ClassNotFoundException': java/util/AbstractListCustomizer> (0x00000000ebab3078) thrown at [C:\re\workspace\8-2-build-windows-amd64-cygwin\jdk8u152\9742\hotspot\src\share\vm\classfile\systemDictionary.cpp, line 210]
Event: 8.685 Thread 0x000000001b9fe000 Exception <a 'java/lang/ClassNotFoundException': java/util/ArrayListCustomizer> (0x00000000ebac8ca8) thrown at [C:\re\workspace\8-2-build-windows-amd64-cygwin\jdk8u152\9742\hotspot\src\share\vm\classfile\systemDictionary.cpp, line 210]
Event: 8.692 Thread 0x000000001b9fe000 Exception <a 'java/lang/ClassNotFoundException': java/util/CollectionBeanInfo> (0x00000000ebb09a00) thrown at [C:\re\workspace\8-2-build-windows-amd64-cygwin\jdk8u152\9742\hotspot\src\share\vm\classfile\systemDictionary.cpp, line 210]
Event: 8.693 Thread 0x000000001b9fe000 Exception <a 'java/lang/ClassNotFoundException': java/util/CollectionCustomizer> (0x00000000ebb10cc8) thrown at [C:\re\workspace\8-2-build-windows-amd64-cygwin\jdk8u152\9742\hotspot\src\share\vm\classfile\systemDictionary.cpp, line 210]
Event: 8.833 Thread 0x000000001b9fe000 Exception <a 'java/lang/ClassNotFoundException': build_7mv6777kxfn6fmqlr8vpfi079BeanInfo> (0x00000000ec1623b8) thrown at [C:\re\workspace\8-2-build-windows-amd64-cygwin\jdk8u152\9742\hotspot\src\share\vm\classfile\systemDictionary.cpp, line 210]
Event: 8.833 Thread 0x000000001b9fe000 Exception <a 'java/lang/ClassNotFoundException': org/gradle/api/internal/project/ProjectScriptBeanInfo> (0x00000000ec173e68) thrown at [C:\re\workspace\8-2-build-windows-amd64-cygwin\jdk8u152\9742\hotspot\src\share\vm\classfile\systemDictionary.cpp, line 
Event: 8.834 Thread 0x000000001b9fe000 Exception <a 'java/lang/ClassNotFoundException': org/gradle/api/internal/project/ProjectScriptCustomizer> (0x00000000ec185d68) thrown at [C:\re\workspace\8-2-build-windows-amd64-cygwin\jdk8u152\9742\hotspot\src\share\vm\classfile\systemDictionary.cpp, lin
Event: 8.836 Thread 0x000000001b9fe000 Exception <a 'java/lang/ClassNotFoundException': build_7mv6777kxfn6fmqlr8vpfi079Customizer> (0x00000000ec1baa90) thrown at [C:\re\workspace\8-2-build-windows-amd64-cygwin\jdk8u152\9742\hotspot\src\share\vm\classfile\systemDictionary.cpp, line 210]

Events (10 events):
Event: 8.877 loading class java/lang/management/PlatformComponent$2 done
Event: 8.877 loading class java/lang/management/PlatformComponent$3
Event: 8.877 loading class java/lang/management/PlatformComponent$3 done
Event: 8.877 loading class java/lang/management/PlatformComponent$4
Event: 8.877 loading class java/lang/management/PlatformComponent$4 done
Event: 8.877 loading class java/lang/management/PlatformComponent$5
Event: 8.877 loading class java/lang/management/PlatformComponent$5 done
Event: 8.877 loading class java/lang/management/PlatformComponent$6
Event: 8.877 loading class java/lang/management/PlatformComponent$6 done
Event: 8.877 loading class java/lang/management/PlatformComponent$7


Dynamic libraries:
0x00007ff6003f0000 - 0x00007ff600427000 	C:\Program Files\Java\jdk1.8.0_152\bin\java.exe
0x00007ffd03880000 - 0x00007ffd03a60000 	C:\WINDOWS\SYSTEM32\ntdll.dll
0x00007ffd01300000 - 0x00007ffd013ae000 	C:\WINDOWS\System32\KERNEL32.DLL
0x00007ffcffe40000 - 0x00007ffd000a6000 	C:\WINDOWS\System32\KERNELBASE.dll
0x00007ffd01010000 - 0x00007ffd010b1000 	C:\WINDOWS\System32\ADVAPI32.dll
0x00007ffd037b0000 - 0x00007ffd0384d000 	C:\WINDOWS\System32\msvcrt.dll
0x00007ffd036d0000 - 0x00007ffd0372b000 	C:\WINDOWS\System32\sechost.dll
0x00007ffd01a70000 - 0x00007ffd01b8f000 	C:\WINDOWS\System32\RPCRT4.dll
0x00007ffd01ca0000 - 0x00007ffd01e2f000 	C:\WINDOWS\System32\USER32.dll
0x00007ffcffc80000 - 0x00007ffcffca0000 	C:\WINDOWS\System32\win32u.dll
0x00007ffd01200000 - 0x00007ffd01228000 	C:\WINDOWS\System32\GDI32.dll
0x00007ffcffca0000 - 0x00007ffcffe33000 	C:\WINDOWS\System32\gdi32full.dll
0x00007ffd00850000 - 0x00007ffd008eb000 	C:\WINDOWS\System32\msvcp_win.dll
0x00007ffd00bd0000 - 0x00007ffd00cc6000 	C:\WINDOWS\System32\ucrtbase.dll
0x00007ffcf9000000 - 0x00007ffcf9269000 	C:\WINDOWS\WinSxS\amd64_microsoft.windows.common-controls_6595b64144ccf1df_6.0.16299.309_none_15cfd4c4935e6b11\COMCTL32.dll
0x00007ffd015f0000 - 0x00007ffd018f8000 	C:\WINDOWS\System32\combase.dll
0x00007ffd00cd0000 - 0x00007ffd00d42000 	C:\WINDOWS\System32\bcryptPrimitives.dll
0x00007ffd012d0000 - 0x00007ffd012fd000 	C:\WINDOWS\System32\IMM32.DLL
0x000000005b230000 - 0x000000005b302000 	C:\Program Files\Java\jdk1.8.0_152\jre\bin\msvcr100.dll
0x000000005a990000 - 0x000000005b230000 	C:\Program Files\Java\jdk1.8.0_152\jre\bin\server\jvm.dll
0x00007ffd036c0000 - 0x00007ffd036c8000 	C:\WINDOWS\System32\PSAPI.DLL
0x00007ffcfeec0000 - 0x00007ffcfeec9000 	C:\WINDOWS\SYSTEM32\WSOCK32.dll
0x00007ffcfd9f0000 - 0x00007ffcfda13000 	C:\WINDOWS\SYSTEM32\WINMM.dll
0x00007ffd01130000 - 0x00007ffd0119c000 	C:\WINDOWS\System32\WS2_32.dll
0x00007ffcfba60000 - 0x00007ffcfba6a000 	C:\WINDOWS\SYSTEM32\VERSION.dll
0x00007ffcfd910000 - 0x00007ffcfd93a000 	C:\WINDOWS\SYSTEM32\winmmbase.dll
0x00007ffd00800000 - 0x00007ffd0084a000 	C:\WINDOWS\System32\cfgmgr32.dll
0x000000005c060000 - 0x000000005c06f000 	C:\Program Files\Java\jdk1.8.0_152\jre\bin\verify.dll
0x000000005c030000 - 0x000000005c059000 	C:\Program Files\Java\jdk1.8.0_152\jre\bin\java.dll
0x000000005c010000 - 0x000000005c026000 	C:\Program Files\Java\jdk1.8.0_152\jre\bin\zip.dll
0x00007ffd01e30000 - 0x00007ffd03266000 	C:\WINDOWS\System32\SHELL32.dll
0x00007ffd01bf0000 - 0x00007ffd01c96000 	C:\WINDOWS\System32\shcore.dll
0x00007ffd000b0000 - 0x00007ffd007f7000 	C:\WINDOWS\System32\windows.storage.dll
0x00007ffd011a0000 - 0x00007ffd011f1000 	C:\WINDOWS\System32\shlwapi.dll
0x00007ffcffc60000 - 0x00007ffcffc71000 	C:\WINDOWS\System32\kernel.appcore.dll
0x00007ffcffc10000 - 0x00007ffcffc5c000 	C:\WINDOWS\System32\powrprof.dll
0x00007ffcffbd0000 - 0x00007ffcffbeb000 	C:\WINDOWS\System32\profapi.dll
0x000000005a970000 - 0x000000005a98a000 	C:\Program Files\Java\jdk1.8.0_152\jre\bin\net.dll
0x00007ffcff460000 - 0x00007ffcff4c6000 	C:\WINDOWS\system32\mswsock.dll
0x000000005a950000 - 0x000000005a961000 	C:\Program Files\Java\jdk1.8.0_152\jre\bin\nio.dll
0x00007ffce1be0000 - 0x00007ffce1bfe000 	C:\Users\kondm\.gradle\native\25\windows-amd64\native-platform.dll
0x00007ffcff620000 - 0x00007ffcff637000 	C:\WINDOWS\SYSTEM32\CRYPTSP.dll
0x00007ffcff000000 - 0x00007ffcff033000 	C:\WINDOWS\system32\rsaenh.dll
0x00007ffcff730000 - 0x00007ffcff755000 	C:\WINDOWS\SYSTEM32\bcrypt.dll
0x00007ffcffb00000 - 0x00007ffcffb29000 	C:\WINDOWS\SYSTEM32\USERENV.dll
0x00007ffcff640000 - 0x00007ffcff64b000 	C:\WINDOWS\SYSTEM32\CRYPTBASE.dll
0x00007ffcff1f0000 - 0x00007ffcff229000 	C:\WINDOWS\SYSTEM32\IPHLPAPI.DLL
0x00007ffd00ef0000 - 0x00007ffd00ef8000 	C:\WINDOWS\System32\NSI.dll
0x00007ffcf88f0000 - 0x00007ffcf8906000 	C:\WINDOWS\SYSTEM32\dhcpcsvc6.DLL
0x00007ffcf8610000 - 0x00007ffcf862a000 	C:\WINDOWS\SYSTEM32\dhcpcsvc.DLL
0x000000005a940000 - 0x000000005a94d000 	C:\Program Files\Java\jdk1.8.0_152\jre\bin\management.dll

VM Arguments:
jvm_args: -XX:MaxPermSize=256m -XX:+HeapDumpOnOutOfMemoryError -Xmx1024m -Dfile.encoding=windows-1250 -Duser.country=PL -Duser.language=pl -Duser.variant 
java_command: org.gradle.launcher.daemon.bootstrap.GradleDaemon 3.5.1
java_class_path (initial): C:\Users\kondm\.gradle\wrapper\dists\gradle-3.5.1-all\42vjebfdws9pjts3l4bouoq0p\gradle-3.5.1\lib\gradle-launcher-3.5.1.jar
Launcher Type: SUN_STANDARD

Environment Variables:
JAVA_HOME=C:\Program Files\Java\jdk1.8.0_152
CLASSPATH=.;C:\Program Files (x86)\QuickTime\QTSystem\QTJava.zip
PATH=C:\ProgramData\Oracle\Java\javapath;C:\Program Files\Intel\WiFi\bin\;C:\Program Files\Common Files\Intel\WirelessCommon\;C:\Program Files (x86)\Skype\Phone\;C:\FPC\3.0.2\bin\i386-Win32;C:\WINDOWS\system32;C:\WINDOWS;C:\WINDOWS\System32\Wbem;C:\WINDOWS\System32\WindowsPowerShell\v1.0\;C:\Program Files (x86)\NVIDIA Corporation\PhysX\Common;C:\Program Files (x86)\Windows Kits\10\Windows Performance Toolkit\;C:\Program Files (x86)\QuickTime\QTSystem\;C:\WINDOWS\system32;C:\WINDOWS;C:\WINDOWS\System32\Wbem;C:\WINDOWS\System32\WindowsPowerShell\v1.0\;C:\Program Files\Git\cmd;C:\Program Files\Git\mingw64\bin;C:\Program Files\Git\usr\bin;C:\Program Files\MySQL\MySQL Utilities 1.6\;C:\Program Files\Java\jdk1.8.0_152\bin;C:\Program Files\Java\jre1.8.0_152;C:\MinGW\bin;C:\Qt\Qt5.9.1\5.9.1\mingw53_32\bin;C:\Users\kondm\AppData\Local\Programs\MiKTeX 2.9\miktex\bin\x64\;C:\Users\kondm\AppData\Local\GitHubDesktop\bin;
USERNAME=kondm
OS=Windows_NT
PROCESSOR_IDENTIFIER=Intel64 Family 6 Model 94 Stepping 3, GenuineIntel



---------------  S Y S T E M  ---------------

OS: Windows 10.0 , 64 bit Build 16299 (10.0.16299.15)

CPU:total 8 (initial active 8) (4 cores per cpu, 2 threads per core) family 6 model 94 stepping 3, cmov, cx8, fxsr, mmx, sse, sse2, sse3, ssse3, sse4.1, sse4.2, popcnt, avx, avx2, aes, clmul, erms, rtm, 3dnowpref, lzcnt, ht, tsc, tscinvbit, bmi1, bmi2, adx

Memory: 4k page, physical 8284708k(596432k free), swap 10236452k(4124k free)

vm_info: Java HotSpot(TM) 64-Bit Server VM (25.152-b16) for windows-amd64 JRE (1.8.0_152-b16), built on Sep 14 2017 02:29:36 by "java_re" with MS VC++ 10.0 (VS2010)

time: Fri Mar 23 11:40:50 2018
elapsed time: 8 seconds (0d 0h 0m 8s)

