#
# There is insufficient memory for the Java Runtime Environment to continue.
# Native memory allocation (malloc) failed to allocate 1204176 bytes for Chunk::new
# Possible reasons:
#   The system is out of physical RAM or swap space
#   In 32 bit mode, the process size limit was hit
# Possible solutions:
#   Reduce memory load on the system
#   Increase physical memory or swap space
#   Check if swap backing store is full
#   Use 64 bit Java on a 64 bit OS
#   Decrease Java heap size (-Xmx/-Xms)
#   Decrease number of Java threads
#   Decrease Java thread stack sizes (-Xss)
#   Set larger code cache with -XX:ReservedCodeCacheSize=
# This output file may be truncated or incomplete.
#
#  Out of Memory Error (allocation.cpp:390), pid=13260, tid=0x0000000000003f94
#
# JRE version: Java(TM) SE Runtime Environment (8.0_152-b16) (build 1.8.0_152-b16)
# Java VM: Java HotSpot(TM) 64-Bit Server VM (25.152-b16 mixed mode windows-amd64 compressed oops)
# Failed to write core dump. Minidumps are not enabled by default on client versions of Windows
#

---------------  T H R E A D  ---------------

Current thread (0x0000000019d8b000):  JavaThread "C2 CompilerThread0" daemon [_thread_in_native, id=16276, stack(0x000000001a560000,0x000000001a660000)]

Stack: [0x000000001a560000,0x000000001a660000]
[error occurred during error reporting (printing stack bounds), id 0xc0000005]

Native frames: (J=compiled Java code, j=interpreted, Vv=VM code, C=native code)


Current CompileTask:
C2:  79374 4460       4       java.net.URLClassLoader$1::run (5 bytes)


---------------  P R O C E S S  ---------------

Java Threads: ( => current thread )
  0x0000000019ffa000 JavaThread "Cache worker for task history cache (D:\Work\Java\Kodilla\Codes\Module 11\kodilla-course\.gradle\3.5.1\taskHistory)" [_thread_blocked, id=8564, stack(0x0000000022ec0000,0x0000000022fc0000)]
  0x0000000019ff5800 JavaThread "Memory manager" [_thread_blocked, id=11752, stack(0x0000000022dc0000,0x0000000022ec0000)]
  0x0000000019ff6000 JavaThread "Cache worker for Artifact transforms cache (C:\Users\kondm\.gradle\caches\transforms-1)" [_thread_blocked, id=4284, stack(0x000000001fe00000,0x000000001ff00000)]
  0x0000000019ff4000 JavaThread "File lock request listener" [_thread_in_native, id=14456, stack(0x000000001e930000,0x000000001ea30000)]
  0x0000000019ff3000 JavaThread "Cache worker for file hash cache (C:\Users\kondm\.gradle\caches\3.5.1\fileHashes)" [_thread_blocked, id=3520, stack(0x000000001e830000,0x000000001e930000)]
  0x000000001b99e800 JavaThread "Asynchronous log dispatcher for DefaultDaemonConnection: socket connection from /127.0.0.1:51732 to /127.0.0.1:51737" [_thread_blocked, id=13284, stack(0x000000001e530000,0x000000001e630000)]
  0x000000001b99c800 JavaThread "Daemon worker" [_thread_blocked, id=2928, stack(0x000000001e430000,0x000000001e530000)]
  0x000000001ba30800 JavaThread "Cancel handler" [_thread_blocked, id=11568, stack(0x000000001e330000,0x000000001e430000)]
  0x000000001b94a800 JavaThread "Handler for socket connection from /127.0.0.1:51732 to /127.0.0.1:51737" [_thread_in_native, id=12820, stack(0x000000001e030000,0x000000001e130000)]
  0x000000001b948000 JavaThread "Daemon" [_thread_blocked, id=15060, stack(0x000000001df30000,0x000000001e030000)]
  0x000000001ba6e800 JavaThread "Daemon periodic checks" [_thread_blocked, id=13244, stack(0x000000001de30000,0x000000001df30000)]
  0x000000001b917800 JavaThread "Incoming local TCP Connector on port 51732" [_thread_in_native, id=15148, stack(0x000000001d940000,0x000000001da40000)]
  0x000000001bc04800 JavaThread "Daemon health stats" [_thread_blocked, id=9556, stack(0x000000001d640000,0x000000001d740000)]
  0x0000000019dff000 JavaThread "Service Thread" daemon [_thread_blocked, id=15552, stack(0x000000001a960000,0x000000001aa60000)]
  0x0000000019d96000 JavaThread "C1 CompilerThread3" daemon [_thread_blocked, id=15308, stack(0x000000001a860000,0x000000001a960000)]
  0x0000000019d8f800 JavaThread "C2 CompilerThread2" daemon [_thread_blocked, id=6564, stack(0x000000001a760000,0x000000001a860000)]
  0x0000000019d8e800 JavaThread "C2 CompilerThread1" daemon [_thread_blocked, id=14784, stack(0x000000001a660000,0x000000001a760000)]
=>0x0000000019d8b000 JavaThread "C2 CompilerThread0" daemon [_thread_in_native, id=16276, stack(0x000000001a560000,0x000000001a660000)]
  0x0000000019d89000 JavaThread "Attach Listener" daemon [_thread_blocked, id=15184, stack(0x000000001a460000,0x000000001a560000)]
  0x0000000017e5e800 JavaThread "Signal Dispatcher" daemon [_thread_blocked, id=14684, stack(0x000000001a360000,0x000000001a460000)]
  0x0000000019d80800 JavaThread "Finalizer" daemon [_thread_blocked, id=3160, stack(0x000000001a160000,0x000000001a260000)]
  0x0000000005326000 JavaThread "Reference Handler" daemon [_thread_blocked, id=14320, stack(0x0000000019c60000,0x0000000019d60000)]
  0x0000000005233000 JavaThread "main" [_thread_blocked, id=16196, stack(0x0000000005100000,0x0000000005200000)]

Other Threads:
  0x0000000017e49800 VMThread [stack: 0x0000000019b60000,0x0000000019c60000] [id=13236]
  0x0000000019e1b800 WatcherThread [stack: 0x000000001aa60000,0x000000001ab60000] [id=10304]

VM state:not at safepoint (normal execution)

VM Mutex/Monitor currently owned by a thread: None

Heap:
 PSYoungGen      total 144896K, used 86845K [0x00000000eab00000, 0x00000000fc180000, 0x0000000100000000)
  eden space 131072K, 66% used [0x00000000eab00000,0x00000000effcf5d0,0x00000000f2b00000)
  from space 13824K, 0% used [0x00000000f2b00000,0x00000000f2b00000,0x00000000f3880000)
  to   space 13824K, 0% used [0x00000000fb400000,0x00000000fb400000,0x00000000fc180000)
 ParOldGen       total 58880K, used 16161K [0x00000000c0000000, 0x00000000c3980000, 0x00000000eab00000)
  object space 58880K, 27% used [0x00000000c0000000,0x00000000c0fc8660,0x00000000c3980000)
 Metaspace       used 38595K, capacity 39456K, committed 39552K, reserved 1083392K
  class space    used 5454K, capacity 5706K, committed 5760K, reserved 1048576K

Card table byte_map: [0x00000000146f0000,0x0000000014900000] byte_map_base: 0x00000000140f0000

Marking Bits: (ParMarkBitMap*) 0x00000000636f0860
 Begin Bits: [0x0000000015260000, 0x0000000016260000)
 End Bits:   [0x0000000016260000, 0x0000000017260000)

Polling page: 0x0000000000fe0000

CodeCache: size=245760Kb used=14022Kb max_used=14049Kb free=231737Kb
 bounds [0x0000000005330000, 0x0000000006100000, 0x0000000014330000]
 total_blobs=4820 nmethods=4111 adapters=620
 compilation: enabled

Compilation events (10 events):
Event: 78.951 Thread 0x0000000019d96000 nmethod 4455 0x0000000005ca3690 code [0x0000000005ca3800, 0x0000000005ca3ae8]
Event: 78.955 Thread 0x0000000019d96000 4456       1       org.gradle.api.internal.file.collections.DirectoryFileTree::getDir (5 bytes)
Event: 78.955 Thread 0x0000000019d96000 nmethod 4456 0x0000000005ca33d0 code [0x0000000005ca3520, 0x0000000005ca3630]
Event: 78.956 Thread 0x0000000019d96000 4457  s    3       java.io.ExpiringCache::put (70 bytes)
Event: 78.957 Thread 0x0000000019d96000 nmethod 4457 0x0000000005ca2790 code [0x0000000005ca2960, 0x0000000005ca30c8]
Event: 78.957 Thread 0x0000000019d96000 4458       1       org.gradle.api.internal.project.DefaultProject::getName (5 bytes)
Event: 78.957 Thread 0x0000000019d96000 nmethod 4458 0x0000000005ca24d0 code [0x0000000005ca2620, 0x0000000005ca2730]
Event: 78.962 Thread 0x0000000019d96000 4459       3       org.gradle.plugins.ide.idea.model.IdeaModule_Decorated::getConventionMapping (29 bytes)
Event: 78.963 Thread 0x0000000019d96000 nmethod 4459 0x0000000005d6c190 code [0x0000000005d6c340, 0x0000000005d6ca08]
Event: 79.073 Thread 0x0000000019d8b000 4460       4       java.net.URLClassLoader$1::run (5 bytes)

GC Heap History (10 events):
Event: 24.318 GC heap before
{Heap before GC invocations=5 (full 1):
 PSYoungGen      total 71680K, used 4576K [0x00000000eab00000, 0x00000000f3700000, 0x0000000100000000)
  eden space 66560K, 0% used [0x00000000eab00000,0x00000000eab00000,0x00000000eec00000)
  from space 5120K, 89% used [0x00000000ef100000,0x00000000ef578030,0x00000000ef600000)
  to   space 5120K, 0% used [0x00000000eec00000,0x00000000eec00000,0x00000000ef100000)
 ParOldGen       total 87552K, used 9776K [0x00000000c0000000, 0x00000000c5580000, 0x00000000eab00000)
  object space 87552K, 11% used [0x00000000c0000000,0x00000000c098c018,0x00000000c5580000)
 Metaspace       used 20781K, capacity 21134K, committed 21248K, reserved 1067008K
  class space    used 2876K, capacity 3015K, committed 3072K, reserved 1048576K
Event: 24.360 GC heap after
Heap after GC invocations=5 (full 1):
 PSYoungGen      total 71680K, used 0K [0x00000000eab00000, 0x00000000f3700000, 0x0000000100000000)
  eden space 66560K, 0% used [0x00000000eab00000,0x00000000eab00000,0x00000000eec00000)
  from space 5120K, 0% used [0x00000000ef100000,0x00000000ef100000,0x00000000ef600000)
  to   space 5120K, 0% used [0x00000000eec00000,0x00000000eec00000,0x00000000ef100000)
 ParOldGen       total 50688K, used 8557K [0x00000000c0000000, 0x00000000c3180000, 0x00000000eab00000)
  object space 50688K, 16% used [0x00000000c0000000,0x00000000c085b538,0x00000000c3180000)
 Metaspace       used 20781K, capacity 21134K, committed 21248K, reserved 1067008K
  class space    used 2876K, capacity 3015K, committed 3072K, reserved 1048576K
}
Event: 40.019 GC heap before
{Heap before GC invocations=6 (full 1):
 PSYoungGen      total 71680K, used 66560K [0x00000000eab00000, 0x00000000f3700000, 0x0000000100000000)
  eden space 66560K, 100% used [0x00000000eab00000,0x00000000eec00000,0x00000000eec00000)
  from space 5120K, 0% used [0x00000000ef100000,0x00000000ef100000,0x00000000ef600000)
  to   space 5120K, 0% used [0x00000000eec00000,0x00000000eec00000,0x00000000ef100000)
 ParOldGen       total 50688K, used 8557K [0x00000000c0000000, 0x00000000c3180000, 0x00000000eab00000)
  object space 50688K, 16% used [0x00000000c0000000,0x00000000c085b538,0x00000000c3180000)
 Metaspace       used 26978K, capacity 27568K, committed 27776K, reserved 1073152K
  class space    used 3693K, capacity 3869K, committed 3968K, reserved 1048576K
Event: 40.024 GC heap after
Heap after GC invocations=6 (full 1):
 PSYoungGen      total 71680K, used 5106K [0x00000000eab00000, 0x00000000f4500000, 0x0000000100000000)
  eden space 66560K, 0% used [0x00000000eab00000,0x00000000eab00000,0x00000000eec00000)
  from space 5120K, 99% used [0x00000000eec00000,0x00000000ef0fc860,0x00000000ef100000)
  to   space 12800K, 0% used [0x00000000f3880000,0x00000000f3880000,0x00000000f4500000)
 ParOldGen       total 50688K, used 11038K [0x00000000c0000000, 0x00000000c3180000, 0x00000000eab00000)
  object space 50688K, 21% used [0x00000000c0000000,0x00000000c0ac7950,0x00000000c3180000)
 Metaspace       used 26978K, capacity 27568K, committed 27776K, reserved 1073152K
  class space    used 3693K, capacity 3869K, committed 3968K, reserved 1048576K
}
Event: 62.464 GC heap before
{Heap before GC invocations=7 (full 1):
 PSYoungGen      total 71680K, used 71666K [0x00000000eab00000, 0x00000000f4500000, 0x0000000100000000)
  eden space 66560K, 100% used [0x00000000eab00000,0x00000000eec00000,0x00000000eec00000)
  from space 5120K, 99% used [0x00000000eec00000,0x00000000ef0fc860,0x00000000ef100000)
  to   space 12800K, 0% used [0x00000000f3880000,0x00000000f3880000,0x00000000f4500000)
 ParOldGen       total 50688K, used 11038K [0x00000000c0000000, 0x00000000c3180000, 0x00000000eab00000)
  object space 50688K, 21% used [0x00000000c0000000,0x00000000c0ac7950,0x00000000c3180000)
 Metaspace       used 32805K, capacity 33536K, committed 33792K, reserved 1079296K
  class space    used 4528K, capacity 4749K, committed 4864K, reserved 1048576K
Event: 62.475 GC heap after
Heap after GC invocations=7 (full 1):
 PSYoungGen      total 143872K, used 10514K [0x00000000eab00000, 0x00000000f4680000, 0x0000000100000000)
  eden space 131072K, 0% used [0x00000000eab00000,0x00000000eab00000,0x00000000f2b00000)
  from space 12800K, 82% used [0x00000000f3880000,0x00000000f42c4970,0x00000000f4500000)
  to   space 13824K, 0% used [0x00000000f2b00000,0x00000000f2b00000,0x00000000f3880000)
 ParOldGen       total 50688K, used 11046K [0x00000000c0000000, 0x00000000c3180000, 0x00000000eab00000)
  object space 50688K, 21% used [0x00000000c0000000,0x00000000c0ac9950,0x00000000c3180000)
 Metaspace       used 32805K, capacity 33536K, committed 33792K, reserved 1079296K
  class space    used 4528K, capacity 4749K, committed 4864K, reserved 1048576K
}
Event: 65.229 GC heap before
{Heap before GC invocations=8 (full 1):
 PSYoungGen      total 143872K, used 60302K [0x00000000eab00000, 0x00000000f4680000, 0x0000000100000000)
  eden space 131072K, 37% used [0x00000000eab00000,0x00000000edb9eea8,0x00000000f2b00000)
  from space 12800K, 82% used [0x00000000f3880000,0x00000000f42c4970,0x00000000f4500000)
  to   space 13824K, 0% used [0x00000000f2b00000,0x00000000f2b00000,0x00000000f3880000)
 ParOldGen       total 50688K, used 11046K [0x00000000c0000000, 0x00000000c3180000, 0x00000000eab00000)
  object space 50688K, 21% used [0x00000000c0000000,0x00000000c0ac9950,0x00000000c3180000)
 Metaspace       used 34660K, capacity 35352K, committed 35416K, reserved 1079296K
  class space    used 4815K, capacity 5073K, committed 5120K, reserved 1048576K
Event: 65.257 GC heap after
Heap after GC invocations=8 (full 1):
 PSYoungGen      total 144896K, used 9755K [0x00000000eab00000, 0x00000000fc180000, 0x0000000100000000)
  eden space 131072K, 0% used [0x00000000eab00000,0x00000000eab00000,0x00000000f2b00000)
  from space 13824K, 70% used [0x00000000f2b00000,0x00000000f3486f78,0x00000000f3880000)
  to   space 13824K, 0% used [0x00000000fb400000,0x00000000fb400000,0x00000000fc180000)
 ParOldGen       total 50688K, used 11054K [0x00000000c0000000, 0x00000000c3180000, 0x00000000eab00000)
  object space 50688K, 21% used [0x00000000c0000000,0x00000000c0acb950,0x00000000c3180000)
 Metaspace       used 34660K, capacity 35352K, committed 35416K, reserved 1079296K
  class space    used 4815K, capacity 5073K, committed 5120K, reserved 1048576K
}
Event: 65.257 GC heap before
{Heap before GC invocations=9 (full 2):
 PSYoungGen      total 144896K, used 9755K [0x00000000eab00000, 0x00000000fc180000, 0x0000000100000000)
  eden space 131072K, 0% used [0x00000000eab00000,0x00000000eab00000,0x00000000f2b00000)
  from space 13824K, 70% used [0x00000000f2b00000,0x00000000f3486f78,0x00000000f3880000)
  to   space 13824K, 0% used [0x00000000fb400000,0x00000000fb400000,0x00000000fc180000)
 ParOldGen       total 50688K, used 11054K [0x00000000c0000000, 0x00000000c3180000, 0x00000000eab00000)
  object space 50688K, 21% used [0x00000000c0000000,0x00000000c0acb950,0x00000000c3180000)
 Metaspace       used 34660K, capacity 35352K, committed 35416K, reserved 1079296K
  class space    used 4815K, capacity 5073K, committed 5120K, reserved 1048576K
Event: 65.379 GC heap after
Heap after GC invocations=9 (full 2):
 PSYoungGen      total 144896K, used 0K [0x00000000eab00000, 0x00000000fc180000, 0x0000000100000000)
  eden space 131072K, 0% used [0x00000000eab00000,0x00000000eab00000,0x00000000f2b00000)
  from space 13824K, 0% used [0x00000000f2b00000,0x00000000f2b00000,0x00000000f3880000)
  to   space 13824K, 0% used [0x00000000fb400000,0x00000000fb400000,0x00000000fc180000)
 ParOldGen       total 58880K, used 16161K [0x00000000c0000000, 0x00000000c3980000, 0x00000000eab00000)
  object space 58880K, 27% used [0x00000000c0000000,0x00000000c0fc8660,0x00000000c3980000)
 Metaspace       used 34620K, capacity 35232K, committed 35416K, reserved 1079296K
  class space    used 4804K, capacity 5033K, committed 5120K, reserved 1048576K
}

Deoptimization events (10 events):
Event: 75.478 Thread 0x000000001b99c800 Uncommon trap: reason=unstable_if action=reinterpret pc=0x0000000005c10ce8 method=java.lang.String.lastIndexOf([CII[CIII)I @ 118
Event: 75.479 Thread 0x000000001b99c800 Uncommon trap: reason=unstable_if action=reinterpret pc=0x00000000056281f4 method=java.lang.String.lastIndexOf([CII[CIII)I @ 118
Event: 75.490 Thread 0x000000001b99c800 Uncommon trap: reason=class_check action=maybe_recompile pc=0x00000000056e1020 method=org.gradle.internal.logging.text.AbstractLineChoppingStyledTextOutput$StateContext.flushLineText()V @ 98
Event: 75.490 Thread 0x000000001b99c800 Uncommon trap: reason=class_check action=maybe_recompile pc=0x00000000056e1020 method=org.gradle.internal.logging.text.AbstractLineChoppingStyledTextOutput$StateContext.flushLineText()V @ 98
Event: 75.504 Thread 0x000000001b99c800 Uncommon trap: reason=class_check action=maybe_recompile pc=0x0000000005e8173c method=org.gradle.model.internal.type.ModelType.wrap(Ljava/lang/reflect/Type;)Lorg/gradle/model/internal/type/TypeWrapper; @ 33
Event: 75.504 Thread 0x000000001b99c800 Uncommon trap: reason=class_check action=maybe_recompile pc=0x0000000005e817ac method=org.gradle.model.internal.type.ModelType.wrap(Ljava/lang/reflect/Type;)Lorg/gradle/model/internal/type/TypeWrapper; @ 83
Event: 75.505 Thread 0x000000001b99c800 Uncommon trap: reason=class_check action=maybe_recompile pc=0x0000000005e8173c method=org.gradle.model.internal.type.ModelType.wrap(Ljava/lang/reflect/Type;)Lorg/gradle/model/internal/type/TypeWrapper; @ 33
Event: 75.505 Thread 0x000000001b99c800 Uncommon trap: reason=class_check action=maybe_recompile pc=0x0000000005e817ac method=org.gradle.model.internal.type.ModelType.wrap(Ljava/lang/reflect/Type;)Lorg/gradle/model/internal/type/TypeWrapper; @ 83
Event: 77.019 Thread 0x000000001b99c800 Uncommon trap: reason=unstable_if action=reinterpret pc=0x0000000005c77f40 method=java.lang.reflect.AccessibleObject.setAccessible0(Ljava/lang/reflect/AccessibleObject;Z)V @ 23
Event: 77.024 Thread 0x000000001b99c800 Uncommon trap: reason=unstable_if action=reinterpret pc=0x000000000577bc70 method=groovy.lang.MetaClassImpl.filterPropertyMethod(Ljava/lang/Object;ZZ)Ljava/lang/Object; @ 187

Classes redefined (0 events):
No events

Internal exceptions (10 events):
Event: 77.027 Thread 0x000000001b99c800 Exception <a 'java/lang/ClassNotFoundException': org/jetbrains/plugins/gradle/model/ear/EarConfigurationBeanInfo> (0x00000000ee671fd8) thrown at [C:\re\workspace\8-2-build-windows-amd64-cygwin\jdk8u152\9742\hotspot\src\share\vm\classfile\systemDictionary.
Event: 77.028 Thread 0x000000001b99c800 Exception <a 'java/lang/ClassNotFoundException': org/jetbrains/plugins/gradle/model/ear/EarConfigurationCustomizer> (0x00000000ee680818) thrown at [C:\re\workspace\8-2-build-windows-amd64-cygwin\jdk8u152\9742\hotspot\src\share\vm\classfile\systemDictionar
Event: 77.032 Thread 0x000000001b99c800 Exception <a 'java/lang/ClassNotFoundException': org/jetbrains/plugins/gradle/model/scala/ScalaModelBeanInfo> (0x00000000ee6ba3a0) thrown at [C:\re\workspace\8-2-build-windows-amd64-cygwin\jdk8u152\9742\hotspot\src\share\vm\classfile\systemDictionary.cpp,
Event: 77.033 Thread 0x000000001b99c800 Exception <a 'java/lang/ClassNotFoundException': org/jetbrains/plugins/gradle/model/scala/ScalaModelCustomizer> (0x00000000ee6c8610) thrown at [C:\re\workspace\8-2-build-windows-amd64-cygwin\jdk8u152\9742\hotspot\src\share\vm\classfile\systemDictionary.cp
Event: 77.035 Thread 0x000000001b99c800 Exception <a 'java/lang/ClassNotFoundException': org/jetbrains/plugins/gradle/model/ExternalProjectBeanInfo> (0x00000000ee6f1358) thrown at [C:\re\workspace\8-2-build-windows-amd64-cygwin\jdk8u152\9742\hotspot\src\share\vm\classfile\systemDictionary.cpp, 
Event: 77.035 Thread 0x000000001b99c800 Exception <a 'java/lang/ClassNotFoundException': org/jetbrains/plugins/gradle/model/ExternalProjectCustomizer> (0x00000000ee6ff2b8) thrown at [C:\re\workspace\8-2-build-windows-amd64-cygwin\jdk8u152\9742\hotspot\src\share\vm\classfile\systemDictionary.cpp
Event: 77.037 Thread 0x000000001b99c800 Exception <a 'java/lang/ClassNotFoundException': org/jetbrains/plugins/gradle/model/ExternalProjectPreviewBeanInfo> (0x00000000ee73b440) thrown at [C:\re\workspace\8-2-build-windows-amd64-cygwin\jdk8u152\9742\hotspot\src\share\vm\classfile\systemDictionar
Event: 77.038 Thread 0x000000001b99c800 Exception <a 'java/lang/ClassNotFoundException': org/jetbrains/plugins/gradle/model/ExternalProjectPreviewCustomizer> (0x00000000ee74a410) thrown at [C:\re\workspace\8-2-build-windows-amd64-cygwin\jdk8u152\9742\hotspot\src\share\vm\classfile\systemDiction
Event: 77.040 Thread 0x000000001b99c800 Exception <a 'java/lang/ClassNotFoundException': org/jetbrains/plugins/gradle/model/IntelliJProjectSettingsBeanInfo> (0x00000000ee779730) thrown at [C:\re\workspace\8-2-build-windows-amd64-cygwin\jdk8u152\9742\hotspot\src\share\vm\classfile\systemDictiona
Event: 77.041 Thread 0x000000001b99c800 Exception <a 'java/lang/ClassNotFoundException': org/jetbrains/plugins/gradle/model/IntelliJProjectSettingsCustomizer> (0x00000000ee788710) thrown at [C:\re\workspace\8-2-build-windows-amd64-cygwin\jdk8u152\9742\hotspot\src\share\vm\classfile\systemDictio

Events (10 events):
Event: 79.072 loading class org/gradle/api/artifacts/result/ComponentArtifactsResult
Event: 79.072 loading class org/gradle/api/artifacts/result/ComponentArtifactsResult done
Event: 79.072 loading class org/gradle/api/artifacts/result/ComponentResult
Event: 79.072 loading class org/gradle/api/artifacts/result/ComponentResult done
Event: 79.073 loading class org/gradle/api/internal/artifacts/configurations/DetachedConfigurationsProvider
Event: 79.073 loading class org/gradle/api/internal/artifacts/configurations/DetachedConfigurationsProvider done
Event: 79.073 loading class org/gradle/api/internal/artifacts/query/DefaultArtifactResolutionQuery$1
Event: 79.073 loading class org/gradle/api/internal/artifacts/query/DefaultArtifactResolutionQuery$1 done
Event: 79.074 loading class org/gradle/api/artifacts/result/ArtifactResolutionResult
Event: 79.074 loading class org/gradle/api/artifacts/result/ArtifactResolutionResult done


Dynamic libraries:
0x00007ff7e1170000 - 0x00007ff7e11a7000 	C:\Program Files\Java\jdk1.8.0_152\bin\java.exe
0x00007ffb2cbe0000 - 0x00007ffb2cdc0000 	C:\WINDOWS\SYSTEM32\ntdll.dll
0x00007ffb2c750000 - 0x00007ffb2c7fe000 	C:\WINDOWS\System32\KERNEL32.DLL
0x00007ffb28fe0000 - 0x00007ffb29246000 	C:\WINDOWS\System32\KERNELBASE.dll
0x00007ffb2a600000 - 0x00007ffb2a6a1000 	C:\WINDOWS\System32\ADVAPI32.dll
0x00007ffb2a530000 - 0x00007ffb2a5cd000 	C:\WINDOWS\System32\msvcrt.dll
0x00007ffb2cb50000 - 0x00007ffb2cbab000 	C:\WINDOWS\System32\sechost.dll
0x00007ffb2c920000 - 0x00007ffb2ca3f000 	C:\WINDOWS\System32\RPCRT4.dll
0x00007ffb2ada0000 - 0x00007ffb2af2f000 	C:\WINDOWS\System32\USER32.dll
0x00007ffb29610000 - 0x00007ffb29630000 	C:\WINDOWS\System32\win32u.dll
0x00007ffb2a5d0000 - 0x00007ffb2a5f8000 	C:\WINDOWS\System32\GDI32.dll
0x00007ffb29f10000 - 0x00007ffb2a0a3000 	C:\WINDOWS\System32\gdi32full.dll
0x00007ffb292a0000 - 0x00007ffb2933b000 	C:\WINDOWS\System32\msvcp_win.dll
0x00007ffb29510000 - 0x00007ffb29606000 	C:\WINDOWS\System32\ucrtbase.dll
0x00007ffb23b00000 - 0x00007ffb23d69000 	C:\WINDOWS\WinSxS\amd64_microsoft.windows.common-controls_6595b64144ccf1df_6.0.16299.309_none_15cfd4c4935e6b11\COMCTL32.dll
0x00007ffb2a0b0000 - 0x00007ffb2a3b8000 	C:\WINDOWS\System32\combase.dll
0x00007ffb29de0000 - 0x00007ffb29e52000 	C:\WINDOWS\System32\bcryptPrimitives.dll
0x00007ffb2ad70000 - 0x00007ffb2ad9d000 	C:\WINDOWS\System32\IMM32.DLL
0x0000000064740000 - 0x0000000064812000 	C:\Program Files\Java\jdk1.8.0_152\jre\bin\msvcr100.dll
0x0000000062ed0000 - 0x0000000063770000 	C:\Program Files\Java\jdk1.8.0_152\jre\bin\server\jvm.dll
0x00007ffb2a800000 - 0x00007ffb2a808000 	C:\WINDOWS\System32\PSAPI.DLL
0x00007ffb248d0000 - 0x00007ffb248f3000 	C:\WINDOWS\SYSTEM32\WINMM.dll
0x00007ffb27be0000 - 0x00007ffb27be9000 	C:\WINDOWS\SYSTEM32\WSOCK32.dll
0x00007ffb2ca40000 - 0x00007ffb2caac000 	C:\WINDOWS\System32\WS2_32.dll
0x00007ffb246e0000 - 0x00007ffb246ea000 	C:\WINDOWS\SYSTEM32\VERSION.dll
0x00007ffb248a0000 - 0x00007ffb248ca000 	C:\WINDOWS\SYSTEM32\WINMMBASE.dll
0x00007ffb29250000 - 0x00007ffb2929a000 	C:\WINDOWS\System32\cfgmgr32.dll
0x0000000064730000 - 0x000000006473f000 	C:\Program Files\Java\jdk1.8.0_152\jre\bin\verify.dll
0x0000000064700000 - 0x0000000064729000 	C:\Program Files\Java\jdk1.8.0_152\jre\bin\java.dll
0x00000000646e0000 - 0x00000000646f6000 	C:\Program Files\Java\jdk1.8.0_152\jre\bin\zip.dll
0x00007ffb2b060000 - 0x00007ffb2c496000 	C:\WINDOWS\System32\SHELL32.dll
0x00007ffb2c800000 - 0x00007ffb2c8a6000 	C:\WINDOWS\System32\shcore.dll
0x00007ffb29630000 - 0x00007ffb29d77000 	C:\WINDOWS\System32\windows.storage.dll
0x00007ffb2c8b0000 - 0x00007ffb2c901000 	C:\WINDOWS\System32\shlwapi.dll
0x00007ffb28f70000 - 0x00007ffb28f81000 	C:\WINDOWS\System32\kernel.appcore.dll
0x00007ffb28f90000 - 0x00007ffb28fdc000 	C:\WINDOWS\System32\powrprof.dll
0x00007ffb28f50000 - 0x00007ffb28f6b000 	C:\WINDOWS\System32\profapi.dll
0x00000000646c0000 - 0x00000000646da000 	C:\Program Files\Java\jdk1.8.0_152\jre\bin\net.dll
0x00007ffb287c0000 - 0x00007ffb28826000 	C:\WINDOWS\system32\mswsock.dll
0x00000000646a0000 - 0x00000000646b1000 	C:\Program Files\Java\jdk1.8.0_152\jre\bin\nio.dll
0x00007ffb13850000 - 0x00007ffb1386e000 	C:\Users\kondm\.gradle\native\25\windows-amd64\native-platform.dll
0x00007ffb28980000 - 0x00007ffb28997000 	C:\WINDOWS\SYSTEM32\CRYPTSP.dll
0x00007ffb283c0000 - 0x00007ffb283f3000 	C:\WINDOWS\system32\rsaenh.dll
0x00007ffb28a90000 - 0x00007ffb28ab5000 	C:\WINDOWS\SYSTEM32\bcrypt.dll
0x00007ffb28e60000 - 0x00007ffb28e89000 	C:\WINDOWS\SYSTEM32\USERENV.dll
0x00007ffb289a0000 - 0x00007ffb289ab000 	C:\WINDOWS\SYSTEM32\CRYPTBASE.dll
0x00007ffb28550000 - 0x00007ffb28589000 	C:\WINDOWS\SYSTEM32\IPHLPAPI.DLL
0x00007ffb2ad60000 - 0x00007ffb2ad68000 	C:\WINDOWS\System32\NSI.dll
0x00007ffb20c60000 - 0x00007ffb20c76000 	C:\WINDOWS\SYSTEM32\dhcpcsvc6.DLL
0x00007ffb21330000 - 0x00007ffb2134a000 	C:\WINDOWS\SYSTEM32\dhcpcsvc.DLL
0x0000000064690000 - 0x000000006469d000 	C:\Program Files\Java\jdk1.8.0_152\jre\bin\management.dll

VM Arguments:
jvm_args: -XX:MaxPermSize=256m -XX:+HeapDumpOnOutOfMemoryError -Xmx1024m -Dfile.encoding=windows-1250 -Duser.country=PL -Duser.language=pl -Duser.variant 
java_command: org.gradle.launcher.daemon.bootstrap.GradleDaemon 3.5.1
java_class_path (initial): C:\Users\kondm\.gradle\wrapper\dists\gradle-3.5.1-all\42vjebfdws9pjts3l4bouoq0p\gradle-3.5.1\lib\gradle-launcher-3.5.1.jar
Launcher Type: SUN_STANDARD

Environment Variables:
JAVA_HOME=C:\Program Files\Java\jdk1.8.0_152
CLASSPATH=.;C:\Program Files (x86)\QuickTime\QTSystem\QTJava.zip
PATH=C:\ProgramData\Oracle\Java\javapath;C:\Program Files\Intel\WiFi\bin\;C:\Program Files\Common Files\Intel\WirelessCommon\;C:\Program Files (x86)\Skype\Phone\;C:\FPC\3.0.2\bin\i386-Win32;C:\WINDOWS\system32;C:\WINDOWS;C:\WINDOWS\System32\Wbem;C:\WINDOWS\System32\WindowsPowerShell\v1.0\;C:\Program Files (x86)\NVIDIA Corporation\PhysX\Common;C:\Program Files (x86)\Windows Kits\10\Windows Performance Toolkit\;C:\Program Files (x86)\QuickTime\QTSystem\;C:\WINDOWS\system32;C:\WINDOWS;C:\WINDOWS\System32\Wbem;C:\WINDOWS\System32\WindowsPowerShell\v1.0\;C:\Program Files\Git\cmd;C:\Program Files\Git\mingw64\bin;C:\Program Files\Git\usr\bin;C:\Program Files\MySQL\MySQL Utilities 1.6\;C:\Program Files\Java\jdk1.8.0_152\bin;C:\Program Files\Java\jre1.8.0_152;C:\MinGW\bin;C:\Qt\Qt5.9.1\5.9.1\mingw53_32\bin;C:\Users\kondm\AppData\Local\Programs\MiKTeX 2.9\miktex\bin\x64\;C:\Users\kondm\AppData\Local\GitHubDesktop\bin;
USERNAME=kondm
OS=Windows_NT
PROCESSOR_IDENTIFIER=Intel64 Family 6 Model 94 Stepping 3, GenuineIntel



---------------  S Y S T E M  ---------------

OS: Windows 10.0 , 64 bit Build 16299 (10.0.16299.15)

CPU:total 8 (initial active 8) (4 cores per cpu, 2 threads per core) family 6 model 94 stepping 3, cmov, cx8, fxsr, mmx, sse, sse2, sse3, ssse3, sse4.1, sse4.2, popcnt, avx, avx2, aes, clmul, erms, rtm, 3dnowpref, lzcnt, ht, tsc, tscinvbit, bmi1, bmi2, adx

Memory: 4k page, physical 8284708k(912676k free), swap 10236452k(9280k free)

vm_info: Java HotSpot(TM) 64-Bit Server VM (25.152-b16) for windows-amd64 JRE (1.8.0_152-b16), built on Sep 14 2017 02:29:36 by "java_re" with MS VC++ 10.0 (VS2010)

time: Sat Mar 17 15:12:56 2018
elapsed time: 79 seconds (0d 0h 1m 19s)

