#
# There is insufficient memory for the Java Runtime Environment to continue.
# Native memory allocation (malloc) failed to allocate 1966096 bytes for Chunk::new
# Possible reasons:
#   The system is out of physical RAM or swap space
#   In 32 bit mode, the process size limit was hit
# Possible solutions:
#   Reduce memory load on the system
#   Increase physical memory or swap space
#   Check if swap backing store is full
#   Use 64 bit Java on a 64 bit OS
#   Decrease Java heap size (-Xmx/-Xms)
#   Decrease number of Java threads
#   Decrease Java thread stack sizes (-Xss)
#   Set larger code cache with -XX:ReservedCodeCacheSize=
# This output file may be truncated or incomplete.
#
#  Out of Memory Error (allocation.cpp:390), pid=14560, tid=0x0000000000003bd4
#
# JRE version: Java(TM) SE Runtime Environment (8.0_152-b16) (build 1.8.0_152-b16)
# Java VM: Java HotSpot(TM) 64-Bit Server VM (25.152-b16 mixed mode windows-amd64 compressed oops)
# Failed to write core dump. Minidumps are not enabled by default on client versions of Windows
#

---------------  T H R E A D  ---------------

Current thread (0x00000000197a4800):  JavaThread "C2 CompilerThread2" daemon [_thread_in_native, id=15316, stack(0x000000001a270000,0x000000001a370000)]

Stack: [0x000000001a270000,0x000000001a370000]
[error occurred during error reporting (printing stack bounds), id 0xc0000005]

Native frames: (J=compiled Java code, j=interpreted, Vv=VM code, C=native code)


Current CompileTask:
C2:  20817 4970   !   4       io.spring.gradle.dependencymanagement.org.codehaus.plexus.interpolation.StringSearchInterpolator::interpolate (665 bytes)


---------------  P R O C E S S  ---------------

Java Threads: ( => current thread )
  0x000000001be45800 JavaThread "Cache worker for task history cache (D:\Work\Java\Kodilla\Codes\Module 13\kodilla-course\.gradle\3.5.1\taskHistory)" [_thread_blocked, id=11440, stack(0x0000000022670000,0x0000000022770000)]
  0x000000001be45000 JavaThread "Memory manager" [_thread_blocked, id=12620, stack(0x00000000220c0000,0x00000000221c0000)]
  0x000000001be41000 JavaThread "Cache worker for Artifact transforms cache (C:\Users\kondm\.gradle\caches\transforms-1)" [_thread_blocked, id=10604, stack(0x000000001f940000,0x000000001fa40000)]
  0x000000001be44000 JavaThread "File lock request listener" [_thread_in_native, id=11292, stack(0x000000001e470000,0x000000001e570000)]
  0x000000001be43800 JavaThread "Cache worker for file hash cache (C:\Users\kondm\.gradle\caches\3.5.1\fileHashes)" [_thread_blocked, id=15252, stack(0x000000001e370000,0x000000001e470000)]
  0x000000001b551000 JavaThread "Stdin handler" [_thread_blocked, id=9224, stack(0x000000001e270000,0x000000001e370000)]
  0x000000001b55d800 JavaThread "Asynchronous log dispatcher for DefaultDaemonConnection: socket connection from /127.0.0.1:51599 to /127.0.0.1:51600" [_thread_blocked, id=13360, stack(0x000000001e170000,0x000000001e270000)]
  0x000000001b54d800 JavaThread "Daemon worker" [_thread_in_Java, id=3116, stack(0x000000001df70000,0x000000001e070000)]
  0x000000001b560000 JavaThread "Cancel handler" [_thread_blocked, id=8420, stack(0x000000001de70000,0x000000001df70000)]
  0x000000001b665800 JavaThread "Handler for socket connection from /127.0.0.1:51599 to /127.0.0.1:51600" [_thread_in_native, id=11236, stack(0x000000001db70000,0x000000001dc70000)]
  0x000000001b770000 JavaThread "Daemon" [_thread_blocked, id=13956, stack(0x000000001da70000,0x000000001db70000)]
  0x000000001b72a000 JavaThread "Daemon periodic checks" [_thread_blocked, id=10284, stack(0x000000001d970000,0x000000001da70000)]
  0x000000001b7fd000 JavaThread "Incoming local TCP Connector on port 51599" [_thread_in_native, id=12592, stack(0x000000001d480000,0x000000001d580000)]
  0x000000001b466000 JavaThread "Daemon health stats" [_thread_blocked, id=6964, stack(0x000000001ce10000,0x000000001cf10000)]
  0x0000000019838800 JavaThread "Service Thread" daemon [_thread_blocked, id=8068, stack(0x000000001a470000,0x000000001a570000)]
  0x00000000197a8800 JavaThread "C1 CompilerThread3" daemon [_thread_blocked, id=7504, stack(0x000000001a370000,0x000000001a470000)]
=>0x00000000197a4800 JavaThread "C2 CompilerThread2" daemon [_thread_in_native, id=15316, stack(0x000000001a270000,0x000000001a370000)]
  0x00000000197a4000 JavaThread "C2 CompilerThread1" daemon [_thread_in_native, id=14892, stack(0x000000001a170000,0x000000001a270000)]
  0x000000001979e800 JavaThread "C2 CompilerThread0" daemon [_thread_in_vm, id=6984, stack(0x000000001a070000,0x000000001a170000)]
  0x000000001979a000 JavaThread "Attach Listener" daemon [_thread_blocked, id=4060, stack(0x0000000019f70000,0x000000001a070000)]
  0x0000000019798800 JavaThread "Signal Dispatcher" daemon [_thread_blocked, id=7848, stack(0x0000000019e70000,0x0000000019f70000)]
  0x0000000019791800 JavaThread "Finalizer" daemon [_thread_blocked, id=2796, stack(0x0000000019b70000,0x0000000019c70000)]
  0x0000000004d66000 JavaThread "Reference Handler" daemon [_thread_blocked, id=8620, stack(0x0000000019670000,0x0000000019770000)]
  0x0000000004c73000 JavaThread "main" [_thread_blocked, id=13856, stack(0x0000000004b70000,0x0000000004c70000)]

Other Threads:
  0x0000000017889800 VMThread [stack: 0x0000000019570000,0x0000000019670000] [id=5380]
  0x0000000019851800 WatcherThread [stack: 0x000000001a570000,0x000000001a670000] [id=244]

VM state:not at safepoint (normal execution)

VM Mutex/Monitor currently owned by a thread: None

Heap:
 PSYoungGen      total 82432K, used 68428K [0x00000000eab00000, 0x00000000f1b80000, 0x0000000100000000)
  eden space 68096K, 88% used [0x00000000eab00000,0x00000000ee60b210,0x00000000eed80000)
  from space 14336K, 55% used [0x00000000eed80000,0x00000000ef548010,0x00000000efb80000)
  to   space 13824K, 0% used [0x00000000f0e00000,0x00000000f0e00000,0x00000000f1b80000)
 ParOldGen       total 117248K, used 21644K [0x00000000c0000000, 0x00000000c7280000, 0x00000000eab00000)
  object space 117248K, 18% used [0x00000000c0000000,0x00000000c1523328,0x00000000c7280000)
 Metaspace       used 37676K, capacity 38746K, committed 38872K, reserved 1083392K
  class space    used 5300K, capacity 5562K, committed 5592K, reserved 1048576K

Card table byte_map: [0x0000000014130000,0x0000000014340000] byte_map_base: 0x0000000013b30000

Marking Bits: (ParMarkBitMap*) 0x000000005b1b0860
 Begin Bits: [0x0000000014ca0000, 0x0000000015ca0000)
 End Bits:   [0x0000000015ca0000, 0x0000000016ca0000)

Polling page: 0x0000000002e90000

CodeCache: size=245760Kb used=17866Kb max_used=17867Kb free=227893Kb
 bounds [0x0000000004d70000, 0x0000000005f00000, 0x0000000013d70000]
 total_blobs=5856 nmethods=5156 adapters=611
 compilation: enabled

Compilation events (10 events):
Event: 20.789 Thread 0x00000000197a8800 5560   !   3       io.spring.gradle.dependencymanagement.org.apache.maven.model.Build::clone (115 bytes)
Event: 20.791 Thread 0x00000000197a8800 nmethod 5560 0x0000000005ef1b90 code [0x0000000005ef1e60, 0x0000000005ef32d8]
Event: 20.793 Thread 0x00000000197a8800 5561       3       java.util.regex.Pattern$BnM::match (161 bytes)
Event: 20.794 Thread 0x00000000197a8800 nmethod 5561 0x0000000005ec7ed0 code [0x0000000005ec80a0, 0x0000000005ec8818]
Event: 20.796 Thread 0x00000000197a4000 nmethod 5549 0x0000000005ef6fd0 code [0x0000000005ef7140, 0x0000000005ef77d8]
Event: 20.796 Thread 0x00000000197a4000 5551       4       io.spring.gradle.dependencymanagement.org.codehaus.plexus.interpolation.PrefixedValueSourceWrapper::getValue (39 bytes)
Event: 20.796 Thread 0x00000000197a8800 5562       1       io.spring.gradle.dependencymanagement.org.apache.maven.model.Model::getPomFile (5 bytes)
Event: 20.796 Thread 0x00000000197a8800 nmethod 5562 0x0000000005eca750 code [0x0000000005eca8a0, 0x0000000005eca9b0]
Event: 20.802 Thread 0x00000000197a8800 5563       3       io.spring.gradle.dependencymanagement.org.apache.maven.model.management.DefaultDependencyManagementInjector$ManagementModelMerger::mergeManagedDependencies (151 bytes)
Event: 20.804 Thread 0x00000000197a8800 nmethod 5563 0x0000000005ef4290 code [0x0000000005ef45c0, 0x0000000005ef6168]

GC Heap History (10 events):
Event: 9.888 GC heap before
{Heap before GC invocations=9 (full 1):
 PSYoungGen      total 55296K, used 51974K [0x00000000eab00000, 0x00000000efa00000, 0x0000000100000000)
  eden space 44032K, 100% used [0x00000000eab00000,0x00000000ed600000,0x00000000ed600000)
  from space 11264K, 70% used [0x00000000ed600000,0x00000000eddc1be8,0x00000000ee100000)
  to   space 11264K, 0% used [0x00000000eef00000,0x00000000eef00000,0x00000000efa00000)
 ParOldGen       total 70144K, used 10039K [0x00000000c0000000, 0x00000000c4480000, 0x00000000eab00000)
  object space 70144K, 14% used [0x00000000c0000000,0x00000000c09cdfc0,0x00000000c4480000)
 Metaspace       used 31693K, capacity 32346K, committed 32640K, reserved 1077248K
  class space    used 4494K, capacity 4712K, committed 4736K, reserved 1048576K
Event: 9.898 GC heap after
Heap after GC invocations=9 (full 1):
 PSYoungGen      total 69120K, used 8579K [0x00000000eab00000, 0x00000000efb80000, 0x0000000100000000)
  eden space 57856K, 0% used [0x00000000eab00000,0x00000000eab00000,0x00000000ee380000)
  from space 11264K, 76% used [0x00000000eef00000,0x00000000ef760cf0,0x00000000efa00000)
  to   space 11776K, 0% used [0x00000000ee380000,0x00000000ee380000,0x00000000eef00000)
 ParOldGen       total 70144K, used 10047K [0x00000000c0000000, 0x00000000c4480000, 0x00000000eab00000)
  object space 70144K, 14% used [0x00000000c0000000,0x00000000c09cffc0,0x00000000c4480000)
 Metaspace       used 31693K, capacity 32346K, committed 32640K, reserved 1077248K
  class space    used 4494K, capacity 4712K, committed 4736K, reserved 1048576K
}
Event: 13.751 GC heap before
{Heap before GC invocations=10 (full 1):
 PSYoungGen      total 69120K, used 61554K [0x00000000eab00000, 0x00000000efb80000, 0x0000000100000000)
  eden space 57856K, 91% used [0x00000000eab00000,0x00000000edebbef8,0x00000000ee380000)
  from space 11264K, 76% used [0x00000000eef00000,0x00000000ef760cf0,0x00000000efa00000)
  to   space 11776K, 0% used [0x00000000ee380000,0x00000000ee380000,0x00000000eef00000)
 ParOldGen       total 70144K, used 10047K [0x00000000c0000000, 0x00000000c4480000, 0x00000000eab00000)
  object space 70144K, 14% used [0x00000000c0000000,0x00000000c09cffc0,0x00000000c4480000)
 Metaspace       used 34301K, capacity 35352K, committed 35416K, reserved 1079296K
  class space    used 4910K, capacity 5145K, committed 5208K, reserved 1048576K
Event: 13.767 GC heap after
Heap after GC invocations=10 (full 1):
 PSYoungGen      total 69632K, used 11764K [0x00000000eab00000, 0x00000000f0b00000, 0x0000000100000000)
  eden space 57856K, 0% used [0x00000000eab00000,0x00000000eab00000,0x00000000ee380000)
  from space 11776K, 99% used [0x00000000ee380000,0x00000000eeefd050,0x00000000eef00000)
  to   space 14848K, 0% used [0x00000000efc80000,0x00000000efc80000,0x00000000f0b00000)
 ParOldGen       total 70144K, used 13496K [0x00000000c0000000, 0x00000000c4480000, 0x00000000eab00000)
  object space 70144K, 19% used [0x00000000c0000000,0x00000000c0d2e3c8,0x00000000c4480000)
 Metaspace       used 34301K, capacity 35352K, committed 35416K, reserved 1079296K
  class space    used 4910K, capacity 5145K, committed 5208K, reserved 1048576K
}
Event: 13.767 GC heap before
{Heap before GC invocations=11 (full 2):
 PSYoungGen      total 69632K, used 11764K [0x00000000eab00000, 0x00000000f0b00000, 0x0000000100000000)
  eden space 57856K, 0% used [0x00000000eab00000,0x00000000eab00000,0x00000000ee380000)
  from space 11776K, 99% used [0x00000000ee380000,0x00000000eeefd050,0x00000000eef00000)
  to   space 14848K, 0% used [0x00000000efc80000,0x00000000efc80000,0x00000000f0b00000)
 ParOldGen       total 70144K, used 13496K [0x00000000c0000000, 0x00000000c4480000, 0x00000000eab00000)
  object space 70144K, 19% used [0x00000000c0000000,0x00000000c0d2e3c8,0x00000000c4480000)
 Metaspace       used 34301K, capacity 35352K, committed 35416K, reserved 1079296K
  class space    used 4910K, capacity 5145K, committed 5208K, reserved 1048576K
Event: 13.870 GC heap after
Heap after GC invocations=11 (full 2):
 PSYoungGen      total 69632K, used 0K [0x00000000eab00000, 0x00000000f0b00000, 0x0000000100000000)
  eden space 57856K, 0% used [0x00000000eab00000,0x00000000eab00000,0x00000000ee380000)
  from space 11776K, 0% used [0x00000000ee380000,0x00000000ee380000,0x00000000eef00000)
  to   space 14848K, 0% used [0x00000000efc80000,0x00000000efc80000,0x00000000f0b00000)
 ParOldGen       total 117248K, used 21628K [0x00000000c0000000, 0x00000000c7280000, 0x00000000eab00000)
  object space 117248K, 18% used [0x00000000c0000000,0x00000000c151f328,0x00000000c7280000)
 Metaspace       used 34301K, capacity 35352K, committed 35416K, reserved 1079296K
  class space    used 4910K, capacity 5145K, committed 5208K, reserved 1048576K
}
Event: 19.853 GC heap before
{Heap before GC invocations=12 (full 2):
 PSYoungGen      total 69632K, used 57856K [0x00000000eab00000, 0x00000000f0b00000, 0x0000000100000000)
  eden space 57856K, 100% used [0x00000000eab00000,0x00000000ee380000,0x00000000ee380000)
  from space 11776K, 0% used [0x00000000ee380000,0x00000000ee380000,0x00000000eef00000)
  to   space 14848K, 0% used [0x00000000efc80000,0x00000000efc80000,0x00000000f0b00000)
 ParOldGen       total 117248K, used 21628K [0x00000000c0000000, 0x00000000c7280000, 0x00000000eab00000)
  object space 117248K, 18% used [0x00000000c0000000,0x00000000c151f328,0x00000000c7280000)
 Metaspace       used 37172K, capacity 38160K, committed 38360K, reserved 1081344K
  class space    used 5290K, capacity 5523K, committed 5592K, reserved 1048576K
Event: 19.859 GC heap after
Heap after GC invocations=12 (full 2):
 PSYoungGen      total 81408K, used 7307K [0x00000000eab00000, 0x00000000f0980000, 0x0000000100000000)
  eden space 68096K, 0% used [0x00000000eab00000,0x00000000eab00000,0x00000000eed80000)
  from space 13312K, 54% used [0x00000000efc80000,0x00000000f03a2d38,0x00000000f0980000)
  to   space 14336K, 0% used [0x00000000eed80000,0x00000000eed80000,0x00000000efb80000)
 ParOldGen       total 117248K, used 21636K [0x00000000c0000000, 0x00000000c7280000, 0x00000000eab00000)
  object space 117248K, 18% used [0x00000000c0000000,0x00000000c1521328,0x00000000c7280000)
 Metaspace       used 37172K, capacity 38160K, committed 38360K, reserved 1081344K
  class space    used 5290K, capacity 5523K, committed 5592K, reserved 1048576K
}
Event: 20.188 GC heap before
{Heap before GC invocations=13 (full 2):
 PSYoungGen      total 81408K, used 75403K [0x00000000eab00000, 0x00000000f0980000, 0x0000000100000000)
  eden space 68096K, 100% used [0x00000000eab00000,0x00000000eed80000,0x00000000eed80000)
  from space 13312K, 54% used [0x00000000efc80000,0x00000000f03a2d38,0x00000000f0980000)
  to   space 14336K, 0% used [0x00000000eed80000,0x00000000eed80000,0x00000000efb80000)
 ParOldGen       total 117248K, used 21636K [0x00000000c0000000, 0x00000000c7280000, 0x00000000eab00000)
  object space 117248K, 18% used [0x00000000c0000000,0x00000000c1521328,0x00000000c7280000)
 Metaspace       used 37375K, capacity 38414K, committed 38616K, reserved 1083392K
  class space    used 5295K, capacity 5560K, committed 5592K, reserved 1048576K
Event: 20.198 GC heap after
Heap after GC invocations=13 (full 2):
 PSYoungGen      total 82432K, used 7968K [0x00000000eab00000, 0x00000000f1b80000, 0x0000000100000000)
  eden space 68096K, 0% used [0x00000000eab00000,0x00000000eab00000,0x00000000eed80000)
  from space 14336K, 55% used [0x00000000eed80000,0x00000000ef548010,0x00000000efb80000)
  to   space 13824K, 0% used [0x00000000f0e00000,0x00000000f0e00000,0x00000000f1b80000)
 ParOldGen       total 117248K, used 21644K [0x00000000c0000000, 0x00000000c7280000, 0x00000000eab00000)
  object space 117248K, 18% used [0x00000000c0000000,0x00000000c1523328,0x00000000c7280000)
 Metaspace       used 37375K, capacity 38414K, committed 38616K, reserved 1083392K
  class space    used 5295K, capacity 5560K, committed 5592K, reserved 1048576K
}

Deoptimization events (10 events):
Event: 19.983 Thread 0x000000001b54d800 Uncommon trap: reason=unstable_if action=reinterpret pc=0x0000000005bacb18 method=io.spring.gradle.dependencymanagement.org.codehaus.plexus.util.xml.pull.MXParser.nextImpl()I @ 200
Event: 19.986 Thread 0x000000001b54d800 Uncommon trap: reason=unstable_if action=reinterpret pc=0x0000000005c5cfb0 method=io.spring.gradle.dependencymanagement.org.codehaus.plexus.util.xml.pull.MXParser.nextTag()I @ 10
Event: 20.079 Thread 0x000000001b54d800 Uncommon trap: reason=unstable_if action=reinterpret pc=0x0000000005baf330 method=io.spring.gradle.dependencymanagement.org.codehaus.plexus.util.xml.pull.MXParser.isS(C)Z @ 15
Event: 20.090 Thread 0x000000001b54d800 Uncommon trap: reason=unstable_if action=reinterpret pc=0x0000000005c6800c method=java.lang.String.trim()Ljava/lang/String; @ 63
Event: 20.121 Thread 0x000000001b54d800 Uncommon trap: reason=unstable_if action=reinterpret pc=0x0000000005bed828 method=java.util.regex.Pattern.compile()V @ 126
Event: 20.121 Thread 0x000000001b54d800 Uncommon trap: reason=unstable_if action=reinterpret pc=0x0000000005339390 method=java.util.regex.Pattern.has(I)Z @ 6
Event: 20.225 Thread 0x000000001b54d800 Uncommon trap: reason=unstable_if action=reinterpret pc=0x0000000005d111d8 method=io.spring.gradle.dependencymanagement.org.codehaus.plexus.util.xml.pull.MXParser.nextImpl()I @ 280
Event: 20.488 Thread 0x000000001b54d800 Uncommon trap: reason=unstable_if action=reinterpret pc=0x0000000005c0ef10 method=java.util.HashMap.removeNode(ILjava/lang/Object;Ljava/lang/Object;ZZ)Ljava/util/HashMap$Node; @ 133
Event: 20.488 Thread 0x000000001b54d800 Uncommon trap: reason=unstable_if action=reinterpret pc=0x0000000005b5b5c0 method=java.util.HashMap.removeNode(ILjava/lang/Object;Ljava/lang/Object;ZZ)Ljava/util/HashMap$Node; @ 133
Event: 20.652 Thread 0x000000001b54d800 Uncommon trap: reason=unstable_if action=reinterpret pc=0x0000000005e6ee00 method=com.esotericsoftware.kryo.io.Input.readUtf8(I)V @ 48

Classes redefined (0 events):
No events

Internal exceptions (10 events):
Event: 14.052 Thread 0x000000001b54d800 Exception <a 'java/lang/ClassNotFoundException': org/jetbrains/plugins/gradle/model/ExternalProjectCustomizer> (0x00000000eb6ccb40) thrown at [C:\re\workspace\8-2-build-windows-amd64-cygwin\jdk8u152\9742\hotspot\src\share\vm\classfile\systemDictionary.cpp
Event: 14.054 Thread 0x000000001b54d800 Exception <a 'java/lang/ClassNotFoundException': org/jetbrains/plugins/gradle/model/ExternalProjectPreviewBeanInfo> (0x00000000eb708cc8) thrown at [C:\re\workspace\8-2-build-windows-amd64-cygwin\jdk8u152\9742\hotspot\src\share\vm\classfile\systemDictionar
Event: 14.055 Thread 0x000000001b54d800 Exception <a 'java/lang/ClassNotFoundException': org/jetbrains/plugins/gradle/model/ExternalProjectPreviewCustomizer> (0x00000000eb717c98) thrown at [C:\re\workspace\8-2-build-windows-amd64-cygwin\jdk8u152\9742\hotspot\src\share\vm\classfile\systemDiction
Event: 14.057 Thread 0x000000001b54d800 Exception <a 'java/lang/ClassNotFoundException': org/jetbrains/plugins/gradle/model/IntelliJProjectSettingsBeanInfo> (0x00000000eb746dd8) thrown at [C:\re\workspace\8-2-build-windows-amd64-cygwin\jdk8u152\9742\hotspot\src\share\vm\classfile\systemDictiona
Event: 14.057 Thread 0x000000001b54d800 Exception <a 'java/lang/ClassNotFoundException': org/jetbrains/plugins/gradle/model/IntelliJProjectSettingsCustomizer> (0x00000000eb756620) thrown at [C:\re\workspace\8-2-build-windows-amd64-cygwin\jdk8u152\9742\hotspot\src\share\vm\classfile\systemDictio
Event: 19.379 Thread 0x000000001b54d800 Exception <a 'java/lang/ClassNotFoundException': org/gradle/api/internal/artifacts/configurations/DefaultConfiguration_DecoratedBeanInfo> (0x00000000ecc0f3e8) thrown at [C:\re\workspace\8-2-build-windows-amd64-cygwin\jdk8u152\9742\hotspot\src\share\vm\cla
Event: 19.379 Thread 0x000000001b54d800 Exception <a 'java/lang/ClassNotFoundException': org/gradle/api/internal/artifacts/configurations/DefaultConfigurationBeanInfo> (0x00000000ecc395f8) thrown at [C:\re\workspace\8-2-build-windows-amd64-cygwin\jdk8u152\9742\hotspot\src\share\vm\classfile\sys
Event: 19.380 Thread 0x000000001b54d800 Exception <a 'java/lang/ClassNotFoundException': org/gradle/api/internal/artifacts/configurations/DefaultConfigurationCustomizer> (0x00000000ecc63f88) thrown at [C:\re\workspace\8-2-build-windows-amd64-cygwin\jdk8u152\9742\hotspot\src\share\vm\classfile\s
Event: 19.382 Thread 0x000000001b54d800 Exception <a 'java/lang/ClassNotFoundException': org/gradle/api/internal/artifacts/configurations/DefaultConfiguration_DecoratedCustomizer> (0x00000000eccf41a0) thrown at [C:\re\workspace\8-2-build-windows-amd64-cygwin\jdk8u152\9742\hotspot\src\share\vm\c
Event: 19.664 Thread 0x000000001b54d800 Implicit null exception at 0x0000000005b943d0 to 0x0000000005b957f1

Events (10 events):
Event: 20.488 Thread 0x000000001b54d800 DEOPT UNPACKING pc=0x0000000004db582a sp=0x000000001e06b560 mode 2
Event: 20.488 loading class org/gradle/api/internal/artifacts/ExcludeRuleNotationConverter
Event: 20.488 loading class org/gradle/api/internal/artifacts/ExcludeRuleNotationConverter done
Event: 20.489 loading class org/gradle/api/internal/artifacts/DefaultExcludeRule
Event: 20.489 loading class org/gradle/api/internal/artifacts/DefaultExcludeRule done
Event: 20.652 Thread 0x000000001b54d800 Uncommon trap: trap_request=0xffffff65 fr.pc=0x0000000005e6ee00
Event: 20.652 Thread 0x000000001b54d800 DEOPT PACKING pc=0x0000000005e6ee00 sp=0x000000001e069fe0
Event: 20.652 Thread 0x000000001b54d800 DEOPT UNPACKING pc=0x0000000004db582a sp=0x000000001e069f78 mode 2
Event: 20.667 Executing VM operation: ForceSafepoint
Event: 20.667 Executing VM operation: ForceSafepoint done


Dynamic libraries:
0x00007ff6003f0000 - 0x00007ff600427000 	C:\Program Files\Java\jdk1.8.0_152\bin\java.exe
0x00007ffd03880000 - 0x00007ffd03a60000 	C:\WINDOWS\SYSTEM32\ntdll.dll
0x00007ffd01300000 - 0x00007ffd013ae000 	C:\WINDOWS\System32\KERNEL32.DLL
0x00007ffcffe40000 - 0x00007ffd000a6000 	C:\WINDOWS\System32\KERNELBASE.dll
0x00007ffd01010000 - 0x00007ffd010b1000 	C:\WINDOWS\System32\ADVAPI32.dll
0x00007ffd037b0000 - 0x00007ffd0384d000 	C:\WINDOWS\System32\msvcrt.dll
0x00007ffd036d0000 - 0x00007ffd0372b000 	C:\WINDOWS\System32\sechost.dll
0x00007ffd01a70000 - 0x00007ffd01b8f000 	C:\WINDOWS\System32\RPCRT4.dll
0x00007ffd01ca0000 - 0x00007ffd01e2f000 	C:\WINDOWS\System32\USER32.dll
0x00007ffcffc80000 - 0x00007ffcffca0000 	C:\WINDOWS\System32\win32u.dll
0x00007ffd01200000 - 0x00007ffd01228000 	C:\WINDOWS\System32\GDI32.dll
0x00007ffcffca0000 - 0x00007ffcffe33000 	C:\WINDOWS\System32\gdi32full.dll
0x00007ffd00850000 - 0x00007ffd008eb000 	C:\WINDOWS\System32\msvcp_win.dll
0x00007ffd00bd0000 - 0x00007ffd00cc6000 	C:\WINDOWS\System32\ucrtbase.dll
0x00007ffcf9000000 - 0x00007ffcf9269000 	C:\WINDOWS\WinSxS\amd64_microsoft.windows.common-controls_6595b64144ccf1df_6.0.16299.309_none_15cfd4c4935e6b11\COMCTL32.dll
0x00007ffd015f0000 - 0x00007ffd018f8000 	C:\WINDOWS\System32\combase.dll
0x00007ffd00cd0000 - 0x00007ffd00d42000 	C:\WINDOWS\System32\bcryptPrimitives.dll
0x00007ffd012d0000 - 0x00007ffd012fd000 	C:\WINDOWS\System32\IMM32.DLL
0x000000005b230000 - 0x000000005b302000 	C:\Program Files\Java\jdk1.8.0_152\jre\bin\msvcr100.dll
0x000000005a990000 - 0x000000005b230000 	C:\Program Files\Java\jdk1.8.0_152\jre\bin\server\jvm.dll
0x00007ffd036c0000 - 0x00007ffd036c8000 	C:\WINDOWS\System32\PSAPI.DLL
0x00007ffcfeec0000 - 0x00007ffcfeec9000 	C:\WINDOWS\SYSTEM32\WSOCK32.dll
0x00007ffcfd9f0000 - 0x00007ffcfda13000 	C:\WINDOWS\SYSTEM32\WINMM.dll
0x00007ffcfba60000 - 0x00007ffcfba6a000 	C:\WINDOWS\SYSTEM32\VERSION.dll
0x00007ffd01130000 - 0x00007ffd0119c000 	C:\WINDOWS\System32\WS2_32.dll
0x00007ffcfd910000 - 0x00007ffcfd93a000 	C:\WINDOWS\SYSTEM32\winmmbase.dll
0x00007ffd00800000 - 0x00007ffd0084a000 	C:\WINDOWS\System32\cfgmgr32.dll
0x000000005c060000 - 0x000000005c06f000 	C:\Program Files\Java\jdk1.8.0_152\jre\bin\verify.dll
0x000000005c030000 - 0x000000005c059000 	C:\Program Files\Java\jdk1.8.0_152\jre\bin\java.dll
0x000000005c010000 - 0x000000005c026000 	C:\Program Files\Java\jdk1.8.0_152\jre\bin\zip.dll
0x00007ffd01e30000 - 0x00007ffd03266000 	C:\WINDOWS\System32\SHELL32.dll
0x00007ffd01bf0000 - 0x00007ffd01c96000 	C:\WINDOWS\System32\shcore.dll
0x00007ffd000b0000 - 0x00007ffd007f7000 	C:\WINDOWS\System32\windows.storage.dll
0x00007ffd011a0000 - 0x00007ffd011f1000 	C:\WINDOWS\System32\shlwapi.dll
0x00007ffcffc60000 - 0x00007ffcffc71000 	C:\WINDOWS\System32\kernel.appcore.dll
0x00007ffcffc10000 - 0x00007ffcffc5c000 	C:\WINDOWS\System32\powrprof.dll
0x00007ffcffbd0000 - 0x00007ffcffbeb000 	C:\WINDOWS\System32\profapi.dll
0x000000005a970000 - 0x000000005a98a000 	C:\Program Files\Java\jdk1.8.0_152\jre\bin\net.dll
0x00007ffcff460000 - 0x00007ffcff4c6000 	C:\WINDOWS\system32\mswsock.dll
0x000000005a950000 - 0x000000005a961000 	C:\Program Files\Java\jdk1.8.0_152\jre\bin\nio.dll
0x00007ffce1be0000 - 0x00007ffce1bfe000 	C:\Users\kondm\.gradle\native\25\windows-amd64\native-platform.dll
0x00007ffcff620000 - 0x00007ffcff637000 	C:\WINDOWS\SYSTEM32\CRYPTSP.dll
0x00007ffcff000000 - 0x00007ffcff033000 	C:\WINDOWS\system32\rsaenh.dll
0x00007ffcff730000 - 0x00007ffcff755000 	C:\WINDOWS\SYSTEM32\bcrypt.dll
0x00007ffcffb00000 - 0x00007ffcffb29000 	C:\WINDOWS\SYSTEM32\USERENV.dll
0x00007ffcff640000 - 0x00007ffcff64b000 	C:\WINDOWS\SYSTEM32\CRYPTBASE.dll
0x00007ffcff1f0000 - 0x00007ffcff229000 	C:\WINDOWS\SYSTEM32\IPHLPAPI.DLL
0x00007ffd00ef0000 - 0x00007ffd00ef8000 	C:\WINDOWS\System32\NSI.dll
0x00007ffcf88f0000 - 0x00007ffcf8906000 	C:\WINDOWS\SYSTEM32\dhcpcsvc6.DLL
0x00007ffcf8610000 - 0x00007ffcf862a000 	C:\WINDOWS\SYSTEM32\dhcpcsvc.DLL
0x000000005a940000 - 0x000000005a94d000 	C:\Program Files\Java\jdk1.8.0_152\jre\bin\management.dll

VM Arguments:
jvm_args: -XX:MaxPermSize=256m -XX:+HeapDumpOnOutOfMemoryError -Xmx1024m -Dfile.encoding=windows-1250 -Duser.country=PL -Duser.language=pl -Duser.variant 
java_command: org.gradle.launcher.daemon.bootstrap.GradleDaemon 3.5.1
java_class_path (initial): C:\Users\kondm\.gradle\wrapper\dists\gradle-3.5.1-all\42vjebfdws9pjts3l4bouoq0p\gradle-3.5.1\lib\gradle-launcher-3.5.1.jar
Launcher Type: SUN_STANDARD

Environment Variables:
JAVA_HOME=C:\Program Files\Java\jdk1.8.0_152
CLASSPATH=.;C:\Program Files (x86)\QuickTime\QTSystem\QTJava.zip
PATH=C:\ProgramData\Oracle\Java\javapath;C:\Program Files\Intel\WiFi\bin\;C:\Program Files\Common Files\Intel\WirelessCommon\;C:\Program Files (x86)\Skype\Phone\;C:\FPC\3.0.2\bin\i386-Win32;C:\WINDOWS\system32;C:\WINDOWS;C:\WINDOWS\System32\Wbem;C:\WINDOWS\System32\WindowsPowerShell\v1.0\;C:\Program Files (x86)\NVIDIA Corporation\PhysX\Common;C:\Program Files (x86)\Windows Kits\10\Windows Performance Toolkit\;C:\Program Files (x86)\QuickTime\QTSystem\;C:\WINDOWS\system32;C:\WINDOWS;C:\WINDOWS\System32\Wbem;C:\WINDOWS\System32\WindowsPowerShell\v1.0\;C:\Program Files\Git\cmd;C:\Program Files\Git\mingw64\bin;C:\Program Files\Git\usr\bin;C:\Program Files\MySQL\MySQL Utilities 1.6\;C:\Program Files\Java\jdk1.8.0_152\bin;C:\Program Files\Java\jre1.8.0_152;C:\MinGW\bin;C:\Qt\Qt5.9.1\5.9.1\mingw53_32\bin;C:\Users\kondm\AppData\Local\Programs\MiKTeX 2.9\miktex\bin\x64\;C:\Users\kondm\AppData\Local\GitHubDesktop\bin;
USERNAME=kondm
OS=Windows_NT
PROCESSOR_IDENTIFIER=Intel64 Family 6 Model 94 Stepping 3, GenuineIntel



---------------  S Y S T E M  ---------------

OS: Windows 10.0 , 64 bit Build 16299 (10.0.16299.15)

CPU:total 8 (initial active 8) (4 cores per cpu, 2 threads per core) family 6 model 94 stepping 3, cmov, cx8, fxsr, mmx, sse, sse2, sse3, ssse3, sse4.1, sse4.2, popcnt, avx, avx2, aes, clmul, erms, rtm, 3dnowpref, lzcnt, ht, tsc, tscinvbit, bmi1, bmi2, adx

Memory: 4k page, physical 8284708k(847332k free), swap 10236452k(7744k free)

vm_info: Java HotSpot(TM) 64-Bit Server VM (25.152-b16) for windows-amd64 JRE (1.8.0_152-b16), built on Sep 14 2017 02:29:36 by "java_re" with MS VC++ 10.0 (VS2010)

time: Fri Mar 23 11:55:06 2018
elapsed time: 20 seconds (0d 0h 0m 20s)

