#
# There is insufficient memory for the Java Runtime Environment to continue.
# Native memory allocation (malloc) failed to allocate 327376 bytes for Chunk::new
# Possible reasons:
#   The system is out of physical RAM or swap space
#   In 32 bit mode, the process size limit was hit
# Possible solutions:
#   Reduce memory load on the system
#   Increase physical memory or swap space
#   Check if swap backing store is full
#   Use 64 bit Java on a 64 bit OS
#   Decrease Java heap size (-Xmx/-Xms)
#   Decrease number of Java threads
#   Decrease Java thread stack sizes (-Xss)
#   Set larger code cache with -XX:ReservedCodeCacheSize=
# This output file may be truncated or incomplete.
#
#  Out of Memory Error (allocation.cpp:390), pid=11464, tid=0x00000000000026b0
#
# JRE version: Java(TM) SE Runtime Environment (8.0_152-b16) (build 1.8.0_152-b16)
# Java VM: Java HotSpot(TM) 64-Bit Server VM (25.152-b16 mixed mode windows-amd64 compressed oops)
# Failed to write core dump. Minidumps are not enabled by default on client versions of Windows
#

---------------  T H R E A D  ---------------

Current thread (0x000000001bff6800):  JavaThread "C2 CompilerThread1" daemon [_thread_in_native, id=9904, stack(0x000000001cd50000,0x000000001ce50000)]

Stack: [0x000000001cd50000,0x000000001ce50000]
[error occurred during error reporting (printing stack bounds), id 0xc0000005]

Native frames: (J=compiled Java code, j=interpreted, Vv=VM code, C=native code)


Current CompileTask:
C2:   3806 2842       4       org.springframework.util.StringUtils::collectionToDelimitedString (84 bytes)


---------------  P R O C E S S  ---------------

Java Threads: ( => current thread )
  0x000000001dbd7000 JavaThread "/127.0.0.1:54137 to /127.0.0.1:54136 workers Thread 3" [_thread_in_native, id=5492, stack(0x000000001f060000,0x000000001f160000)]
  0x000000001da4e000 JavaThread "/127.0.0.1:54137 to /127.0.0.1:54136 workers Thread 2" [_thread_blocked, id=14156, stack(0x000000001ef60000,0x000000001f060000)]
  0x000000001d815000 JavaThread "Test worker" [_thread_in_native, id=12900, stack(0x000000001eb20000,0x000000001ec20000)]
  0x000000001c0ce800 JavaThread "Service Thread" daemon [_thread_blocked, id=2144, stack(0x000000001d050000,0x000000001d150000)]
  0x000000001bffd800 JavaThread "C1 CompilerThread3" daemon [_thread_blocked, id=13052, stack(0x000000001cf50000,0x000000001d050000)]
  0x000000001bff9800 JavaThread "C2 CompilerThread2" daemon [_thread_in_native, id=4108, stack(0x000000001ce50000,0x000000001cf50000)]
=>0x000000001bff6800 JavaThread "C2 CompilerThread1" daemon [_thread_in_native, id=9904, stack(0x000000001cd50000,0x000000001ce50000)]
  0x000000001bff5800 JavaThread "C2 CompilerThread0" daemon [_thread_in_native, id=4480, stack(0x000000001cc50000,0x000000001cd50000)]
  0x000000001bff4000 JavaThread "Attach Listener" daemon [_thread_blocked, id=11360, stack(0x000000001cb50000,0x000000001cc50000)]
  0x000000001bfeb000 JavaThread "Signal Dispatcher" daemon [_thread_blocked, id=8468, stack(0x000000001ca50000,0x000000001cb50000)]
  0x00000000050d9800 JavaThread "Finalizer" daemon [_thread_blocked, id=13400, stack(0x000000001c360000,0x000000001c460000)]
  0x00000000050d6000 JavaThread "Reference Handler" daemon [_thread_blocked, id=9472, stack(0x000000001be60000,0x000000001bf60000)]
  0x0000000004dfe000 JavaThread "main" [_thread_blocked, id=1952, stack(0x0000000004ee0000,0x0000000004fe0000)]

Other Threads:
  0x000000001a079800 VMThread [stack: 0x000000001bd60000,0x000000001be60000] [id=4128]
  0x000000001c124000 WatcherThread [stack: 0x000000001d150000,0x000000001d250000] [id=7060]

VM state:not at safepoint (normal execution)

VM Mutex/Monitor currently owned by a thread: None

Heap:
 PSYoungGen      total 140800K, used 77929K [0x00000000d5d80000, 0x00000000dee80000, 0x0000000100000000)
  eden space 133120K, 53% used [0x00000000d5d80000,0x00000000da2e61f8,0x00000000ddf80000)
  from space 7680K, 89% used [0x00000000de700000,0x00000000dedb4538,0x00000000dee80000)
  to   space 7680K, 0% used [0x00000000ddf80000,0x00000000ddf80000,0x00000000de700000)
 ParOldGen       total 87552K, used 6525K [0x0000000081800000, 0x0000000086d80000, 0x00000000d5d80000)
  object space 87552K, 7% used [0x0000000081800000,0x0000000081e5f798,0x0000000086d80000)
 Metaspace       used 19977K, capacity 20434K, committed 20736K, reserved 1067008K
  class space    used 2568K, capacity 2717K, committed 2816K, reserved 1048576K

Card table byte_map: [0x00000000144a0000,0x00000000148a0000] byte_map_base: 0x0000000014094000

Marking Bits: (ParMarkBitMap*) 0x0000000065890860
 Begin Bits: [0x0000000015350000, 0x00000000172f0000)
 End Bits:   [0x00000000172f0000, 0x0000000019290000)

Polling page: 0x0000000004db0000

CodeCache: size=245760Kb used=10939Kb max_used=10939Kb free=234820Kb
 bounds [0x00000000050e0000, 0x0000000005ba0000, 0x00000000140e0000]
 total_blobs=3381 nmethods=2986 adapters=307
 compilation: enabled

Compilation events (10 events):
Event: 3.650 Thread 0x000000001bffd800 2936       3       java.util.concurrent.ConcurrentHashMap::size (31 bytes)
Event: 3.650 Thread 0x000000001bffd800 nmethod 2936 0x0000000005b6ad50 code [0x0000000005b6aec0, 0x0000000005b6b188]
Event: 3.657 Thread 0x000000001bffd800 2937       3       org.springframework.asm.FieldVisitor::visitEnd (15 bytes)
Event: 3.658 Thread 0x000000001bffd800 nmethod 2937 0x0000000005b6b210 code [0x0000000005b6b380, 0x0000000005b6b5e8]
Event: 3.660 Thread 0x000000001bffd800 2938       3       org.springframework.util.ReflectionUtils::makeAccessible (46 bytes)
Event: 3.661 Thread 0x000000001bffd800 nmethod 2938 0x0000000005b6b690 code [0x0000000005b6b860, 0x0000000005b6c248]
Event: 3.661 Thread 0x000000001bffd800 2939       3       sun.reflect.UnsafeQualifiedStaticObjectFieldAccessorImpl::get (15 bytes)
Event: 3.661 Thread 0x000000001bffd800 nmethod 2939 0x0000000005b6c490 code [0x0000000005b6c5e0, 0x0000000005b6c730]
Event: 3.662 Thread 0x000000001bffd800 2940       3       sun.nio.cs.UTF_8$Decoder::decodeArrayLoop (691 bytes)
Event: 3.673 Thread 0x000000001bffd800 nmethod 2940 0x0000000005b6c790 code [0x0000000005b6d0e0, 0x0000000005b73928]

GC Heap History (10 events):
Event: 1.226 GC heap before
{Heap before GC invocations=2 (full 0):
 PSYoungGen      total 38400K, used 38389K [0x00000000d5d80000, 0x00000000d8800000, 0x0000000100000000)
  eden space 33280K, 100% used [0x00000000d5d80000,0x00000000d7e00000,0x00000000d7e00000)
  from space 5120K, 99% used [0x00000000d7e00000,0x00000000d82fd508,0x00000000d8300000)
  to   space 5120K, 0% used [0x00000000d8300000,0x00000000d8300000,0x00000000d8800000)
 ParOldGen       total 87552K, used 693K [0x0000000081800000, 0x0000000086d80000, 0x00000000d5d80000)
  object space 87552K, 0% used [0x0000000081800000,0x00000000818ad7e8,0x0000000086d80000)
 Metaspace       used 14472K, capacity 14726K, committed 14848K, reserved 1062912K
  class space    used 1894K, capacity 2019K, committed 2048K, reserved 1048576K
Event: 1.232 GC heap after
Heap after GC invocations=2 (full 0):
 PSYoungGen      total 38400K, used 5107K [0x00000000d5d80000, 0x00000000da880000, 0x0000000100000000)
  eden space 33280K, 0% used [0x00000000d5d80000,0x00000000d5d80000,0x00000000d7e00000)
  from space 5120K, 99% used [0x00000000d8300000,0x00000000d87fcc80,0x00000000d8800000)
  to   space 5120K, 0% used [0x00000000d7e00000,0x00000000d7e00000,0x00000000d8300000)
 ParOldGen       total 87552K, used 1805K [0x0000000081800000, 0x0000000086d80000, 0x00000000d5d80000)
  object space 87552K, 2% used [0x0000000081800000,0x00000000819c35c0,0x0000000086d80000)
 Metaspace       used 14472K, capacity 14726K, committed 14848K, reserved 1062912K
  class space    used 1894K, capacity 2019K, committed 2048K, reserved 1048576K
}
Event: 1.559 GC heap before
{Heap before GC invocations=3 (full 0):
 PSYoungGen      total 38400K, used 38387K [0x00000000d5d80000, 0x00000000da880000, 0x0000000100000000)
  eden space 33280K, 100% used [0x00000000d5d80000,0x00000000d7e00000,0x00000000d7e00000)
  from space 5120K, 99% used [0x00000000d8300000,0x00000000d87fcc80,0x00000000d8800000)
  to   space 5120K, 0% used [0x00000000d7e00000,0x00000000d7e00000,0x00000000d8300000)
 ParOldGen       total 87552K, used 1805K [0x0000000081800000, 0x0000000086d80000, 0x00000000d5d80000)
  object space 87552K, 2% used [0x0000000081800000,0x00000000819c35c0,0x0000000086d80000)
 Metaspace       used 16736K, capacity 16932K, committed 17152K, reserved 1064960K
  class space    used 2194K, capacity 2280K, committed 2304K, reserved 1048576K
Event: 1.566 GC heap after
Heap after GC invocations=3 (full 0):
 PSYoungGen      total 38400K, used 5094K [0x00000000d5d80000, 0x00000000da880000, 0x0000000100000000)
  eden space 33280K, 0% used [0x00000000d5d80000,0x00000000d5d80000,0x00000000d7e00000)
  from space 5120K, 99% used [0x00000000d7e00000,0x00000000d82f9b68,0x00000000d8300000)
  to   space 5120K, 0% used [0x00000000da380000,0x00000000da380000,0x00000000da880000)
 ParOldGen       total 87552K, used 3412K [0x0000000081800000, 0x0000000086d80000, 0x00000000d5d80000)
  object space 87552K, 3% used [0x0000000081800000,0x0000000081b55338,0x0000000086d80000)
 Metaspace       used 16736K, capacity 16932K, committed 17152K, reserved 1064960K
  class space    used 2194K, capacity 2280K, committed 2304K, reserved 1048576K
}
Event: 1.858 GC heap before
{Heap before GC invocations=4 (full 0):
 PSYoungGen      total 38400K, used 38374K [0x00000000d5d80000, 0x00000000da880000, 0x0000000100000000)
  eden space 33280K, 100% used [0x00000000d5d80000,0x00000000d7e00000,0x00000000d7e00000)
  from space 5120K, 99% used [0x00000000d7e00000,0x00000000d82f9b68,0x00000000d8300000)
  to   space 5120K, 0% used [0x00000000da380000,0x00000000da380000,0x00000000da880000)
 ParOldGen       total 87552K, used 3412K [0x0000000081800000, 0x0000000086d80000, 0x00000000d5d80000)
  object space 87552K, 3% used [0x0000000081800000,0x0000000081b55338,0x0000000086d80000)
 Metaspace       used 17799K, capacity 18172K, committed 18432K, reserved 1064960K
  class space    used 2338K, capacity 2460K, committed 2560K, reserved 1048576K
Event: 1.864 GC heap after
Heap after GC invocations=4 (full 0):
 PSYoungGen      total 71680K, used 5088K [0x00000000d5d80000, 0x00000000da880000, 0x0000000100000000)
  eden space 66560K, 0% used [0x00000000d5d80000,0x00000000d5d80000,0x00000000d9e80000)
  from space 5120K, 99% used [0x00000000da380000,0x00000000da878060,0x00000000da880000)
  to   space 5120K, 0% used [0x00000000d9e80000,0x00000000d9e80000,0x00000000da380000)
 ParOldGen       total 87552K, used 4324K [0x0000000081800000, 0x0000000086d80000, 0x00000000d5d80000)
  object space 87552K, 4% used [0x0000000081800000,0x0000000081c390e8,0x0000000086d80000)
 Metaspace       used 17799K, capacity 18172K, committed 18432K, reserved 1064960K
  class space    used 2338K, capacity 2460K, committed 2560K, reserved 1048576K
}
Event: 2.927 GC heap before
{Heap before GC invocations=5 (full 0):
 PSYoungGen      total 71680K, used 71648K [0x00000000d5d80000, 0x00000000da880000, 0x0000000100000000)
  eden space 66560K, 100% used [0x00000000d5d80000,0x00000000d9e80000,0x00000000d9e80000)
  from space 5120K, 99% used [0x00000000da380000,0x00000000da878060,0x00000000da880000)
  to   space 5120K, 0% used [0x00000000d9e80000,0x00000000d9e80000,0x00000000da380000)
 ParOldGen       total 87552K, used 4324K [0x0000000081800000, 0x0000000086d80000, 0x00000000d5d80000)
  object space 87552K, 4% used [0x0000000081800000,0x0000000081c390e8,0x0000000086d80000)
 Metaspace       used 19600K, capacity 20042K, committed 20224K, reserved 1067008K
  class space    used 2560K, capacity 2705K, committed 2816K, reserved 1048576K
Event: 2.939 GC heap after
Heap after GC invocations=5 (full 0):
 PSYoungGen      total 71680K, used 5088K [0x00000000d5d80000, 0x00000000dee80000, 0x0000000100000000)
  eden space 66560K, 0% used [0x00000000d5d80000,0x00000000d5d80000,0x00000000d9e80000)
  from space 5120K, 99% used [0x00000000d9e80000,0x00000000da378040,0x00000000da380000)
  to   space 7680K, 0% used [0x00000000de700000,0x00000000de700000,0x00000000dee80000)
 ParOldGen       total 87552K, used 6517K [0x0000000081800000, 0x0000000086d80000, 0x00000000d5d80000)
  object space 87552K, 7% used [0x0000000081800000,0x0000000081e5d798,0x0000000086d80000)
 Metaspace       used 19600K, capacity 20042K, committed 20224K, reserved 1067008K
  class space    used 2560K, capacity 2705K, committed 2816K, reserved 1048576K
}
Event: 3.422 GC heap before
{Heap before GC invocations=6 (full 0):
 PSYoungGen      total 71680K, used 71648K [0x00000000d5d80000, 0x00000000dee80000, 0x0000000100000000)
  eden space 66560K, 100% used [0x00000000d5d80000,0x00000000d9e80000,0x00000000d9e80000)
  from space 5120K, 99% used [0x00000000d9e80000,0x00000000da378040,0x00000000da380000)
  to   space 7680K, 0% used [0x00000000de700000,0x00000000de700000,0x00000000dee80000)
 ParOldGen       total 87552K, used 6517K [0x0000000081800000, 0x0000000086d80000, 0x00000000d5d80000)
  object space 87552K, 7% used [0x0000000081800000,0x0000000081e5d798,0x0000000086d80000)
 Metaspace       used 19860K, capacity 20340K, committed 20480K, reserved 1067008K
  class space    used 2565K, capacity 2712K, committed 2816K, reserved 1048576K
Event: 3.431 GC heap after
Heap after GC invocations=6 (full 0):
 PSYoungGen      total 140800K, used 6865K [0x00000000d5d80000, 0x00000000dee80000, 0x0000000100000000)
  eden space 133120K, 0% used [0x00000000d5d80000,0x00000000d5d80000,0x00000000ddf80000)
  from space 7680K, 89% used [0x00000000de700000,0x00000000dedb4538,0x00000000dee80000)
  to   space 7680K, 0% used [0x00000000ddf80000,0x00000000ddf80000,0x00000000de700000)
 ParOldGen       total 87552K, used 6525K [0x0000000081800000, 0x0000000086d80000, 0x00000000d5d80000)
  object space 87552K, 7% used [0x0000000081800000,0x0000000081e5f798,0x0000000086d80000)
 Metaspace       used 19860K, capacity 20340K, committed 20480K, reserved 1067008K
  class space    used 2565K, capacity 2712K, committed 2816K, reserved 1048576K
}

Deoptimization events (10 events):
Event: 2.343 Thread 0x000000001d815000 Uncommon trap: reason=bimorphic action=maybe_recompile pc=0x00000000055014d0 method=java.util.HashMap.putVal(ILjava/lang/Object;Ljava/lang/Object;ZZ)Ljava/lang/Object; @ 203
Event: 2.346 Thread 0x000000001d815000 Uncommon trap: reason=bimorphic action=maybe_recompile pc=0x00000000055014d0 method=java.util.HashMap.putVal(ILjava/lang/Object;Ljava/lang/Object;ZZ)Ljava/lang/Object; @ 203
Event: 2.366 Thread 0x000000001d815000 Uncommon trap: reason=unstable_if action=reinterpret pc=0x0000000005854b80 method=org.springframework.asm.Type.getArgumentTypes(Ljava/lang/String;)[Lorg/springframework/asm/Type; @ 58
Event: 2.370 Thread 0x000000001d815000 Uncommon trap: reason=bimorphic action=maybe_recompile pc=0x00000000055014d0 method=java.util.HashMap.putVal(ILjava/lang/Object;Ljava/lang/Object;ZZ)Ljava/lang/Object; @ 203
Event: 2.667 Thread 0x000000001d815000 Uncommon trap: reason=null_check action=make_not_entrant pc=0x0000000005833d50 method=java.util.AbstractCollection.toArray([Ljava/lang/Object;)[Ljava/lang/Object; @ 119
Event: 2.708 Thread 0x000000001d815000 Uncommon trap: reason=unstable_if action=reinterpret pc=0x0000000005881fb4 method=java.lang.Class$MethodArray.matchesNameAndDescriptor(Ljava/lang/reflect/Method;Ljava/lang/reflect/Method;)Z @ 33
Event: 2.746 Thread 0x000000001d815000 Uncommon trap: reason=unstable_if action=reinterpret pc=0x0000000005713de4 method=java.lang.Class.searchMethods([Ljava/lang/reflect/Method;Ljava/lang/String;[Ljava/lang/Class;)Ljava/lang/reflect/Method; @ 47
Event: 2.791 Thread 0x000000001d815000 Uncommon trap: reason=class_check action=maybe_recompile pc=0x000000000549b078 method=java.util.Properties$LineReader.readLine()I @ 62
Event: 3.210 Thread 0x000000001d815000 Uncommon trap: reason=unstable_if action=reinterpret pc=0x00000000058ff9c8 method=java.lang.String$CaseInsensitiveComparator.compare(Ljava/lang/String;Ljava/lang/String;)I @ 70
Event: 3.244 Thread 0x000000001d815000 Uncommon trap: reason=class_check action=maybe_recompile pc=0x000000000549b078 method=java.util.Properties$LineReader.readLine()I @ 62

Classes redefined (0 events):
No events

Internal exceptions (10 events):
Event: 3.594 Thread 0x000000001d815000 Exception <a 'java/lang/ClassNotFoundException': java/lang/ObjectCustomizer> (0x00000000d7493628) thrown at [C:\re\workspace\8-2-build-windows-amd64-cygwin\jdk8u152\9742\hotspot\src\share\vm\classfile\systemDictionary.cpp, line 210]
Event: 3.594 Thread 0x000000001d815000 Exception <a 'java/lang/ClassNotFoundException': org/springframework/boot/autoconfigure/info/ProjectInfoAutoConfigurationCustomizer> (0x00000000d74a9fd8) thrown at [C:\re\workspace\8-2-build-windows-amd64-cygwin\jdk8u152\9742\hotspot\src\share\vm\classfil
Event: 3.595 Thread 0x000000001d815000 Exception <a 'java/lang/ClassNotFoundException': org/springframework/boot/autoconfigure/info/ProjectInfoAutoConfiguration$$EnhancerBySpringCGLIB$$72b3857eCustomizer> (0x00000000d74c3f10) thrown at [C:\re\workspace\8-2-build-windows-amd64-cygwin\jdk8u152\9
Event: 3.595 Thread 0x000000001d815000 Exception <a 'java/lang/ClassNotFoundException': org/springframework/context/annotation/ConfigurationClassEnhancer$EnhancedConfigurationCustomizer> (0x00000000d74e1008) thrown at [C:\re\workspace\8-2-build-windows-amd64-cygwin\jdk8u152\9742\hotspot\src\sh
Event: 3.596 Thread 0x000000001d815000 Exception <a 'java/lang/ClassNotFoundException': java/lang/ObjectCustomizer> (0x00000000d74ebee0) thrown at [C:\re\workspace\8-2-build-windows-amd64-cygwin\jdk8u152\9742\hotspot\src\share\vm\classfile\systemDictionary.cpp, line 210]
Event: 3.597 Thread 0x000000001d815000 Exception <a 'java/lang/ClassNotFoundException': org/springframework/boot/autoconfigure/web/WebClientAutoConfigurationCustomizer> (0x00000000d7502550) thrown at [C:\re\workspace\8-2-build-windows-amd64-cygwin\jdk8u152\9742\hotspot\src\share\vm\classfile\s
Event: 3.599 Thread 0x000000001d815000 Exception <a 'java/lang/ClassNotFoundException': org/springframework/boot/autoconfigure/web/WebClientAutoConfiguration$$EnhancerBySpringCGLIB$$47589d18Customizer> (0x00000000d751ac38) thrown at [C:\re\workspace\8-2-build-windows-amd64-cygwin\jdk8u152\9742
Event: 3.599 Thread 0x000000001d815000 Exception <a 'java/lang/ClassNotFoundException': org/springframework/context/annotation/ConfigurationClassEnhancer$EnhancedConfigurationCustomizer> (0x00000000d7535998) thrown at [C:\re\workspace\8-2-build-windows-amd64-cygwin\jdk8u152\9742\hotspot\src\sh
Event: 3.617 Thread 0x000000001d815000 Exception <a 'java/lang/ClassNotFoundException': java/lang/ObjectCustomizer> (0x00000000d776ce50) thrown at [C:\re\workspace\8-2-build-windows-amd64-cygwin\jdk8u152\9742\hotspot\src\share\vm\classfile\systemDictionary.cpp, line 210]
Event: 3.617 Thread 0x000000001d815000 Exception <a 'java/lang/ClassNotFoundException': com/kodilla/spring/library/LibraryTestSuiteCustomizer> (0x00000000d777fe20) thrown at [C:\re\workspace\8-2-build-windows-amd64-cygwin\jdk8u152\9742\hotspot\src\share\vm\classfile\systemDictionary.cpp, line 

Events (10 events):
Event: 3.649 loading class javax/inject$Named
Event: 3.649 loading class javax/inject$Named done
Event: 3.665 loading class javax/annotation/ManagedBean
Event: 3.665 loading class javax/annotation/ManagedBean done
Event: 3.667 loading class javax/annotation$ManagedBean
Event: 3.667 loading class javax/annotation$ManagedBean done
Event: 3.667 loading class javax/inject/Named
Event: 3.667 loading class javax/inject/Named done
Event: 3.667 loading class javax/inject$Named
Event: 3.667 loading class javax/inject$Named done


Dynamic libraries:
0x00007ff601780000 - 0x00007ff6017b7000 	C:\Program Files\Java\jdk1.8.0_152\bin\java.exe
0x00007ff8f8550000 - 0x00007ff8f8730000 	C:\WINDOWS\SYSTEM32\ntdll.dll
0x00007ff8f7620000 - 0x00007ff8f76ce000 	C:\WINDOWS\System32\KERNEL32.DLL
0x00007ff8f4bc0000 - 0x00007ff8f4e26000 	C:\WINDOWS\System32\KERNELBASE.dll
0x00007ff8f7130000 - 0x00007ff8f71d1000 	C:\WINDOWS\System32\ADVAPI32.dll
0x00007ff8f71e0000 - 0x00007ff8f727d000 	C:\WINDOWS\System32\msvcrt.dll
0x00007ff8f6f80000 - 0x00007ff8f6fdb000 	C:\WINDOWS\System32\sechost.dll
0x00007ff8f8400000 - 0x00007ff8f851f000 	C:\WINDOWS\System32\RPCRT4.dll
0x00007ff8f73c0000 - 0x00007ff8f754f000 	C:\WINDOWS\System32\USER32.dll
0x00007ff8f4950000 - 0x00007ff8f4970000 	C:\WINDOWS\System32\win32u.dll
0x00007ff8f7560000 - 0x00007ff8f7588000 	C:\WINDOWS\System32\GDI32.dll
0x00007ff8f56b0000 - 0x00007ff8f5843000 	C:\WINDOWS\System32\gdi32full.dll
0x00007ff8f4b20000 - 0x00007ff8f4bbb000 	C:\WINDOWS\System32\msvcp_win.dll
0x00007ff8f4970000 - 0x00007ff8f4a66000 	C:\WINDOWS\System32\ucrtbase.dll
0x00007ff8e8980000 - 0x00007ff8e8be9000 	C:\WINDOWS\WinSxS\amd64_microsoft.windows.common-controls_6595b64144ccf1df_6.0.16299.371_none_15c7d1789365a290\COMCTL32.dll
0x00007ff8f77c0000 - 0x00007ff8f7ac8000 	C:\WINDOWS\System32\combase.dll
0x00007ff8f4e30000 - 0x00007ff8f4ea2000 	C:\WINDOWS\System32\bcryptPrimitives.dll
0x00007ff8f75f0000 - 0x00007ff8f761d000 	C:\WINDOWS\System32\IMM32.DLL
0x0000000066910000 - 0x00000000669e2000 	C:\Program Files\Java\jdk1.8.0_152\jre\bin\msvcr100.dll
0x0000000065070000 - 0x0000000065910000 	C:\Program Files\Java\jdk1.8.0_152\jre\bin\server\jvm.dll
0x00007ff8f7550000 - 0x00007ff8f7558000 	C:\WINDOWS\System32\PSAPI.DLL
0x00007ff8f38b0000 - 0x00007ff8f38b9000 	C:\WINDOWS\SYSTEM32\WSOCK32.dll
0x00007ff8f0dc0000 - 0x00007ff8f0dca000 	C:\WINDOWS\SYSTEM32\VERSION.dll
0x00007ff8f1290000 - 0x00007ff8f12b3000 	C:\WINDOWS\SYSTEM32\WINMM.dll
0x00007ff8f72f0000 - 0x00007ff8f735c000 	C:\WINDOWS\System32\WS2_32.dll
0x00007ff8f1160000 - 0x00007ff8f118a000 	C:\WINDOWS\SYSTEM32\winmmbase.dll
0x00007ff8f4ad0000 - 0x00007ff8f4b1a000 	C:\WINDOWS\System32\cfgmgr32.dll
0x0000000066900000 - 0x000000006690f000 	C:\Program Files\Java\jdk1.8.0_152\jre\bin\verify.dll
0x00000000668d0000 - 0x00000000668f9000 	C:\Program Files\Java\jdk1.8.0_152\jre\bin\java.dll
0x0000000066420000 - 0x0000000066436000 	C:\Program Files\Java\jdk1.8.0_152\jre\bin\zip.dll
0x00007ff8f5a20000 - 0x00007ff8f6e56000 	C:\WINDOWS\System32\SHELL32.dll
0x00007ff8f7ad0000 - 0x00007ff8f7b76000 	C:\WINDOWS\System32\shcore.dll
0x00007ff8f4eb0000 - 0x00007ff8f55f7000 	C:\WINDOWS\System32\windows.storage.dll
0x00007ff8f7590000 - 0x00007ff8f75e1000 	C:\WINDOWS\System32\shlwapi.dll
0x00007ff8f48c0000 - 0x00007ff8f48d1000 	C:\WINDOWS\System32\kernel.appcore.dll
0x00007ff8f4900000 - 0x00007ff8f494c000 	C:\WINDOWS\System32\powrprof.dll
0x00007ff8f48a0000 - 0x00007ff8f48bb000 	C:\WINDOWS\System32\profapi.dll
0x0000000066400000 - 0x000000006641a000 	C:\Program Files\Java\jdk1.8.0_152\jre\bin\net.dll
0x00007ff8f4130000 - 0x00007ff8f4196000 	C:\WINDOWS\system32\mswsock.dll
0x00000000663e0000 - 0x00000000663f1000 	C:\Program Files\Java\jdk1.8.0_152\jre\bin\nio.dll
0x00007ff8f4300000 - 0x00007ff8f4317000 	C:\WINDOWS\SYSTEM32\CRYPTSP.dll
0x00007ff8f3d30000 - 0x00007ff8f3d63000 	C:\WINDOWS\system32\rsaenh.dll
0x00007ff8f4400000 - 0x00007ff8f4425000 	C:\WINDOWS\SYSTEM32\bcrypt.dll
0x00007ff8f47a0000 - 0x00007ff8f47c9000 	C:\WINDOWS\SYSTEM32\USERENV.dll
0x00007ff8f42f0000 - 0x00007ff8f42fb000 	C:\WINDOWS\SYSTEM32\CRYPTBASE.dll
0x00007ff8f3ec0000 - 0x00007ff8f3ef9000 	C:\WINDOWS\SYSTEM32\IPHLPAPI.DLL
0x00007ff8f72e0000 - 0x00007ff8f72e8000 	C:\WINDOWS\System32\NSI.dll
0x00007ff8f1070000 - 0x00007ff8f1086000 	C:\WINDOWS\SYSTEM32\dhcpcsvc6.DLL
0x00007ff8f1050000 - 0x00007ff8f106a000 	C:\WINDOWS\SYSTEM32\dhcpcsvc.DLL
0x00000000668c0000 - 0x00000000668cd000 	C:\Program Files\Java\jdk1.8.0_152\jre\bin\management.dll
0x00007ff8dc900000 - 0x00007ff8dc916000 	C:\WINDOWS\system32\napinsp.dll
0x00007ff8dbd20000 - 0x00007ff8dbd3a000 	C:\WINDOWS\system32\pnrpnsp.dll
0x00007ff8f0e50000 - 0x00007ff8f0e68000 	C:\WINDOWS\system32\NLAapi.dll
0x00007ff8f3f00000 - 0x00007ff8f3fb6000 	C:\WINDOWS\SYSTEM32\DNSAPI.dll
0x00007ff8dc8f0000 - 0x00007ff8dc8fe000 	C:\WINDOWS\System32\winrnr.dll
0x00007ff8e8dc0000 - 0x00007ff8e8dca000 	C:\Windows\System32\rasadhlp.dll
0x00007ff8e7960000 - 0x00007ff8e79d0000 	C:\WINDOWS\System32\fwpuclnt.dll

VM Arguments:
jvm_args: -Djava.security.manager=worker.org.gradle.process.internal.worker.child.BootstrapSecurityManager -Dorg.gradle.native=false -Dfile.encoding=windows-1250 -Duser.country=PL -Duser.language=pl -Duser.variant -ea 
java_command: worker.org.gradle.process.internal.worker.GradleWorkerMain 'Gradle Test Executor 30'
java_class_path (initial): C:\Users\kondm\.gradle\caches\4.6\workerMain\gradle-worker.jar
Launcher Type: SUN_STANDARD

Environment Variables:
JAVA_HOME=C:\Program Files\Java\jdk1.8.0_152
CLASSPATH=C:\gradle-4.6\bin\..\lib\gradle-launcher-4.6.jar
PATH=C:\Program Files (x86)\Common Files\Oracle\Java\javapath;C:\ProgramData\Oracle\Java\javapath;C:\Program Files\Intel\WiFi\bin\;C:\Program Files\Common Files\Intel\WirelessCommon\;C:\Program Files (x86)\Skype\Phone\;C:\FPC\3.0.2\bin\i386-Win32;C:\WINDOWS\system32;C:\WINDOWS;C:\WINDOWS\System32\Wbem;C:\WINDOWS\System32\WindowsPowerShell\v1.0\;C:\Program Files (x86)\NVIDIA Corporation\PhysX\Common;C:\Program Files (x86)\QuickTime\QTSystem\;C:\WINDOWS\system32;C:\WINDOWS;C:\WINDOWS\System32\Wbem;C:\WINDOWS\System32\WindowsPowerShell\v1.0\;C:\Program Files\MySQL\MySQL Utilities 1.6\;C:\Program Files (x86)\Windows Kits\10\Windows Performance Toolkit\;C:\Program Files\Git\cmd;C:\Program Files (x86)\Smart Projects\IsoBuster;C:\Program Files\Java\jdk1.8.0_152\bin;C:\Program Files\Java\jre1.8.0_152;C:\MinGW\bin;C:\Qt\Qt5.9.1\5.9.1\mingw53_32\bin;C:\Users\kondm\AppData\Local\Programs\MiKTeX 2.9\miktex\bin\x64\;C:\Users\kondm\AppData\Local\GitHubDesktop\bin;C:\gradle-4.6\bin;C:\Program Files\Heroku\bin
USERNAME=kondm
OS=Windows_NT
PROCESSOR_IDENTIFIER=Intel64 Family 6 Model 94 Stepping 3, GenuineIntel



---------------  S Y S T E M  ---------------

OS: Windows 10.0 , 64 bit Build 16299 (10.0.16299.15)

CPU:total 8 (initial active 8) (4 cores per cpu, 2 threads per core) family 6 model 94 stepping 3, cmov, cx8, fxsr, mmx, sse, sse2, sse3, ssse3, sse4.1, sse4.2, popcnt, avx, avx2, aes, clmul, erms, rtm, 3dnowpref, lzcnt, ht, tsc, tscinvbit, bmi1, bmi2, adx

Memory: 4k page, physical 8284708k(1278684k free), swap 10236452k(2100k free)

vm_info: Java HotSpot(TM) 64-Bit Server VM (25.152-b16) for windows-amd64 JRE (1.8.0_152-b16), built on Sep 14 2017 02:29:36 by "java_re" with MS VC++ 10.0 (VS2010)

time: Tue May 08 22:24:08 2018
elapsed time: 3 seconds (0d 0h 0m 3s)

