#
# There is insufficient memory for the Java Runtime Environment to continue.
# Native memory allocation (malloc) failed to allocate 2375424 bytes for Chunk::new
# Possible reasons:
#   The system is out of physical RAM or swap space
#   In 32 bit mode, the process size limit was hit
# Possible solutions:
#   Reduce memory load on the system
#   Increase physical memory or swap space
#   Check if swap backing store is full
#   Use 64 bit Java on a 64 bit OS
#   Decrease Java heap size (-Xmx/-Xms)
#   Decrease number of Java threads
#   Decrease Java thread stack sizes (-Xss)
#   Set larger code cache with -XX:ReservedCodeCacheSize=
# This output file may be truncated or incomplete.
#
#  Out of Memory Error (allocation.cpp:390), pid=13764, tid=0x00000000000018ec
#
# JRE version: Java(TM) SE Runtime Environment (8.0_152-b16) (build 1.8.0_152-b16)
# Java VM: Java HotSpot(TM) 64-Bit Server VM (25.152-b16 mixed mode windows-amd64 compressed oops)
# Failed to write core dump. Minidumps are not enabled by default on client versions of Windows
#

---------------  T H R E A D  ---------------

Current thread (0x000000001b6d9800):  JavaThread "C2 CompilerThread0" daemon [_thread_in_native, id=6380, stack(0x000000001c330000,0x000000001c430000)]

Stack: [0x000000001c330000,0x000000001c430000]
[error occurred during error reporting (printing stack bounds), id 0xc0000005]

Native frames: (J=compiled Java code, j=interpreted, Vv=VM code, C=native code)


Current CompileTask:
C2:   3255 2557   !   4       org.springframework.core.annotation.AnnotatedElementUtils::searchWithFindSemantics (713 bytes)


---------------  P R O C E S S  ---------------

Java Threads: ( => current thread )
  0x0000000022286800 JavaThread "Thread-19" [_thread_in_Java, id=4296, stack(0x00000000239f0000,0x0000000023af0000)]
  0x000000001d3af000 JavaThread "/127.0.0.1:52457 to /127.0.0.1:52455 workers Thread 3" [_thread_in_native, id=9940, stack(0x000000001e760000,0x000000001e860000)]
  0x000000001d3ae000 JavaThread "/127.0.0.1:52457 to /127.0.0.1:52455 workers Thread 2" [_thread_blocked, id=1348, stack(0x000000001e660000,0x000000001e760000)]
  0x000000001cc93800 JavaThread "Test worker" [_thread_in_native, id=8260, stack(0x000000001e200000,0x000000001e300000)]
  0x000000001b704000 JavaThread "Service Thread" daemon [_thread_blocked, id=11180, stack(0x000000001c730000,0x000000001c830000)]
  0x000000001b6df000 JavaThread "C1 CompilerThread3" daemon [_thread_blocked, id=3712, stack(0x000000001c630000,0x000000001c730000)]
  0x000000001b6db000 JavaThread "C2 CompilerThread2" daemon [_thread_in_native, id=12108, stack(0x000000001c530000,0x000000001c630000)]
  0x000000001b6da800 JavaThread "C2 CompilerThread1" daemon [_thread_in_native, id=10672, stack(0x000000001c430000,0x000000001c530000)]
=>0x000000001b6d9800 JavaThread "C2 CompilerThread0" daemon [_thread_in_native, id=6380, stack(0x000000001c330000,0x000000001c430000)]
  0x000000001b6d8000 JavaThread "Attach Listener" daemon [_thread_blocked, id=13248, stack(0x000000001c230000,0x000000001c330000)]
  0x000000001b6cb000 JavaThread "Signal Dispatcher" daemon [_thread_blocked, id=10300, stack(0x000000001c130000,0x000000001c230000)]
  0x000000001b660800 JavaThread "Finalizer" daemon [_thread_blocked, id=3584, stack(0x000000001ba40000,0x000000001bb40000)]
  0x000000001975d800 JavaThread "Reference Handler" daemon [_thread_blocked, id=10104, stack(0x000000001b540000,0x000000001b640000)]
  0x000000000468e000 JavaThread "main" [_thread_blocked, id=10812, stack(0x0000000004540000,0x0000000004640000)]

Other Threads:
  0x0000000019759800 VMThread [stack: 0x000000001b440000,0x000000001b540000] [id=8132]
  0x000000001b706000 WatcherThread [stack: 0x000000001c830000,0x000000001c930000] [id=13820]

VM state:not at safepoint (normal execution)

VM Mutex/Monitor currently owned by a thread: None

Heap:
 PSYoungGen      total 140800K, used 94905K [0x00000000d5d80000, 0x00000000dee80000, 0x0000000100000000)
  eden space 133120K, 66% used [0x00000000d5d80000,0x00000000db361f50,0x00000000ddf80000)
  from space 7680K, 90% used [0x00000000de700000,0x00000000dedcc518,0x00000000dee80000)
  to   space 7680K, 0% used [0x00000000ddf80000,0x00000000ddf80000,0x00000000de700000)
 ParOldGen       total 87552K, used 6493K [0x0000000081800000, 0x0000000086d80000, 0x00000000d5d80000)
  object space 87552K, 7% used [0x0000000081800000,0x0000000081e57788,0x0000000086d80000)
 Metaspace       used 20016K, capacity 20498K, committed 20736K, reserved 1067008K
  class space    used 2568K, capacity 2717K, committed 2816K, reserved 1048576K

Card table byte_map: [0x0000000013b50000,0x0000000013f50000] byte_map_base: 0x0000000013744000

Marking Bits: (ParMarkBitMap*) 0x0000000065890860
 Begin Bits: [0x0000000014a00000, 0x00000000169a0000)
 End Bits:   [0x00000000169a0000, 0x0000000018940000)

Polling page: 0x0000000002d80000

CodeCache: size=245760Kb used=11129Kb max_used=11166Kb free=234630Kb
 bounds [0x0000000004790000, 0x0000000005290000, 0x0000000013790000]
 total_blobs=3403 nmethods=3008 adapters=307
 compilation: enabled

Compilation events (10 events):
Event: 3.232 Thread 0x000000001b6df000 3017       3       org.springframework.asm.MethodVisitor::visitAnnotationDefault (17 bytes)
Event: 3.233 Thread 0x000000001b6df000 nmethod 3017 0x0000000005268050 code [0x00000000052681c0, 0x0000000005268428]
Event: 3.235 Thread 0x000000001b6df000 3018       3       java.util.StringTokenizer::<init> (52 bytes)
Event: 3.235 Thread 0x000000001b6df000 nmethod 3018 0x00000000052684d0 code [0x0000000005268640, 0x0000000005268968]
Event: 3.239 Thread 0x000000001b6df000 3020       3       java.util.zip.ZipFile::access$200 (5 bytes)
Event: 3.240 Thread 0x000000001b6df000 nmethod 3020 0x0000000005268e90 code [0x0000000005269000, 0x0000000005269168]
Event: 3.243 Thread 0x000000001b6df000 3021   !   3       sun.reflect.GeneratedMethodAccessor5::invoke (63 bytes)
Event: 3.243 Thread 0x000000001b6df000 nmethod 3021 0x000000000526a710 code [0x000000000526a940, 0x000000000526b348]
Event: 3.251 Thread 0x000000001b6da800 nmethod 2795 0x0000000005274390 code [0x0000000005274820, 0x000000000527b920]
Event: 3.251 Thread 0x000000001b6da800 2845       4       java.lang.Class::copyMethods (36 bytes)

GC Heap History (10 events):
Event: 1.168 GC heap before
{Heap before GC invocations=2 (full 0):
 PSYoungGen      total 38400K, used 38375K [0x00000000d5d80000, 0x00000000d8800000, 0x0000000100000000)
  eden space 33280K, 100% used [0x00000000d5d80000,0x00000000d7e00000,0x00000000d7e00000)
  from space 5120K, 99% used [0x00000000d7e00000,0x00000000d82f9da8,0x00000000d8300000)
  to   space 5120K, 0% used [0x00000000d8300000,0x00000000d8300000,0x00000000d8800000)
 ParOldGen       total 87552K, used 707K [0x0000000081800000, 0x0000000086d80000, 0x00000000d5d80000)
  object space 87552K, 0% used [0x0000000081800000,0x00000000818b0dc0,0x0000000086d80000)
 Metaspace       used 14466K, capacity 14726K, committed 14848K, reserved 1062912K
  class space    used 1894K, capacity 2019K, committed 2048K, reserved 1048576K
Event: 1.173 GC heap after
Heap after GC invocations=2 (full 0):
 PSYoungGen      total 38400K, used 5115K [0x00000000d5d80000, 0x00000000da880000, 0x0000000100000000)
  eden space 33280K, 0% used [0x00000000d5d80000,0x00000000d5d80000,0x00000000d7e00000)
  from space 5120K, 99% used [0x00000000d8300000,0x00000000d87feee8,0x00000000d8800000)
  to   space 5120K, 0% used [0x00000000d7e00000,0x00000000d7e00000,0x00000000d8300000)
 ParOldGen       total 87552K, used 1831K [0x0000000081800000, 0x0000000086d80000, 0x00000000d5d80000)
  object space 87552K, 2% used [0x0000000081800000,0x00000000819c9c90,0x0000000086d80000)
 Metaspace       used 14466K, capacity 14726K, committed 14848K, reserved 1062912K
  class space    used 1894K, capacity 2019K, committed 2048K, reserved 1048576K
}
Event: 1.502 GC heap before
{Heap before GC invocations=3 (full 0):
 PSYoungGen      total 38400K, used 38395K [0x00000000d5d80000, 0x00000000da880000, 0x0000000100000000)
  eden space 33280K, 100% used [0x00000000d5d80000,0x00000000d7e00000,0x00000000d7e00000)
  from space 5120K, 99% used [0x00000000d8300000,0x00000000d87feee8,0x00000000d8800000)
  to   space 5120K, 0% used [0x00000000d7e00000,0x00000000d7e00000,0x00000000d8300000)
 ParOldGen       total 87552K, used 1831K [0x0000000081800000, 0x0000000086d80000, 0x00000000d5d80000)
  object space 87552K, 2% used [0x0000000081800000,0x00000000819c9c90,0x0000000086d80000)
 Metaspace       used 16750K, capacity 16932K, committed 17152K, reserved 1064960K
  class space    used 2198K, capacity 2280K, committed 2304K, reserved 1048576K
Event: 1.507 GC heap after
Heap after GC invocations=3 (full 0):
 PSYoungGen      total 38400K, used 5110K [0x00000000d5d80000, 0x00000000da880000, 0x0000000100000000)
  eden space 33280K, 0% used [0x00000000d5d80000,0x00000000d5d80000,0x00000000d7e00000)
  from space 5120K, 99% used [0x00000000d7e00000,0x00000000d82fdb78,0x00000000d8300000)
  to   space 5120K, 0% used [0x00000000da380000,0x00000000da380000,0x00000000da880000)
 ParOldGen       total 87552K, used 3407K [0x0000000081800000, 0x0000000086d80000, 0x00000000d5d80000)
  object space 87552K, 3% used [0x0000000081800000,0x0000000081b53f58,0x0000000086d80000)
 Metaspace       used 16750K, capacity 16932K, committed 17152K, reserved 1064960K
  class space    used 2198K, capacity 2280K, committed 2304K, reserved 1048576K
}
Event: 1.766 GC heap before
{Heap before GC invocations=4 (full 0):
 PSYoungGen      total 38400K, used 38390K [0x00000000d5d80000, 0x00000000da880000, 0x0000000100000000)
  eden space 33280K, 100% used [0x00000000d5d80000,0x00000000d7e00000,0x00000000d7e00000)
  from space 5120K, 99% used [0x00000000d7e00000,0x00000000d82fdb78,0x00000000d8300000)
  to   space 5120K, 0% used [0x00000000da380000,0x00000000da380000,0x00000000da880000)
 ParOldGen       total 87552K, used 3407K [0x0000000081800000, 0x0000000086d80000, 0x00000000d5d80000)
  object space 87552K, 3% used [0x0000000081800000,0x0000000081b53f58,0x0000000086d80000)
 Metaspace       used 17788K, capacity 18108K, committed 18432K, reserved 1064960K
  class space    used 2338K, capacity 2460K, committed 2560K, reserved 1048576K
Event: 1.771 GC heap after
Heap after GC invocations=4 (full 0):
 PSYoungGen      total 71680K, used 5104K [0x00000000d5d80000, 0x00000000da880000, 0x0000000100000000)
  eden space 66560K, 0% used [0x00000000d5d80000,0x00000000d5d80000,0x00000000d9e80000)
  from space 5120K, 99% used [0x00000000da380000,0x00000000da87c050,0x00000000da880000)
  to   space 5120K, 0% used [0x00000000d9e80000,0x00000000d9e80000,0x00000000da380000)
 ParOldGen       total 87552K, used 4283K [0x0000000081800000, 0x0000000086d80000, 0x00000000d5d80000)
  object space 87552K, 4% used [0x0000000081800000,0x0000000081c2ed00,0x0000000086d80000)
 Metaspace       used 17788K, capacity 18108K, committed 18432K, reserved 1064960K
  class space    used 2338K, capacity 2460K, committed 2560K, reserved 1048576K
}
Event: 2.397 GC heap before
{Heap before GC invocations=5 (full 0):
 PSYoungGen      total 71680K, used 71664K [0x00000000d5d80000, 0x00000000da880000, 0x0000000100000000)
  eden space 66560K, 100% used [0x00000000d5d80000,0x00000000d9e80000,0x00000000d9e80000)
  from space 5120K, 99% used [0x00000000da380000,0x00000000da87c050,0x00000000da880000)
  to   space 5120K, 0% used [0x00000000d9e80000,0x00000000d9e80000,0x00000000da380000)
 ParOldGen       total 87552K, used 4283K [0x0000000081800000, 0x0000000086d80000, 0x00000000d5d80000)
  object space 87552K, 4% used [0x0000000081800000,0x0000000081c2ed00,0x0000000086d80000)
 Metaspace       used 19586K, capacity 20042K, committed 20224K, reserved 1067008K
  class space    used 2560K, capacity 2705K, committed 2816K, reserved 1048576K
Event: 2.404 GC heap after
Heap after GC invocations=5 (full 0):
 PSYoungGen      total 71680K, used 5088K [0x00000000d5d80000, 0x00000000dee80000, 0x0000000100000000)
  eden space 66560K, 0% used [0x00000000d5d80000,0x00000000d5d80000,0x00000000d9e80000)
  from space 5120K, 99% used [0x00000000d9e80000,0x00000000da378040,0x00000000da380000)
  to   space 7680K, 0% used [0x00000000de700000,0x00000000de700000,0x00000000dee80000)
 ParOldGen       total 87552K, used 6485K [0x0000000081800000, 0x0000000086d80000, 0x00000000d5d80000)
  object space 87552K, 7% used [0x0000000081800000,0x0000000081e55788,0x0000000086d80000)
 Metaspace       used 19586K, capacity 20042K, committed 20224K, reserved 1067008K
  class space    used 2560K, capacity 2705K, committed 2816K, reserved 1048576K
}
Event: 2.806 GC heap before
{Heap before GC invocations=6 (full 0):
 PSYoungGen      total 71680K, used 71648K [0x00000000d5d80000, 0x00000000dee80000, 0x0000000100000000)
  eden space 66560K, 100% used [0x00000000d5d80000,0x00000000d9e80000,0x00000000d9e80000)
  from space 5120K, 99% used [0x00000000d9e80000,0x00000000da378040,0x00000000da380000)
  to   space 7680K, 0% used [0x00000000de700000,0x00000000de700000,0x00000000dee80000)
 ParOldGen       total 87552K, used 6485K [0x0000000081800000, 0x0000000086d80000, 0x00000000d5d80000)
  object space 87552K, 7% used [0x0000000081800000,0x0000000081e55788,0x0000000086d80000)
 Metaspace       used 19841K, capacity 20340K, committed 20480K, reserved 1067008K
  class space    used 2565K, capacity 2712K, committed 2816K, reserved 1048576K
Event: 2.814 GC heap after
Heap after GC invocations=6 (full 0):
 PSYoungGen      total 140800K, used 6961K [0x00000000d5d80000, 0x00000000dee80000, 0x0000000100000000)
  eden space 133120K, 0% used [0x00000000d5d80000,0x00000000d5d80000,0x00000000ddf80000)
  from space 7680K, 90% used [0x00000000de700000,0x00000000dedcc518,0x00000000dee80000)
  to   space 7680K, 0% used [0x00000000ddf80000,0x00000000ddf80000,0x00000000de700000)
 ParOldGen       total 87552K, used 6493K [0x0000000081800000, 0x0000000086d80000, 0x00000000d5d80000)
  object space 87552K, 7% used [0x0000000081800000,0x0000000081e57788,0x0000000086d80000)
 Metaspace       used 19841K, capacity 20340K, committed 20480K, reserved 1067008K
  class space    used 2565K, capacity 2712K, committed 2816K, reserved 1048576K
}

Deoptimization events (10 events):
Event: 1.828 Thread 0x000000001cc93800 Uncommon trap: reason=array_check action=maybe_recompile pc=0x0000000004e8dcf0 method=java.util.AbstractCollection.toArray([Ljava/lang/Object;)[Ljava/lang/Object; @ 119
Event: 1.828 Thread 0x000000001cc93800 Uncommon trap: reason=array_check action=maybe_recompile pc=0x0000000004e8dcf0 method=java.util.AbstractCollection.toArray([Ljava/lang/Object;)[Ljava/lang/Object; @ 119
Event: 1.961 Thread 0x000000001cc93800 Uncommon trap: reason=bimorphic action=maybe_recompile pc=0x0000000004babe50 method=java.util.HashMap.putVal(ILjava/lang/Object;Ljava/lang/Object;ZZ)Ljava/lang/Object; @ 203
Event: 1.965 Thread 0x000000001cc93800 Uncommon trap: reason=bimorphic action=maybe_recompile pc=0x0000000004babe50 method=java.util.HashMap.putVal(ILjava/lang/Object;Ljava/lang/Object;ZZ)Ljava/lang/Object; @ 203
Event: 1.979 Thread 0x000000001cc93800 Uncommon trap: reason=bimorphic action=maybe_recompile pc=0x0000000004babe50 method=java.util.HashMap.putVal(ILjava/lang/Object;Ljava/lang/Object;ZZ)Ljava/lang/Object; @ 203
Event: 2.206 Thread 0x000000001cc93800 Uncommon trap: reason=null_check action=make_not_entrant pc=0x0000000004ec8890 method=java.util.AbstractCollection.toArray([Ljava/lang/Object;)[Ljava/lang/Object; @ 119
Event: 2.246 Thread 0x000000001cc93800 Uncommon trap: reason=unstable_if action=reinterpret pc=0x0000000004dbebe4 method=java.lang.Class.searchMethods([Ljava/lang/reflect/Method;Ljava/lang/String;[Ljava/lang/Class;)Ljava/lang/reflect/Method; @ 47
Event: 2.293 Thread 0x000000001cc93800 Uncommon trap: reason=class_check action=maybe_recompile pc=0x0000000004b3e024 method=java.util.Properties$LineReader.readLine()I @ 62
Event: 2.628 Thread 0x000000001cc93800 Uncommon trap: reason=unstable_if action=reinterpret pc=0x0000000004f934c8 method=java.lang.String$CaseInsensitiveComparator.compare(Ljava/lang/String;Ljava/lang/String;)I @ 70
Event: 2.658 Thread 0x000000001cc93800 Uncommon trap: reason=class_check action=maybe_recompile pc=0x0000000004b3e024 method=java.util.Properties$LineReader.readLine()I @ 62

Classes redefined (0 events):
No events

Internal exceptions (10 events):
Event: 3.184 Thread 0x000000001cc93800 Exception <a 'java/lang/ClassNotFoundException': java/lang/ObjectCustomizer> (0x00000000da46b288) thrown at [C:\re\workspace\8-2-build-windows-amd64-cygwin\jdk8u152\9742\hotspot\src\share\vm\classfile\systemDictionary.cpp, line 210]
Event: 3.184 Thread 0x000000001cc93800 Exception <a 'java/lang/ClassNotFoundException': org/springframework/boot/autoconfigure/info/ProjectInfoPropertiesCustomizer> (0x00000000da481c18) thrown at [C:\re\workspace\8-2-build-windows-amd64-cygwin\jdk8u152\9742\hotspot\src\share\vm\classfile\syste
Event: 3.188 Thread 0x000000001cc93800 Exception <a 'java/lang/ClassNotFoundException': java/lang/ObjectCustomizer> (0x00000000da4c59b8) thrown at [C:\re\workspace\8-2-build-windows-amd64-cygwin\jdk8u152\9742\hotspot\src\share\vm\classfile\systemDictionary.cpp, line 210]
Event: 3.189 Thread 0x000000001cc93800 Exception <a 'java/lang/ClassNotFoundException': org/springframework/boot/autoconfigure/info/ProjectInfoAutoConfigurationCustomizer> (0x00000000da4dc368) thrown at [C:\re\workspace\8-2-build-windows-amd64-cygwin\jdk8u152\9742\hotspot\src\share\vm\classfil
Event: 3.189 Thread 0x000000001cc93800 Exception <a 'java/lang/ClassNotFoundException': org/springframework/boot/autoconfigure/info/ProjectInfoAutoConfiguration$$EnhancerBySpringCGLIB$$72b3857eCustomizer> (0x00000000da4f5d50) thrown at [C:\re\workspace\8-2-build-windows-amd64-cygwin\jdk8u152\9
Event: 3.189 Thread 0x000000001cc93800 Exception <a 'java/lang/ClassNotFoundException': org/springframework/context/annotation/ConfigurationClassEnhancer$EnhancedConfigurationCustomizer> (0x00000000da512520) thrown at [C:\re\workspace\8-2-build-windows-amd64-cygwin\jdk8u152\9742\hotspot\src\sh
Event: 3.190 Thread 0x000000001cc93800 Exception <a 'java/lang/ClassNotFoundException': java/lang/ObjectCustomizer> (0x00000000da51ce88) thrown at [C:\re\workspace\8-2-build-windows-amd64-cygwin\jdk8u152\9742\hotspot\src\share\vm\classfile\systemDictionary.cpp, line 210]
Event: 3.191 Thread 0x000000001cc93800 Exception <a 'java/lang/ClassNotFoundException': org/springframework/boot/autoconfigure/web/WebClientAutoConfigurationCustomizer> (0x00000000da5334f8) thrown at [C:\re\workspace\8-2-build-windows-amd64-cygwin\jdk8u152\9742\hotspot\src\share\vm\classfile\s
Event: 3.191 Thread 0x000000001cc93800 Exception <a 'java/lang/ClassNotFoundException': org/springframework/boot/autoconfigure/web/WebClientAutoConfiguration$$EnhancerBySpringCGLIB$$47589d18Customizer> (0x00000000da54b848) thrown at [C:\re\workspace\8-2-build-windows-amd64-cygwin\jdk8u152\9742
Event: 3.192 Thread 0x000000001cc93800 Exception <a 'java/lang/ClassNotFoundException': org/springframework/context/annotation/ConfigurationClassEnhancer$EnhancedConfigurationCustomizer> (0x00000000da565e38) thrown at [C:\re\workspace\8-2-build-windows-amd64-cygwin\jdk8u152\9742\hotspot\src\sh

Events (10 events):
Event: 3.253 loading class org/springframework/web/servlet/DispatcherServlet
Event: 3.253 loading class org/springframework/web/servlet/DispatcherServlet done
Event: 3.254 loading class groovy/text/markup/MarkupTemplateEngine
Event: 3.254 loading class groovy/text/markup/MarkupTemplateEngine done
Event: 3.254 loading class org/springframework/web/servlet/config/annotation/WebMvcConfigurerAdapter
Event: 3.254 loading class org/springframework/web/servlet/config/annotation/WebMvcConfigurerAdapter done
Event: 3.254 loading class org/springframework/security/authentication/AuthenticationManager
Event: 3.254 loading class org/springframework/security/authentication/AuthenticationManager done
Event: 3.254 loading class org/springframework/cloud/config/java/CloudScanConfiguration
Event: 3.254 loading class org/springframework/cloud/config/java/CloudScanConfiguration done


Dynamic libraries:
0x00007ff601780000 - 0x00007ff6017b7000 	C:\Program Files\Java\jdk1.8.0_152\bin\java.exe
0x00007ff8f8550000 - 0x00007ff8f8730000 	C:\WINDOWS\SYSTEM32\ntdll.dll
0x00007ff8f7620000 - 0x00007ff8f76ce000 	C:\WINDOWS\System32\KERNEL32.DLL
0x00007ff8f4bc0000 - 0x00007ff8f4e26000 	C:\WINDOWS\System32\KERNELBASE.dll
0x00007ff8f7130000 - 0x00007ff8f71d1000 	C:\WINDOWS\System32\ADVAPI32.dll
0x00007ff8f71e0000 - 0x00007ff8f727d000 	C:\WINDOWS\System32\msvcrt.dll
0x00007ff8f6f80000 - 0x00007ff8f6fdb000 	C:\WINDOWS\System32\sechost.dll
0x00007ff8f8400000 - 0x00007ff8f851f000 	C:\WINDOWS\System32\RPCRT4.dll
0x00007ff8f73c0000 - 0x00007ff8f754f000 	C:\WINDOWS\System32\USER32.dll
0x00007ff8f4950000 - 0x00007ff8f4970000 	C:\WINDOWS\System32\win32u.dll
0x00007ff8f7560000 - 0x00007ff8f7588000 	C:\WINDOWS\System32\GDI32.dll
0x00007ff8f56b0000 - 0x00007ff8f5843000 	C:\WINDOWS\System32\gdi32full.dll
0x00007ff8f4b20000 - 0x00007ff8f4bbb000 	C:\WINDOWS\System32\msvcp_win.dll
0x00007ff8f4970000 - 0x00007ff8f4a66000 	C:\WINDOWS\System32\ucrtbase.dll
0x00007ff8e8980000 - 0x00007ff8e8be9000 	C:\WINDOWS\WinSxS\amd64_microsoft.windows.common-controls_6595b64144ccf1df_6.0.16299.371_none_15c7d1789365a290\COMCTL32.dll
0x00007ff8f77c0000 - 0x00007ff8f7ac8000 	C:\WINDOWS\System32\combase.dll
0x00007ff8f4e30000 - 0x00007ff8f4ea2000 	C:\WINDOWS\System32\bcryptPrimitives.dll
0x00007ff8f75f0000 - 0x00007ff8f761d000 	C:\WINDOWS\System32\IMM32.DLL
0x0000000066910000 - 0x00000000669e2000 	C:\Program Files\Java\jdk1.8.0_152\jre\bin\msvcr100.dll
0x0000000065070000 - 0x0000000065910000 	C:\Program Files\Java\jdk1.8.0_152\jre\bin\server\jvm.dll
0x00007ff8f7550000 - 0x00007ff8f7558000 	C:\WINDOWS\System32\PSAPI.DLL
0x00007ff8f38b0000 - 0x00007ff8f38b9000 	C:\WINDOWS\SYSTEM32\WSOCK32.dll
0x00007ff8f1290000 - 0x00007ff8f12b3000 	C:\WINDOWS\SYSTEM32\WINMM.dll
0x00007ff8f0dc0000 - 0x00007ff8f0dca000 	C:\WINDOWS\SYSTEM32\VERSION.dll
0x00007ff8f72f0000 - 0x00007ff8f735c000 	C:\WINDOWS\System32\WS2_32.dll
0x00007ff8f1160000 - 0x00007ff8f118a000 	C:\WINDOWS\SYSTEM32\WINMMBASE.dll
0x00007ff8f4ad0000 - 0x00007ff8f4b1a000 	C:\WINDOWS\System32\cfgmgr32.dll
0x0000000066900000 - 0x000000006690f000 	C:\Program Files\Java\jdk1.8.0_152\jre\bin\verify.dll
0x00000000668d0000 - 0x00000000668f9000 	C:\Program Files\Java\jdk1.8.0_152\jre\bin\java.dll
0x0000000066420000 - 0x0000000066436000 	C:\Program Files\Java\jdk1.8.0_152\jre\bin\zip.dll
0x00007ff8f5a20000 - 0x00007ff8f6e56000 	C:\WINDOWS\System32\SHELL32.dll
0x00007ff8f7ad0000 - 0x00007ff8f7b76000 	C:\WINDOWS\System32\shcore.dll
0x00007ff8f4eb0000 - 0x00007ff8f55f7000 	C:\WINDOWS\System32\windows.storage.dll
0x00007ff8f7590000 - 0x00007ff8f75e1000 	C:\WINDOWS\System32\shlwapi.dll
0x00007ff8f48c0000 - 0x00007ff8f48d1000 	C:\WINDOWS\System32\kernel.appcore.dll
0x00007ff8f4900000 - 0x00007ff8f494c000 	C:\WINDOWS\System32\powrprof.dll
0x00007ff8f48a0000 - 0x00007ff8f48bb000 	C:\WINDOWS\System32\profapi.dll
0x0000000066400000 - 0x000000006641a000 	C:\Program Files\Java\jdk1.8.0_152\jre\bin\net.dll
0x00007ff8f4130000 - 0x00007ff8f4196000 	C:\WINDOWS\system32\mswsock.dll
0x00000000663e0000 - 0x00000000663f1000 	C:\Program Files\Java\jdk1.8.0_152\jre\bin\nio.dll
0x00007ff8f4300000 - 0x00007ff8f4317000 	C:\WINDOWS\SYSTEM32\CRYPTSP.dll
0x00007ff8f3d30000 - 0x00007ff8f3d63000 	C:\WINDOWS\system32\rsaenh.dll
0x00007ff8f4400000 - 0x00007ff8f4425000 	C:\WINDOWS\SYSTEM32\bcrypt.dll
0x00007ff8f47a0000 - 0x00007ff8f47c9000 	C:\WINDOWS\SYSTEM32\USERENV.dll
0x00007ff8f42f0000 - 0x00007ff8f42fb000 	C:\WINDOWS\SYSTEM32\CRYPTBASE.dll
0x00007ff8f3ec0000 - 0x00007ff8f3ef9000 	C:\WINDOWS\SYSTEM32\IPHLPAPI.DLL
0x00007ff8f72e0000 - 0x00007ff8f72e8000 	C:\WINDOWS\System32\NSI.dll
0x00007ff8f1070000 - 0x00007ff8f1086000 	C:\WINDOWS\SYSTEM32\dhcpcsvc6.DLL
0x00007ff8f1050000 - 0x00007ff8f106a000 	C:\WINDOWS\SYSTEM32\dhcpcsvc.DLL
0x00000000668c0000 - 0x00000000668cd000 	C:\Program Files\Java\jdk1.8.0_152\jre\bin\management.dll
0x00007ff8dc900000 - 0x00007ff8dc916000 	C:\WINDOWS\system32\napinsp.dll
0x00007ff8dbd20000 - 0x00007ff8dbd3a000 	C:\WINDOWS\system32\pnrpnsp.dll
0x00007ff8f0e50000 - 0x00007ff8f0e68000 	C:\WINDOWS\system32\NLAapi.dll
0x00007ff8f3f00000 - 0x00007ff8f3fb6000 	C:\WINDOWS\SYSTEM32\DNSAPI.dll
0x00007ff8dc8f0000 - 0x00007ff8dc8fe000 	C:\WINDOWS\System32\winrnr.dll
0x00007ff8e8dc0000 - 0x00007ff8e8dca000 	C:\Windows\System32\rasadhlp.dll
0x00007ff8e7960000 - 0x00007ff8e79d0000 	C:\WINDOWS\System32\fwpuclnt.dll

VM Arguments:
jvm_args: -Djava.security.manager=worker.org.gradle.process.internal.worker.child.BootstrapSecurityManager -Dorg.gradle.native=false -Dfile.encoding=windows-1250 -Duser.country=PL -Duser.language=pl -Duser.variant -ea 
java_command: worker.org.gradle.process.internal.worker.GradleWorkerMain 'Gradle Test Executor 15'
java_class_path (initial): C:\Users\kondm\.gradle\caches\4.6\workerMain\gradle-worker.jar
Launcher Type: SUN_STANDARD

Environment Variables:
JAVA_HOME=C:\Program Files\Java\jdk1.8.0_152
CLASSPATH=C:\gradle-4.6\bin\..\lib\gradle-launcher-4.6.jar
PATH=C:\Program Files (x86)\Common Files\Oracle\Java\javapath;C:\ProgramData\Oracle\Java\javapath;C:\Program Files\Intel\WiFi\bin\;C:\Program Files\Common Files\Intel\WirelessCommon\;C:\Program Files (x86)\Skype\Phone\;C:\FPC\3.0.2\bin\i386-Win32;C:\WINDOWS\system32;C:\WINDOWS;C:\WINDOWS\System32\Wbem;C:\WINDOWS\System32\WindowsPowerShell\v1.0\;C:\Program Files (x86)\NVIDIA Corporation\PhysX\Common;C:\Program Files (x86)\QuickTime\QTSystem\;C:\WINDOWS\system32;C:\WINDOWS;C:\WINDOWS\System32\Wbem;C:\WINDOWS\System32\WindowsPowerShell\v1.0\;C:\Program Files\MySQL\MySQL Utilities 1.6\;C:\Program Files (x86)\Windows Kits\10\Windows Performance Toolkit\;C:\Program Files\Git\cmd;C:\Program Files (x86)\Smart Projects\IsoBuster;C:\Program Files\Java\jdk1.8.0_152\bin;C:\Program Files\Java\jre1.8.0_152;C:\MinGW\bin;C:\Qt\Qt5.9.1\5.9.1\mingw53_32\bin;C:\Users\kondm\AppData\Local\Programs\MiKTeX 2.9\miktex\bin\x64\;C:\Users\kondm\AppData\Local\GitHubDesktop\bin;C:\gradle-4.6\bin;C:\Program Files\Heroku\bin
USERNAME=kondm
OS=Windows_NT
PROCESSOR_IDENTIFIER=Intel64 Family 6 Model 94 Stepping 3, GenuineIntel



---------------  S Y S T E M  ---------------

OS: Windows 10.0 , 64 bit Build 16299 (10.0.16299.15)

CPU:total 8 (initial active 8) (4 cores per cpu, 2 threads per core) family 6 model 94 stepping 3, cmov, cx8, fxsr, mmx, sse, sse2, sse3, ssse3, sse4.1, sse4.2, popcnt, avx, avx2, aes, clmul, erms, rtm, 3dnowpref, lzcnt, ht, tsc, tscinvbit, bmi1, bmi2, adx

Memory: 4k page, physical 8284708k(1430800k free), swap 10236452k(5892k free)

vm_info: Java HotSpot(TM) 64-Bit Server VM (25.152-b16) for windows-amd64 JRE (1.8.0_152-b16), built on Sep 14 2017 02:29:36 by "java_re" with MS VC++ 10.0 (VS2010)

time: Tue May 08 20:07:07 2018
elapsed time: 3 seconds (0d 0h 0m 3s)

