JvmtiExport can_access_local_variables 0
JvmtiExport can_hotswap_or_post_breakpoint 0
JvmtiExport can_post_on_exceptions 0
# 485 ciObject found
ciMethod java/lang/Object <init> ()V 4097 1 141228 0 0
ciMethod java/lang/Object hashCode ()I 2049 1 256 0 -1
ciMethod java/lang/Object equals (Ljava/lang/Object;)Z 1833 1 2247 0 -1
ciMethod java/lang/Object clone ()Ljava/lang/Object; 2049 1 256 0 -1
ciMethod java/lang/String <init> ([CII)V 4097 1 5644 0 704
ciMethod java/lang/String <init> ([BIILjava/lang/String;)V 3073 1 995 0 -1
ciMethod java/lang/String <init> ([CZ)V 1913 1 11292 0 64
ciMethod java/lang/String length ()I 4097 1 84766 0 0
ciMethod java/lang/String charAt (I)C 4097 1 803987 0 128
ciMethod java/lang/String codePointAt (I)I 673 1 3274 0 -1
ciMethod java/lang/String getChars ([CI)V 2057 1 5383 0 0
ciMethod java/lang/String equals (Ljava/lang/Object;)Z 2177 11473 19398 0 -1
ciMethod java/lang/String equalsIgnoreCase (Ljava/lang/String;)Z 3097 1 5564 0 1472
ciMethod java/lang/String regionMatches (ZILjava/lang/String;II)Z 1969 593 4059 0 0
ciMethod java/lang/String hashCode ()I 2801 32769 1380 0 288
ciMethod java/lang/String lastIndexOf (I)I 2185 1 13465 0 288
ciMethod java/lang/String lastIndexOf (II)I 1049 54385 938 0 288
ciMethod java/lang/String lastIndexOfSupplementary (II)I 0 0 1 0 -1
ciMethod java/lang/String substring (II)Ljava/lang/String; 2737 1 5479 0 992
ciMethod java/lang/String concat (Ljava/lang/String;)Ljava/lang/String; 2049 1 5383 0 896
ciMethod java/lang/String replace (CC)Ljava/lang/String; 857 41321 825 0 1152
ciMethod java/lang/String toUpperCase (Ljava/util/Locale;)Ljava/lang/String; 545 12921 843 0 2400
ciMethod java/lang/ClassLoader defineClass (Ljava/lang/String;[BIILjava/security/ProtectionDomain;)Ljava/lang/Class; 2161 1 2353 0 -1
ciMethod java/lang/ClassLoader definePackage (Ljava/lang/String;Ljava/lang/String;Ljava/lang/String;Ljava/lang/String;Ljava/lang/String;Ljava/lang/String;Ljava/lang/String;Ljava/net/URL;)Ljava/lang/Package; 841 1 351 0 0
ciMethod java/lang/ClassLoader getPackage (Ljava/lang/String;)Ljava/lang/Package; 2057 1 4084 0 0
ciMethod java/lang/System nanoTime ()J 3073 1 384 0 -1
ciMethod java/lang/System arraycopy (Ljava/lang/Object;ILjava/lang/Object;II)V 5121 1 640 0 -1
ciMethod java/lang/Throwable addSuppressed (Ljava/lang/Throwable;)V 0 0 1 0 0
ciMethod java/security/SecureClassLoader defineClass (Ljava/lang/String;[BIILjava/security/CodeSource;)Ljava/lang/Class; 2161 1 2344 0 -1
ciMethod java/security/SecureClassLoader defineClass (Ljava/lang/String;Ljava/nio/ByteBuffer;Ljava/security/CodeSource;)Ljava/lang/Class; 0 0 1 0 -1
ciMethod java/security/SecureClassLoader getProtectionDomain (Ljava/security/CodeSource;)Ljava/security/ProtectionDomain; 2161 1 2351 0 -1
ciMethod java/lang/ref/Reference get ()Ljava/lang/Object; 2049 1 256 0 -1
ciMethod java/lang/ref/Reference <init> (Ljava/lang/Object;)V 1425 1 1963 0 0
ciMethod java/lang/ref/Reference <init> (Ljava/lang/Object;Ljava/lang/ref/ReferenceQueue;)V 3081 1 10837 0 0
ciMethod java/lang/ref/SoftReference <init> (Ljava/lang/Object;)V 1361 1 886 0 0
ciMethod java/lang/ref/SoftReference get ()Ljava/lang/Object; 2049 1 5441 0 96
ciMethod java/lang/Thread currentThread ()Ljava/lang/Thread; 3073 1 384 0 -1
ciMethod java/lang/Thread interrupt ()V 0 0 1 0 -1
ciMethod java/lang/Thread interrupted ()Z 2057 1 4368 0 -1
ciMethod java/util/Map get (Ljava/lang/Object;)Ljava/lang/Object; 0 0 1 0 -1
ciMethod java/util/Map put (Ljava/lang/Object;Ljava/lang/Object;)Ljava/lang/Object; 0 0 1 0 -1
ciMethod java/util/Hashtable <init> (IF)V 2057 1 544 0 0
ciMethod java/util/Hashtable <init> (I)V 1057 1 132 0 0
ciMethod java/util/Hashtable <init> ()V 2049 1 412 0 0
ciMethod java/util/Dictionary <init> ()V 2057 1 544 0 0
ciMethod java/lang/StringBuilder <init> ()V 1001 1 8770 0 -1
ciMethod java/lang/StringBuilder append (Ljava/lang/String;)Ljava/lang/StringBuilder; 2193 1 14328 0 -1
ciMethod java/lang/StringBuilder toString ()Ljava/lang/String; 1097 1 9003 0 -1
ciMethod java/io/ByteArrayInputStream <init> ([B)V 169 1 134 0 0
ciMethod java/io/InputStream <init> ()V 3081 1 6146 0 0
ciMethod java/io/InputStream read ([BII)I 9 1929 1 0 -1
ciMethod java/io/InputStream close ()V 0 0 1 0 -1
ciMethod java/net/URLClassLoader getAndVerifyPackage (Ljava/lang/String;Ljava/util/jar/Manifest;Ljava/net/URL;)Ljava/lang/Package; 3201 1 2119 0 0
ciMethod java/net/URLClassLoader definePackageInternal (Ljava/lang/String;Ljava/util/jar/Manifest;Ljava/net/URL;)V 2169 1 2119 0 0
ciMethod java/net/URLClassLoader defineClass (Ljava/lang/String;Lsun/misc/Resource;)Ljava/lang/Class; 1145 1 2119 0 0
ciMethod java/net/URLClassLoader definePackage (Ljava/lang/String;Ljava/util/jar/Manifest;Ljava/net/URL;)Ljava/lang/Package; 841 1 334 0 0
ciMethod java/net/URLClassLoader isSealed (Ljava/lang/String;Ljava/util/jar/Manifest;)Z 2049 1 1788 0 0
ciMethod java/net/URLClassLoader access$000 (Ljava/net/URLClassLoader;)Lsun/misc/URLClassPath; 1073 1 134 0 0
ciMethod java/net/URLClassLoader access$100 (Ljava/net/URLClassLoader;Ljava/lang/String;Lsun/misc/Resource;)Ljava/lang/Class; 1145 1 2118 0 0
ciMethod java/util/jar/Manifest <init> (Ljava/io/InputStream;)V 161 1 130 0 0
ciMethod java/util/jar/Manifest getMainAttributes ()Ljava/util/jar/Attributes; 1025 1 128 0 0
ciMethod java/util/jar/Manifest getEntries ()Ljava/util/Map; 1025 1 128 0 0
ciMethod java/util/jar/Manifest getAttributes (Ljava/lang/String;)Ljava/util/jar/Attributes; 2665 1 2223 0 0
ciMethod java/util/jar/Manifest read (Ljava/io/InputStream;)V 161 1 132 0 -1
ciMethod java/util/jar/Manifest parseName ([BI)Ljava/lang/String; 305 1 38 0 -1
ciMethod java/security/CodeSource <init> (Ljava/net/URL;[Ljava/security/CodeSigner;)V 2161 1 2344 0 -1
ciMethod java/lang/Character charCount (I)I 897 1 5810 0 -1
ciMethod java/lang/Character toChars (I[CI)I 0 0 1 0 -1
ciMethod java/lang/Character toChars (I)[C 0 0 1 0 -1
ciMethod java/lang/Character toLowerCase (C)C 2057 1 13977 0 0
ciMethod java/lang/Character toLowerCase (I)I 4097 1 185201 0 0
ciMethod java/lang/Character toUpperCase (C)C 2113 1 12447 0 192
ciMethod java/lang/Character toUpperCase (I)I 2129 1 12447 0 0
ciMethod java/lang/Character toUpperCaseEx (I)I 2457 1 27209 0 -1
ciMethod java/lang/Character toUpperCaseCharArray (I)[C 0 0 1 0 -1
ciMethod java/lang/Float isNaN (F)Z 2081 1 2131 0 0
ciMethod java/lang/Float floatToRawIntBits (F)I 9 1 1 0 -1
ciMethod java/util/Comparator compare (Ljava/lang/Object;Ljava/lang/Object;)I 0 0 1 0 -1
ciMethod java/security/AccessController doPrivileged (Ljava/security/PrivilegedAction;)Ljava/lang/Object; 2049 1 256 0 -1
ciMethod java/util/List add (Ljava/lang/Object;)Z 0 0 1 0 -1
ciMethod java/util/AbstractList <init> ()V 2049 1 5748 0 0
ciMethod java/util/AbstractCollection <init> ()V 2049 1 8803 0 0
ciMethod java/util/Stack pop ()Ljava/lang/Object; 129 1 240 0 -1
ciMethod java/util/Stack empty ()Z 257 1 525 0 -1
ciMethod java/util/ArrayList <init> (I)V 1697 1 344 0 -1
ciMethod java/util/ArrayList <init> ()V 1025 1 3291 0 0
ciMethod java/util/ArrayList size ()I 1057 1 132 0 -1
ciMethod java/util/ArrayList get (I)Ljava/lang/Object; 1945 1 7025 0 -1
ciMethod java/util/ArrayList add (Ljava/lang/Object;)Z 497 1 7594 0 -1
ciMethod java/util/AbstractMap <init> ()V 745 1 3584 0 0
ciMethod java/util/HashMap hash (Ljava/lang/Object;)I 2273 1 18969 0 160
ciMethod java/util/HashMap tableSizeFor (I)I 2057 1 1146 0 0
ciMethod java/util/HashMap <init> (IF)V 1945 1 1138 0 0
ciMethod java/util/HashMap <init> (I)V 545 1 417 0 0
ciMethod java/util/HashMap <init> ()V 441 1 1881 0 0
ciMethod java/util/HashMap get (Ljava/lang/Object;)Ljava/lang/Object; 4097 1 10766 0 576
ciMethod java/util/HashMap getNode (ILjava/lang/Object;)Ljava/util/HashMap$Node; 3833 33 10738 0 544
ciMethod java/util/HashMap containsKey (Ljava/lang/Object;)Z 129 1 1246 0 -1
ciMethod java/util/HashMap put (Ljava/lang/Object;Ljava/lang/Object;)Ljava/lang/Object; 2049 1 6214 0 1248
ciMethod java/util/HashMap putVal (ILjava/lang/Object;Ljava/lang/Object;ZZ)Ljava/lang/Object; 2057 193 6219 0 -1
ciMethod java/lang/Math max (II)I 433 1 27708 0 -1
ciMethod java/lang/Math min (II)I 3073 1 50485 0 -1
ciMethod java/lang/Math min (FF)F 2049 1 587 0 0
ciMethod java/util/Arrays copyOf ([BI)[B 2057 1 12018 0 -1
ciMethod java/util/Arrays copyOf ([CI)[C 1073 1 16790 0 0
ciMethod java/util/Arrays copyOfRange ([CII)[C 4097 1 5938 0 512
ciMethod java/io/OutputStream <init> ()V 3089 1 607 0 0
ciMethodData java/lang/Object <init> ()V 2 141228 orig 264 136 98 0 101 0 0 0 0 128 4 183 22 0 0 0 0 32 1 0 0 0 0 0 0 0 0 0 0 0 0 0 0 0 0 0 0 0 0 0 0 0 0 0 0 0 0 0 0 0 0 0 0 0 0 0 0 0 0 0 0 0 0 0 0 0 0 0 0 0 0 0 0 0 0 0 0 0 0 0 0 77 68 79 32 101 120 116 114 97 32 100 97 116 97 32 108 111 99 107 0 0 0 0 0 0 0 0 0 0 0 0 0 0 0 0 0 0 0 0 0 0 0 0 0 0 0 0 0 0 0 0 0 0 0 0 0 0 0 0 0 0 0 0 0 0 0 0 0 0 0 0 0 0 0 0 0 0 0 0 0 0 0 0 0 0 0 0 0 0 0 0 0 0 0 0 0 0 0 0 0 0 0 0 0 1 0 0 0 0 0 0 0 1 0 0 0 0 0 0 0 1 0 0 0 0 0 0 0 0 0 0 0 0 0 0 0 0 2 0 0 97 45 17 0 1 0 0 0 0 0 0 0 0 0 0 0 2 0 0 0 0 0 3 0 1 0 0 0 0 0 0 0 255 255 255 255 0 0 0 0 0 0 0 0 data 0 oops 0
ciMethod java/lang/IllegalArgumentException <init> (Ljava/lang/String;)V 0 0 3 0 -1
ciMethod sun/misc/MetaIndex mayContain (Ljava/lang/String;)Z 2113 4801 3254 0 -1
ciMethodData java/lang/String charAt (I)C 2 804134 orig 264 136 98 0 101 0 0 0 0 104 61 183 22 0 0 0 0 120 1 0 0 32 0 0 0 0 0 0 0 0 0 0 0 0 0 0 0 0 0 0 0 0 0 0 0 0 0 0 0 0 0 0 0 0 0 0 0 0 0 0 0 0 0 0 0 0 0 0 0 0 0 0 0 0 0 0 0 0 0 0 0 77 68 79 32 101 120 116 114 97 32 100 97 116 97 32 108 111 99 107 0 0 0 0 0 0 0 0 0 0 0 0 0 0 0 0 0 0 0 0 0 0 0 0 0 0 0 0 0 0 0 0 0 0 0 0 0 0 0 0 0 0 0 0 0 0 0 0 0 0 0 0 0 0 0 0 0 0 0 0 0 0 0 0 0 0 0 0 0 0 0 0 0 0 0 0 0 0 0 0 0 0 0 0 0 25 0 0 0 0 0 0 0 0 0 0 0 0 0 0 0 1 0 0 0 0 0 0 0 0 0 0 0 0 0 0 0 0 2 0 0 49 25 98 0 1 0 0 0 0 0 0 0 0 0 0 0 2 0 0 0 0 0 8 0 2 0 0 0 80 0 0 0 255 255 255 255 7 0 1 0 0 0 0 0 data 10 0x10007 0x0 0x40 0xc4326 0xa0007 0xc4326 0x30 0x0 0x120002 0x0 oops 0
ciMethod java/util/Locale getLanguage ()Ljava/lang/String; 385 1 1935 0 -1
ciMethod java/lang/CharacterData toLowerCase (I)I 0 0 1 0 -1
ciMethod java/lang/CharacterData toUpperCase (I)I 0 0 1 0 -1
ciMethod java/lang/CharacterData of (I)Ljava/lang/CharacterData; 4097 1 5641 0 96
ciMethod java/lang/CharacterDataLatin1 getProperties (I)I 4097 1 177496 0 0
ciMethod java/lang/CharacterDataLatin1 toLowerCase (I)I 4097 1 158435 0 160
ciMethod java/lang/CharacterDataLatin1 toUpperCase (I)I 3089 1 5624 0 160
ciMethod java/util/HashMap$TreeNode getTreeNode (ILjava/lang/Object;)Ljava/util/HashMap$TreeNode; 0 0 1 0 -1
ciMethodData java/lang/Character toLowerCase (I)I 2 185201 orig 264 136 98 0 101 0 0 0 0 184 164 192 22 0 0 0 0 136 1 0 0 0 0 0 0 0 0 0 0 0 0 0 0 0 0 0 0 0 0 0 0 0 0 0 0 0 0 0 0 0 0 0 0 0 0 0 0 0 0 0 0 0 0 0 0 0 0 0 0 0 0 0 0 0 0 0 0 0 0 0 0 77 68 79 32 101 120 116 114 97 32 100 97 116 97 32 108 111 99 107 0 0 0 0 0 0 0 0 0 0 0 0 0 0 0 0 0 0 0 0 0 0 0 0 0 0 0 0 0 0 0 0 0 0 0 0 0 0 0 0 0 0 0 0 0 0 0 0 0 0 0 0 0 0 0 0 0 0 0 0 0 0 0 0 0 0 0 0 0 0 0 0 0 0 0 0 0 0 0 0 0 0 0 0 0 0 0 0 0 0 0 0 0 0 0 0 0 0 0 0 0 0 0 0 0 0 0 0 0 0 0 0 0 0 0 0 0 0 2 0 0 137 139 22 0 1 0 0 0 0 0 0 0 0 0 0 0 2 0 0 0 0 0 3 0 2 0 0 0 64 0 0 0 255 255 255 255 2 0 1 0 0 0 0 0 data 8 0x10002 0x2d171 0x50005 0x0 0x1bc1f120 0x2d171 0x0 0x0 oops 1