#
# There is insufficient memory for the Java Runtime Environment to continue.
# Native memory allocation (malloc) failed to allocate 32744 bytes for ChunkPool::allocate
# Possible reasons:
#   The system is out of physical RAM or swap space
#   In 32 bit mode, the process size limit was hit
# Possible solutions:
#   Reduce memory load on the system
#   Increase physical memory or swap space
#   Check if swap backing store is full
#   Use 64 bit Java on a 64 bit OS
#   Decrease Java heap size (-Xmx/-Xms)
#   Decrease number of Java threads
#   Decrease Java thread stack sizes (-Xss)
#   Set larger code cache with -XX:ReservedCodeCacheSize=
# This output file may be truncated or incomplete.
#
#  Out of Memory Error (allocation.cpp:273), pid=1964, tid=0x00000000000006b8
#
# JRE version: Java(TM) SE Runtime Environment (8.0_152-b16) (build 1.8.0_152-b16)
# Java VM: Java HotSpot(TM) 64-Bit Server VM (25.152-b16 mixed mode windows-amd64 compressed oops)
# Failed to write core dump. Minidumps are not enabled by default on client versions of Windows
#

---------------  T H R E A D  ---------------

Current thread (0x0000000005298000):  JavaThread "main" [_thread_in_vm, id=1720, stack(0x0000000005160000,0x0000000005260000)]

Stack: [0x0000000005160000,0x0000000005260000]
[error occurred during error reporting (printing stack bounds), id 0xc0000005]

Native frames: (J=compiled Java code, j=interpreted, Vv=VM code, C=native code)

Java frames: (J=compiled Java code, j=interpreted, Vv=VM code)
J 524  java.lang.ClassLoader.defineClass1(Ljava/lang/String;[BIILjava/security/ProtectionDomain;Ljava/lang/String;)Ljava/lang/Class; (0 bytes) @ 0x0000000005778b5f [0x0000000005778ac0+0x9f]
J 576 C1 java.lang.ClassLoader.defineClass(Ljava/lang/String;[BIILjava/security/ProtectionDomain;)Ljava/lang/Class; (43 bytes) @ 0x0000000005798e24 [0x0000000005798840+0x5e4]
J 475 C1 java.net.URLClassLoader.defineClass(Ljava/lang/String;Lsun/misc/Resource;)Ljava/lang/Class; (142 bytes) @ 0x0000000005759ee4 [0x0000000005758380+0x1b64]
J 378 C1 java.net.URLClassLoader$1.run()Ljava/lang/Class; (63 bytes) @ 0x000000000570e314 [0x000000000570e060+0x2b4]
J 293 C1 java.net.URLClassLoader$1.run()Ljava/lang/Object; (5 bytes) @ 0x00000000056d2dcc [0x00000000056d2d40+0x8c]
v  ~StubRoutines::call_stub
J 259  java.security.AccessController.doPrivileged(Ljava/security/PrivilegedExceptionAction;Ljava/security/AccessControlContext;)Ljava/lang/Object; (0 bytes) @ 0x000000000569c2a6 [0x000000000569c240+0x66]
J 1568 C2 java.lang.ClassLoader.loadClass(Ljava/lang/String;Z)Ljava/lang/Class; (122 bytes) @ 0x0000000005af358c [0x0000000005af2aa0+0xaec]
J 327 C1 sun.misc.Launcher$AppClassLoader.loadClass(Ljava/lang/String;Z)Ljava/lang/Class; (85 bytes) @ 0x00000000056e552c [0x00000000056e4b80+0x9ac]
J 326 C1 java.lang.ClassLoader.loadClass(Ljava/lang/String;)Ljava/lang/Class; (7 bytes) @ 0x00000000056e478c [0x00000000056e4680+0x10c]
v  ~StubRoutines::call_stub
j  org.hibernate.boot.registry.selector.internal.StrategySelectorBuilder.addMultiTableBulkIdStrategies(Lorg/hibernate/boot/registry/selector/internal/StrategySelectorImpl;)V+1
j  org.hibernate.boot.registry.selector.internal.StrategySelectorBuilder.buildSelector(Lorg/hibernate/boot/registry/classloading/spi/ClassLoaderService;)Lorg/hibernate/boot/registry/selector/spi/StrategySelector;+26
j  org.hibernate.boot.registry.BootstrapServiceRegistryBuilder.build()Lorg/hibernate/boot/registry/BootstrapServiceRegistry;+77
j  org.hibernate.jpa.boot.internal.EntityManagerFactoryBuilderImpl.buildBootstrapServiceRegistry(Ljava/util/Map;Ljava/lang/ClassLoader;)Lorg/hibernate/boot/registry/BootstrapServiceRegistry;+368
j  org.hibernate.jpa.boot.internal.EntityManagerFactoryBuilderImpl.<init>(Lorg/hibernate/jpa/boot/spi/PersistenceUnitDescriptor;Ljava/util/Map;Ljava/lang/ClassLoader;)V+24
j  org.hibernate.jpa.boot.internal.EntityManagerFactoryBuilderImpl.<init>(Lorg/hibernate/jpa/boot/spi/PersistenceUnitDescriptor;Ljava/util/Map;)V+4
j  org.springframework.orm.jpa.vendor.SpringHibernateJpaPersistenceProvider.createContainerEntityManagerFactory(Ljavax/persistence/spi/PersistenceUnitInfo;Ljava/util/Map;)Ljavax/persistence/EntityManagerFactory;+52
j  org.springframework.orm.jpa.LocalContainerEntityManagerFactoryBean.createNativeEntityManagerFactory()Ljavax/persistence/EntityManagerFactory;+129
j  org.springframework.orm.jpa.AbstractEntityManagerFactoryBean.buildNativeEntityManagerFactory()Ljavax/persistence/EntityManagerFactory;+1
j  org.springframework.orm.jpa.AbstractEntityManagerFactoryBean.afterPropertiesSet()V+273
j  org.springframework.orm.jpa.LocalContainerEntityManagerFactoryBean.afterPropertiesSet()V+71
j  org.springframework.beans.factory.support.AbstractAutowireCapableBeanFactory.invokeInitMethods(Ljava/lang/String;Ljava/lang/Object;Lorg/springframework/beans/factory/support/RootBeanDefinition;)V+109
j  org.springframework.beans.factory.support.AbstractAutowireCapableBeanFactory.initializeBean(Ljava/lang/String;Ljava/lang/Object;Lorg/springframework/beans/factory/support/RootBeanDefinition;)Ljava/lang/Object;+61
j  org.springframework.beans.factory.support.AbstractAutowireCapableBeanFactory.doCreateBean(Ljava/lang/String;Lorg/springframework/beans/factory/support/RootBeanDefinition;[Ljava/lang/Object;)Ljava/lang/Object;+263
j  org.springframework.beans.factory.support.AbstractAutowireCapableBeanFactory.createBean(Ljava/lang/String;Lorg/springframework/beans/factory/support/RootBeanDefinition;[Ljava/lang/Object;)Ljava/lang/Object;+169
j  org.springframework.beans.factory.support.AbstractBeanFactory$1.getObject()Ljava/lang/Object;+16
j  org.springframework.beans.factory.support.DefaultSingletonBeanRegistry.getSingleton(Ljava/lang/String;Lorg/springframework/beans/factory/ObjectFactory;)Ljava/lang/Object;+132
j  org.springframework.beans.factory.support.AbstractBeanFactory.doGetBean(Ljava/lang/String;Ljava/lang/Class;[Ljava/lang/Object;Z)Ljava/lang/Object;+375
j  org.springframework.beans.factory.support.AbstractBeanFactory.getBean(Ljava/lang/String;)Ljava/lang/Object;+5
j  org.springframework.context.support.AbstractApplicationContext.getBean(Ljava/lang/String;)Ljava/lang/Object;+9
j  org.springframework.context.support.AbstractApplicationContext.finishBeanFactoryInitialization(Lorg/springframework/beans/factory/config/ConfigurableListableBeanFactory;)V+102
j  org.springframework.context.support.AbstractApplicationContext.refresh()V+54
j  org.springframework.boot.SpringApplication.refresh(Lorg/springframework/context/ApplicationContext;)V+10
j  org.springframework.boot.SpringApplication.refreshContext(Lorg/springframework/context/ConfigurableApplicationContext;)V+2
j  org.springframework.boot.SpringApplication.run([Ljava/lang/String;)Lorg/springframework/context/ConfigurableApplicationContext;+91
j  org.springframework.boot.test.context.SpringBootContextLoader.loadContext(Lorg/springframework/test/context/MergedContextConfiguration;)Lorg/springframework/context/ApplicationContext;+161
j  org.springframework.test.context.cache.DefaultCacheAwareContextLoaderDelegate.loadContextInternal(Lorg/springframework/test/context/MergedContextConfiguration;)Lorg/springframework/context/ApplicationContext;+27
j  org.springframework.test.context.cache.DefaultCacheAwareContextLoaderDelegate.loadContext(Lorg/springframework/test/context/MergedContextConfiguration;)Lorg/springframework/context/ApplicationContext;+24
j  org.springframework.test.context.support.DefaultTestContext.getApplicationContext()Lorg/springframework/context/ApplicationContext;+8
j  org.springframework.test.context.support.DependencyInjectionTestExecutionListener.injectDependencies(Lorg/springframework/test/context/TestContext;)V+8
j  org.springframework.test.context.support.DependencyInjectionTestExecutionListener.prepareTestInstance(Lorg/springframework/test/context/TestContext;)V+45
j  org.springframework.boot.test.autoconfigure.SpringBootDependencyInjectionTestExecutionListener.prepareTestInstance(Lorg/springframework/test/context/TestContext;)V+2
j  org.springframework.test.context.TestContextManager.prepareTestInstance(Ljava/lang/Object;)V+95
j  org.springframework.test.context.junit4.SpringJUnit4ClassRunner.createTest()Ljava/lang/Object;+10
j  org.springframework.test.context.junit4.SpringJUnit4ClassRunner$1.runReflectiveCall()Ljava/lang/Object;+4
j  org.junit.internal.runners.model.ReflectiveCallable.run()Ljava/lang/Object;+1
j  org.springframework.test.context.junit4.SpringJUnit4ClassRunner.methodBlock(Lorg/junit/runners/model/FrameworkMethod;)Lorg/junit/runners/model/Statement;+8
j  org.springframework.test.context.junit4.SpringJUnit4ClassRunner.runChild(Lorg/junit/runners/model/FrameworkMethod;Lorg/junit/runner/notification/RunNotifier;)V+24
j  org.springframework.test.context.junit4.SpringJUnit4ClassRunner.runChild(Ljava/lang/Object;Lorg/junit/runner/notification/RunNotifier;)V+6
j  org.junit.runners.ParentRunner$3.run()V+12
j  org.junit.runners.ParentRunner$1.schedule(Ljava/lang/Runnable;)V+1
j  org.junit.runners.ParentRunner.runChildren(Lorg/junit/runner/notification/RunNotifier;)V+44
j  org.junit.runners.ParentRunner.access$000(Lorg/junit/runners/ParentRunner;Lorg/junit/runner/notification/RunNotifier;)V+2
j  org.junit.runners.ParentRunner$2.evaluate()V+8
j  org.springframework.test.context.junit4.statements.RunBeforeTestClassCallbacks.evaluate()V+11
j  org.springframework.test.context.junit4.statements.RunAfterTestClassCallbacks.evaluate()V+12
j  org.junit.runners.ParentRunner.run(Lorg/junit/runner/notification/RunNotifier;)V+20
j  org.springframework.test.context.junit4.SpringJUnit4ClassRunner.run(Lorg/junit/runner/notification/RunNotifier;)V+24
j  org.junit.runner.JUnitCore.run(Lorg/junit/runner/Runner;)Lorg/junit/runner/Result;+37
j  com.intellij.junit4.JUnit4IdeaTestRunner.startRunnerWithArgs([Ljava/lang/String;Ljava/lang/String;IZ)I+146
j  com.intellij.rt.execution.junit.IdeaTestRunner$Repeater.startRunnerWithArgs(Lcom/intellij/rt/execution/junit/IdeaTestRunner;[Ljava/lang/String;Ljava/util/ArrayList;Ljava/lang/String;IZ)I+22
j  com.intellij.rt.execution.junit.JUnitStarter.prepareStreamsAndStart([Ljava/lang/String;Ljava/lang/String;Ljava/util/ArrayList;Ljava/lang/String;)I+116
j  com.intellij.rt.execution.junit.JUnitStarter.main([Ljava/lang/String;)V+116
v  ~StubRoutines::call_stub

---------------  P R O C E S S  ---------------

Java Threads: ( => current thread )
  0x000000001c511000 JavaThread "Service Thread" daemon [_thread_blocked, id=5964, stack(0x000000001d190000,0x000000001d290000)]
  0x000000001c43f800 JavaThread "C1 CompilerThread3" daemon [_thread_blocked, id=11108, stack(0x000000001d090000,0x000000001d190000)]
  0x000000001c43b800 JavaThread "C2 CompilerThread2" daemon [_thread_in_native, id=9596, stack(0x000000001cf90000,0x000000001d090000)]
  0x000000001c437000 JavaThread "C2 CompilerThread1" daemon [_thread_blocked, id=7584, stack(0x000000001ce90000,0x000000001cf90000)]
  0x000000001c436000 JavaThread "C2 CompilerThread0" daemon [_thread_in_native, id=14408, stack(0x000000001cd90000,0x000000001ce90000)]
  0x000000001c434800 JavaThread "Monitor Ctrl-Break" daemon [_thread_in_native, id=14400, stack(0x000000001cc90000,0x000000001cd90000)]
  0x000000001c3cd800 JavaThread "Attach Listener" daemon [_thread_blocked, id=3300, stack(0x000000001cb90000,0x000000001cc90000)]
  0x000000001c3cc800 JavaThread "Signal Dispatcher" daemon [_thread_blocked, id=11888, stack(0x000000001ca90000,0x000000001cb90000)]
  0x000000001a4c4800 JavaThread "Finalizer" daemon [_thread_blocked, id=1604, stack(0x000000001c790000,0x000000001c890000)]
  0x000000001a4bd800 JavaThread "Reference Handler" daemon [_thread_blocked, id=9480, stack(0x000000001c290000,0x000000001c390000)]
=>0x0000000005298000 JavaThread "main" [_thread_in_vm, id=1720, stack(0x0000000005160000,0x0000000005260000)]

Other Threads:
  0x000000001a4b5800 VMThread [stack: 0x000000001c190000,0x000000001c290000] [id=15196]
  0x000000001c458000 WatcherThread [stack: 0x000000001d290000,0x000000001d390000] [id=13796]

VM state:not at safepoint (normal execution)

VM Mutex/Monitor currently owned by a thread: None

Heap:
 PSYoungGen      total 71680K, used 20087K [0x00000000d5d80000, 0x00000000da880000, 0x0000000100000000)
  eden space 66560K, 22% used [0x00000000d5d80000,0x00000000d6c1f7b8,0x00000000d9e80000)
  from space 5120K, 99% used [0x00000000da380000,0x00000000da87e4e0,0x00000000da880000)
  to   space 5120K, 0% used [0x00000000d9e80000,0x00000000d9e80000,0x00000000da380000)
 ParOldGen       total 87552K, used 6645K [0x0000000081800000, 0x0000000086d80000, 0x00000000d5d80000)
  object space 87552K, 7% used [0x0000000081800000,0x0000000081e7d430,0x0000000086d80000)
 Metaspace       used 20672K, capacity 20878K, committed 21248K, reserved 1067008K
  class space    used 2691K, capacity 2754K, committed 2816K, reserved 1048576K

Card table byte_map: [0x00000000148b0000,0x0000000014cb0000] byte_map_base: 0x00000000144a4000

Marking Bits: (ParMarkBitMap*) 0x0000000056c00860
 Begin Bits: [0x0000000015760000, 0x0000000017700000)
 End Bits:   [0x0000000017700000, 0x00000000196a0000)

Polling page: 0x0000000003420000

CodeCache: size=245760Kb used=9176Kb max_used=9176Kb free=236583Kb
 bounds [0x00000000054f0000, 0x0000000005df0000, 0x00000000144f0000]
 total_blobs=2874 nmethods=2525 adapters=261
 compilation: enabled

Compilation events (10 events):
Event: 2.844 Thread 0x000000001c43f800 2524       3       java.util.Formatter$FormatSpecifier::<init> (246 bytes)
Event: 2.845 Thread 0x000000001c43f800 nmethod 2524 0x0000000005de9990 code [0x0000000005de9cc0, 0x0000000005deaf98]
Event: 2.845 Thread 0x000000001c43f800 2525   !   3       java.util.Formatter$FormatSpecifier::index (53 bytes)
Event: 2.845 Thread 0x000000001c43f800 nmethod 2525 0x0000000005de59d0 code [0x0000000005de5b60, 0x0000000005de5fd8]
Event: 2.846 Thread 0x000000001c43f800 2526       3       java.util.Formatter::ensureOpen (16 bytes)
Event: 2.846 Thread 0x000000001c43f800 nmethod 2526 0x0000000005de5590 code [0x0000000005de5700, 0x0000000005de5908]
Event: 2.847 Thread 0x000000001c43f800 2527       3       sun.util.locale.provider.LocaleProviderAdapter::getAdapter (171 bytes)
Event: 2.848 Thread 0x000000001c43f800 nmethod 2527 0x0000000005deb810 code [0x0000000005debac0, 0x0000000005decc78]
Event: 2.848 Thread 0x000000001c43f800 2528       1       java.util.Currency::getCurrencyCode (5 bytes)
Event: 2.848 Thread 0x000000001c43f800 nmethod 2528 0x0000000005de52d0 code [0x0000000005de5420, 0x0000000005de5530]

GC Heap History (10 events):
Event: 1.011 GC heap before
{Heap before GC invocations=2 (full 0):
 PSYoungGen      total 38400K, used 37181K [0x00000000d5d80000, 0x00000000d8800000, 0x0000000100000000)
  eden space 33280K, 100% used [0x00000000d5d80000,0x00000000d7e00000,0x00000000d7e00000)
  from space 5120K, 76% used [0x00000000d7e00000,0x00000000d81cf738,0x00000000d8300000)
  to   space 5120K, 0% used [0x00000000d8300000,0x00000000d8300000,0x00000000d8800000)
 ParOldGen       total 87552K, used 8K [0x0000000081800000, 0x0000000086d80000, 0x00000000d5d80000)
  object space 87552K, 0% used [0x0000000081800000,0x0000000081802000,0x0000000086d80000)
 Metaspace       used 9893K, capacity 10048K, committed 10240K, reserved 1058816K
  class space    used 1221K, capacity 1274K, committed 1280K, reserved 1048576K
Event: 1.020 GC heap after
Heap after GC invocations=2 (full 0):
 PSYoungGen      total 38400K, used 4227K [0x00000000d5d80000, 0x00000000da880000, 0x0000000100000000)
  eden space 33280K, 0% used [0x00000000d5d80000,0x00000000d5d80000,0x00000000d7e00000)
  from space 5120K, 82% used [0x00000000d8300000,0x00000000d8720d80,0x00000000d8800000)
  to   space 5120K, 0% used [0x00000000d7e00000,0x00000000d7e00000,0x00000000d8300000)
 ParOldGen       total 87552K, used 16K [0x0000000081800000, 0x0000000086d80000, 0x00000000d5d80000)
  object space 87552K, 0% used [0x0000000081800000,0x0000000081804000,0x0000000086d80000)
 Metaspace       used 9893K, capacity 10048K, committed 10240K, reserved 1058816K
  class space    used 1221K, capacity 1274K, committed 1280K, reserved 1048576K
}
Event: 1.355 GC heap before
{Heap before GC invocations=3 (full 0):
 PSYoungGen      total 38400K, used 37507K [0x00000000d5d80000, 0x00000000da880000, 0x0000000100000000)
  eden space 33280K, 100% used [0x00000000d5d80000,0x00000000d7e00000,0x00000000d7e00000)
  from space 5120K, 82% used [0x00000000d8300000,0x00000000d8720d80,0x00000000d8800000)
  to   space 5120K, 0% used [0x00000000d7e00000,0x00000000d7e00000,0x00000000d8300000)
 ParOldGen       total 87552K, used 16K [0x0000000081800000, 0x0000000086d80000, 0x00000000d5d80000)
  object space 87552K, 0% used [0x0000000081800000,0x0000000081804000,0x0000000086d80000)
 Metaspace       used 13065K, capacity 13184K, committed 13568K, reserved 1060864K
  class space    used 1624K, capacity 1687K, committed 1792K, reserved 1048576K
Event: 1.363 GC heap after
Heap after GC invocations=3 (full 0):
 PSYoungGen      total 38400K, used 4970K [0x00000000d5d80000, 0x00000000da880000, 0x0000000100000000)
  eden space 33280K, 0% used [0x00000000d5d80000,0x00000000d5d80000,0x00000000d7e00000)
  from space 5120K, 97% used [0x00000000d7e00000,0x00000000d82da820,0x00000000d8300000)
  to   space 5120K, 0% used [0x00000000da380000,0x00000000da380000,0x00000000da880000)
 ParOldGen       total 87552K, used 24K [0x0000000081800000, 0x0000000086d80000, 0x00000000d5d80000)
  object space 87552K, 0% used [0x0000000081800000,0x0000000081806000,0x0000000086d80000)
 Metaspace       used 13065K, capacity 13184K, committed 13568K, reserved 1060864K
  class space    used 1624K, capacity 1687K, committed 1792K, reserved 1048576K
}
Event: 1.778 GC heap before
{Heap before GC invocations=4 (full 0):
 PSYoungGen      total 38400K, used 38250K [0x00000000d5d80000, 0x00000000da880000, 0x0000000100000000)
  eden space 33280K, 100% used [0x00000000d5d80000,0x00000000d7e00000,0x00000000d7e00000)
  from space 5120K, 97% used [0x00000000d7e00000,0x00000000d82da820,0x00000000d8300000)
  to   space 5120K, 0% used [0x00000000da380000,0x00000000da380000,0x00000000da880000)
 ParOldGen       total 87552K, used 24K [0x0000000081800000, 0x0000000086d80000, 0x00000000d5d80000)
  object space 87552K, 0% used [0x0000000081800000,0x0000000081806000,0x0000000086d80000)
 Metaspace       used 14858K, capacity 15124K, committed 15360K, reserved 1062912K
  class space    used 1846K, capacity 1939K, committed 2048K, reserved 1048576K
Event: 1.786 GC heap after
Heap after GC invocations=4 (full 0):
 PSYoungGen      total 71680K, used 5088K [0x00000000d5d80000, 0x00000000da880000, 0x0000000100000000)
  eden space 66560K, 0% used [0x00000000d5d80000,0x00000000d5d80000,0x00000000d9e80000)
  from space 5120K, 99% used [0x00000000da380000,0x00000000da878220,0x00000000da880000)
  to   space 5120K, 0% used [0x00000000d9e80000,0x00000000d9e80000,0x00000000da380000)
 ParOldGen       total 87552K, used 319K [0x0000000081800000, 0x0000000086d80000, 0x00000000d5d80000)
  object space 87552K, 0% used [0x0000000081800000,0x000000008184fc68,0x0000000086d80000)
 Metaspace       used 14858K, capacity 15124K, committed 15360K, reserved 1062912K
  class space    used 1846K, capacity 1939K, committed 2048K, reserved 1048576K
}
Event: 2.369 GC heap before
{Heap before GC invocations=5 (full 0):
 PSYoungGen      total 71680K, used 71648K [0x00000000d5d80000, 0x00000000da880000, 0x0000000100000000)
  eden space 66560K, 100% used [0x00000000d5d80000,0x00000000d9e80000,0x00000000d9e80000)
  from space 5120K, 99% used [0x00000000da380000,0x00000000da878220,0x00000000da880000)
  to   space 5120K, 0% used [0x00000000d9e80000,0x00000000d9e80000,0x00000000da380000)
 ParOldGen       total 87552K, used 319K [0x0000000081800000, 0x0000000086d80000, 0x00000000d5d80000)
  object space 87552K, 0% used [0x0000000081800000,0x000000008184fc68,0x0000000086d80000)
 Metaspace       used 17565K, capacity 17788K, committed 17920K, reserved 1064960K
  class space    used 2226K, capacity 2303K, committed 2304K, reserved 1048576K
Event: 2.377 GC heap after
Heap after GC invocations=5 (full 0):
 PSYoungGen      total 71680K, used 5111K [0x00000000d5d80000, 0x00000000da880000, 0x0000000100000000)
  eden space 66560K, 0% used [0x00000000d5d80000,0x00000000d5d80000,0x00000000d9e80000)
  from space 5120K, 99% used [0x00000000d9e80000,0x00000000da37dc48,0x00000000da380000)
  to   space 5120K, 0% used [0x00000000da380000,0x00000000da380000,0x00000000da880000)
 ParOldGen       total 87552K, used 3430K [0x0000000081800000, 0x0000000086d80000, 0x00000000d5d80000)
  object space 87552K, 3% used [0x0000000081800000,0x0000000081b59938,0x0000000086d80000)
 Metaspace       used 17565K, capacity 17788K, committed 17920K, reserved 1064960K
  class space    used 2226K, capacity 2303K, committed 2304K, reserved 1048576K
}
Event: 2.721 GC heap before
{Heap before GC invocations=6 (full 0):
 PSYoungGen      total 71680K, used 71671K [0x00000000d5d80000, 0x00000000da880000, 0x0000000100000000)
  eden space 66560K, 100% used [0x00000000d5d80000,0x00000000d9e80000,0x00000000d9e80000)
  from space 5120K, 99% used [0x00000000d9e80000,0x00000000da37dc48,0x00000000da380000)
  to   space 5120K, 0% used [0x00000000da380000,0x00000000da380000,0x00000000da880000)
 ParOldGen       total 87552K, used 3430K [0x0000000081800000, 0x0000000086d80000, 0x00000000d5d80000)
  object space 87552K, 3% used [0x0000000081800000,0x0000000081b59938,0x0000000086d80000)
 Metaspace       used 19343K, capacity 19598K, committed 19840K, reserved 1067008K
  class space    used 2488K, capacity 2562K, committed 2688K, reserved 1048576K
Event: 2.730 GC heap after
Heap after GC invocations=6 (full 0):
 PSYoungGen      total 71680K, used 5113K [0x00000000d5d80000, 0x00000000da880000, 0x0000000100000000)
  eden space 66560K, 0% used [0x00000000d5d80000,0x00000000d5d80000,0x00000000d9e80000)
  from space 5120K, 99% used [0x00000000da380000,0x00000000da87e4e0,0x00000000da880000)
  to   space 5120K, 0% used [0x00000000d9e80000,0x00000000d9e80000,0x00000000da380000)
 ParOldGen       total 87552K, used 6645K [0x0000000081800000, 0x0000000086d80000, 0x00000000d5d80000)
  object space 87552K, 7% used [0x0000000081800000,0x0000000081e7d430,0x0000000086d80000)
 Metaspace       used 19343K, capacity 19598K, committed 19840K, reserved 1067008K
  class space    used 2488K, capacity 2562K, committed 2688K, reserved 1048576K
}

Deoptimization events (10 events):
Event: 2.650 Thread 0x0000000005298000 Uncommon trap: reason=unstable_if action=reinterpret pc=0x0000000005d57294 method=org.springframework.boot.bind.DefaultPropertyNamePatternsMatcher.matches(Ljava/lang/String;)Z @ 112
Event: 2.734 Thread 0x0000000005298000 Uncommon trap: reason=unstable_if action=reinterpret pc=0x0000000005caaad0 method=java.lang.reflect.Method.equals(Ljava/lang/Object;)Z @ 49
Event: 2.734 Thread 0x0000000005298000 Uncommon trap: reason=unstable_if action=reinterpret pc=0x0000000005cd67f4 method=java.lang.Class.searchMethods([Ljava/lang/reflect/Method;Ljava/lang/String;[Ljava/lang/Class;)Ljava/lang/reflect/Method; @ 47
Event: 2.752 Thread 0x0000000005298000 Uncommon trap: reason=unstable_if action=reinterpret pc=0x0000000005cc56b4 method=java.lang.reflect.Method.equals(Ljava/lang/Object;)Z @ 49
Event: 2.768 Thread 0x0000000005298000 Uncommon trap: reason=unstable_if action=reinterpret pc=0x00000000058e4ba4 method=java.util.zip.ZipCoder.getBytes(Ljava/lang/String;)[B @ 32
Event: 2.768 Thread 0x0000000005298000 Uncommon trap: reason=unstable_if action=reinterpret pc=0x00000000058dffc4 method=java.util.zip.ZipCoder.getBytes(Ljava/lang/String;)[B @ 32
Event: 2.769 Thread 0x0000000005298000 Uncommon trap: reason=unstable_if action=reinterpret pc=0x00000000057a7c88 method=java.util.zip.ZipCoder.getBytes(Ljava/lang/String;)[B @ 32
Event: 2.769 Thread 0x0000000005298000 Uncommon trap: reason=unstable_if action=reinterpret pc=0x0000000005b0ed3c method=java.net.URL.<init>(Ljava/net/URL;Ljava/lang/String;Ljava/net/URLStreamHandler;)V @ 57
Event: 2.769 Thread 0x0000000005298000 Uncommon trap: reason=unstable_if action=reinterpret pc=0x00000000058d6dbc method=java.net.URLStreamHandler.parseURL(Ljava/net/URL;Ljava/lang/String;II)V @ 57
Event: 2.769 Thread 0x0000000005298000 Uncommon trap: reason=unstable_if action=reinterpret pc=0x0000000005b06284 method=java.io.WinNTFileSystem.resolve(Ljava/lang/String;Ljava/lang/String;)Ljava/lang/String; @ 19

Classes redefined (0 events):
No events

Internal exceptions (10 events):
Event: 2.755 Thread 0x0000000005298000 Exception <a 'java/lang/ClassNotFoundException': org/springframework/context/weaving/LoadTimeWeaverAwareCustomizer> (0x00000000d610e2c0) thrown at [C:\re\workspace\8-2-build-windows-amd64-cygwin\jdk8u152\9742\hotspot\src\share\vm\classfile\systemDictionar
Event: 2.755 Thread 0x0000000005298000 Exception <a 'java/lang/ClassNotFoundException': org/springframework/beans/factory/FactoryBeanCustomizer> (0x00000000d6127c48) thrown at [C:\re\workspace\8-2-build-windows-amd64-cygwin\jdk8u152\9742\hotspot\src\share\vm\classfile\systemDictionary.cpp, lin
Event: 2.756 Thread 0x0000000005298000 Exception <a 'java/lang/ClassNotFoundException': org/springframework/beans/factory/BeanClassLoaderAwareCustomizer> (0x00000000d6146588) thrown at [C:\re\workspace\8-2-build-windows-amd64-cygwin\jdk8u152\9742\hotspot\src\share\vm\classfile\systemDictionary
Event: 2.756 Thread 0x0000000005298000 Exception <a 'java/lang/ClassNotFoundException': org/springframework/beans/factory/BeanFactoryAwareCustomizer> (0x00000000d6160ec0) thrown at [C:\re\workspace\8-2-build-windows-amd64-cygwin\jdk8u152\9742\hotspot\src\share\vm\classfile\systemDictionary.cpp
Event: 2.756 Thread 0x0000000005298000 Exception <a 'java/lang/ClassNotFoundException': org/springframework/beans/factory/BeanNameAwareCustomizer> (0x00000000d617adb0) thrown at [C:\re\workspace\8-2-build-windows-amd64-cygwin\jdk8u152\9742\hotspot\src\share\vm\classfile\systemDictionary.cpp, l
Event: 2.757 Thread 0x0000000005298000 Exception <a 'java/lang/ClassNotFoundException': org/springframework/beans/factory/InitializingBeanCustomizer> (0x00000000d6195608) thrown at [C:\re\workspace\8-2-build-windows-amd64-cygwin\jdk8u152\9742\hotspot\src\share\vm\classfile\systemDictionary.cpp
Event: 2.757 Thread 0x0000000005298000 Exception <a 'java/lang/ClassNotFoundException': org/springframework/beans/factory/DisposableBeanCustomizer> (0x00000000d61ae6f0) thrown at [C:\re\workspace\8-2-build-windows-amd64-cygwin\jdk8u152\9742\hotspot\src\share\vm\classfile\systemDictionary.cpp, 
Event: 2.758 Thread 0x0000000005298000 Exception <a 'java/lang/ClassNotFoundException': org/springframework/orm/jpa/EntityManagerFactoryInfoCustomizer> (0x00000000d61c8ce8) thrown at [C:\re\workspace\8-2-build-windows-amd64-cygwin\jdk8u152\9742\hotspot\src\share\vm\classfile\systemDictionary.c
Event: 2.759 Thread 0x0000000005298000 Exception <a 'java/lang/ClassNotFoundException': org/springframework/dao/support/PersistenceExceptionTranslatorCustomizer> (0x00000000d61ef2b8) thrown at [C:\re\workspace\8-2-build-windows-amd64-cygwin\jdk8u152\9742\hotspot\src\share\vm\classfile\systemDi
Event: 2.759 Thread 0x0000000005298000 Exception <a 'java/lang/ClassNotFoundException': java/io/SerializableCustomizer> (0x00000000d61f8f08) thrown at [C:\re\workspace\8-2-build-windows-amd64-cygwin\jdk8u152\9742\hotspot\src\share\vm\classfile\systemDictionary.cpp, line 210]

Events (10 events):
Event: 2.848 loading class org/hibernate/engine/transaction/jta/platform/internal/WebSphereExtendedJtaPlatform
Event: 2.848 loading class org/hibernate/engine/transaction/jta/platform/internal/WebSphereExtendedJtaPlatform done
Event: 2.848 loading class org/hibernate/resource/transaction/TransactionCoordinatorBuilder
Event: 2.848 loading class org/hibernate/resource/transaction/TransactionCoordinatorBuilder done
Event: 2.849 loading class org/hibernate/resource/transaction/backend/jdbc/internal/JdbcResourceLocalTransactionCoordinatorBuilderImpl
Event: 2.849 loading class org/hibernate/resource/transaction/backend/jdbc/internal/JdbcResourceLocalTransactionCoordinatorBuilderImpl done
Event: 2.849 loading class org/hibernate/resource/transaction/backend/jta/internal/JtaTransactionCoordinatorBuilderImpl
Event: 2.849 loading class org/hibernate/resource/transaction/backend/jta/internal/JtaTransactionCoordinatorBuilderImpl done
Event: 2.849 loading class org/hibernate/hql/spi/id/MultiTableBulkIdStrategy
Event: 2.849 loading class org/hibernate/hql/spi/id/MultiTableBulkIdStrategy done


Dynamic libraries:
0x00007ff667ba0000 - 0x00007ff667bd7000 	C:\Program Files\Java\jdk1.8.0_152\bin\java.exe
0x00007ffb45120000 - 0x00007ffb45300000 	C:\WINDOWS\SYSTEM32\ntdll.dll
0x00007ffb44fe0000 - 0x00007ffb4508e000 	C:\WINDOWS\System32\KERNEL32.DLL
0x00007ffb416d0000 - 0x00007ffb41936000 	C:\WINDOWS\System32\KERNELBASE.dll
0x00007ffb425f0000 - 0x00007ffb42691000 	C:\WINDOWS\System32\ADVAPI32.dll
0x00007ffb42b50000 - 0x00007ffb42bed000 	C:\WINDOWS\System32\msvcrt.dll
0x00007ffb44460000 - 0x00007ffb444bb000 	C:\WINDOWS\System32\sechost.dll
0x00007ffb42840000 - 0x00007ffb4295f000 	C:\WINDOWS\System32\RPCRT4.dll
0x00007ffb44d40000 - 0x00007ffb44ecf000 	C:\WINDOWS\System32\USER32.dll
0x00007ffb415a0000 - 0x00007ffb415c0000 	C:\WINDOWS\System32\win32u.dll
0x00007ffb44430000 - 0x00007ffb44458000 	C:\WINDOWS\System32\GDI32.dll
0x00007ffb41d00000 - 0x00007ffb41e93000 	C:\WINDOWS\System32\gdi32full.dll
0x00007ffb41990000 - 0x00007ffb41a2b000 	C:\WINDOWS\System32\msvcp_win.dll
0x00007ffb41a30000 - 0x00007ffb41b26000 	C:\WINDOWS\System32\ucrtbase.dll
0x00007ffb3cc30000 - 0x00007ffb3ce99000 	C:\WINDOWS\WinSxS\amd64_microsoft.windows.common-controls_6595b64144ccf1df_6.0.16299.309_none_15cfd4c4935e6b11\COMCTL32.dll
0x00007ffb44040000 - 0x00007ffb44348000 	C:\WINDOWS\System32\combase.dll
0x00007ffb41520000 - 0x00007ffb41592000 	C:\WINDOWS\System32\bcryptPrimitives.dll
0x00007ffb446e0000 - 0x00007ffb4470d000 	C:\WINDOWS\System32\IMM32.DLL
0x0000000056c80000 - 0x0000000056d52000 	C:\Program Files\Java\jdk1.8.0_152\jre\bin\msvcr100.dll
0x00000000563e0000 - 0x0000000056c80000 	C:\Program Files\Java\jdk1.8.0_152\jre\bin\server\jvm.dll
0x00007ffb42bf0000 - 0x00007ffb42bf8000 	C:\WINDOWS\System32\PSAPI.DLL
0x00007ffb3d800000 - 0x00007ffb3d823000 	C:\WINDOWS\SYSTEM32\WINMM.dll
0x00007ffb3c810000 - 0x00007ffb3c81a000 	C:\WINDOWS\SYSTEM32\VERSION.dll
0x00007ffb40120000 - 0x00007ffb40129000 	C:\WINDOWS\SYSTEM32\WSOCK32.dll
0x00007ffb447e0000 - 0x00007ffb4484c000 	C:\WINDOWS\System32\WS2_32.dll
0x00007ffb3cfa0000 - 0x00007ffb3cfca000 	C:\WINDOWS\SYSTEM32\winmmbase.dll
0x00007ffb41940000 - 0x00007ffb4198a000 	C:\WINDOWS\System32\cfgmgr32.dll
0x00000000578f0000 - 0x00000000578ff000 	C:\Program Files\Java\jdk1.8.0_152\jre\bin\verify.dll
0x00000000578c0000 - 0x00000000578e9000 	C:\Program Files\Java\jdk1.8.0_152\jre\bin\java.dll
0x0000000055dd0000 - 0x0000000055df3000 	C:\Program Files\Java\jdk1.8.0_152\jre\bin\instrument.dll
0x00000000578a0000 - 0x00000000578b6000 	C:\Program Files\Java\jdk1.8.0_152\jre\bin\zip.dll
0x00007ffb42c00000 - 0x00007ffb44036000 	C:\WINDOWS\System32\SHELL32.dll
0x00007ffb44730000 - 0x00007ffb447d6000 	C:\WINDOWS\System32\shcore.dll
0x00007ffb41ea0000 - 0x00007ffb425e7000 	C:\WINDOWS\System32\windows.storage.dll
0x00007ffb44350000 - 0x00007ffb443a1000 	C:\WINDOWS\System32\shlwapi.dll
0x00007ffb41500000 - 0x00007ffb41511000 	C:\WINDOWS\System32\kernel.appcore.dll
0x00007ffb414b0000 - 0x00007ffb414fc000 	C:\WINDOWS\System32\powrprof.dll
0x00007ffb41490000 - 0x00007ffb414ab000 	C:\WINDOWS\System32\profapi.dll
0x00007ffb341f0000 - 0x00007ffb3420a000 	C:\Program Files\JetBrains\IntelliJ IDEA 2018.1\bin\breakgen64.dll
0x00000000563c0000 - 0x00000000563da000 	C:\Program Files\Java\jdk1.8.0_152\jre\bin\net.dll
0x00007ffb40d00000 - 0x00007ffb40d66000 	C:\WINDOWS\system32\mswsock.dll
0x0000000056390000 - 0x000000005639d000 	C:\Program Files\Java\jdk1.8.0_152\jre\bin\management.dll
0x00007ffb2a480000 - 0x00007ffb2a496000 	C:\WINDOWS\system32\napinsp.dll
0x00007ffb29cf0000 - 0x00007ffb29d0a000 	C:\WINDOWS\system32\pnrpnsp.dll
0x00007ffb3e0d0000 - 0x00007ffb3e0e8000 	C:\WINDOWS\system32\NLAapi.dll
0x00007ffb40ad0000 - 0x00007ffb40b86000 	C:\WINDOWS\SYSTEM32\DNSAPI.dll
0x00007ffb44720000 - 0x00007ffb44728000 	C:\WINDOWS\System32\NSI.dll
0x00007ffb40a90000 - 0x00007ffb40ac9000 	C:\WINDOWS\SYSTEM32\IPHLPAPI.DLL
0x00007ffb2adb0000 - 0x00007ffb2adbe000 	C:\WINDOWS\System32\winrnr.dll
0x00007ffb35220000 - 0x00007ffb3522a000 	C:\Windows\System32\rasadhlp.dll
0x00007ffb35900000 - 0x00007ffb35970000 	C:\WINDOWS\System32\fwpuclnt.dll
0x00007ffb40fd0000 - 0x00007ffb40ff5000 	C:\WINDOWS\SYSTEM32\bcrypt.dll

VM Arguments:
jvm_args: -ea -Didea.test.cyclic.buffer.size=1048576 -javaagent:C:\Program Files\JetBrains\IntelliJ IDEA 2018.1\lib\idea_rt.jar=52705:C:\Program Files\JetBrains\IntelliJ IDEA 2018.1\bin -Dfile.encoding=UTF-8 
java_command: com.intellij.rt.execution.junit.JUnitStarter -ideVersion5 -junit4 com.kodilla.hibernate.task.dao.TaskDaoTestSuite
java_class_path (initial): C:\Program Files\JetBrains\IntelliJ IDEA 2018.1\lib\idea_rt.jar;C:\Program Files\JetBrains\IntelliJ IDEA 2018.1\plugins\junit\lib\junit-rt.jar;C:\Program Files\JetBrains\IntelliJ IDEA 2018.1\plugins\junit\lib\junit5-rt.jar;C:\Program Files\Java\jdk1.8.0_152\jre\lib\charsets.jar;C:\Program Files\Java\jdk1.8.0_152\jre\lib\deploy.jar;C:\Program Files\Java\jdk1.8.0_152\jre\lib\ext\access-bridge-64.jar;C:\Program Files\Java\jdk1.8.0_152\jre\lib\ext\cldrdata.jar;C:\Program Files\Java\jdk1.8.0_152\jre\lib\ext\dnsns.jar;C:\Program Files\Java\jdk1.8.0_152\jre\lib\ext\jaccess.jar;C:\Program Files\Java\jdk1.8.0_152\jre\lib\ext\jfxrt.jar;C:\Program Files\Java\jdk1.8.0_152\jre\lib\ext\localedata.jar;C:\Program Files\Java\jdk1.8.0_152\jre\lib\ext\nashorn.jar;C:\Program Files\Java\jdk1.8.0_152\jre\lib\ext\sunec.jar;C:\Program Files\Java\jdk1.8.0_152\jre\lib\ext\sunjce_provider.jar;C:\Program Files\Java\jdk1.8.0_152\jre\lib\ext\sunmscapi.jar;C:\Program Files\Java\jdk1.8.0_152\jre\lib\ext\sunpkcs11.jar;C:\Program Files\Java\jdk1.8.0_152\jre\lib\ext\zipfs.jar;C:\Program Files\Java\jdk1.8.0_152\jre\lib\javaws.jar;C:\Program Files\Java\jdk1.8.0_152\jre\lib\jce.jar;C:\Program Files\Java\jdk1.8.0_152\jre\lib\jfr.jar;C:\Program Files\Java\jdk1.8.0_152\jre\lib\jfxswt.jar;C:\Program Files\Java\jdk1.8.0_152\jre\lib\jsse.jar;C:\Program Files\Java\jdk1.8.0_152\jre\lib\management-agent.jar;C:\Program Files\Java\jdk1.8.0_152\jre\lib\plugin.jar;C:\Program Files\Java\jdk1.8.0_152\jre\lib\resources.jar;C:\Program Files\Java\jdk1.8.0_152\jre\lib\rt.jar;D:\Work\Java\Kodilla\Codes\Module 13\kodilla-course\kodilla-hibernate\out\test\classes;D:\Work\Java\Kodilla\Codes\Module 13\kodilla-course\kodilla-hibernate\out\production\classes;D:\Work\Java\Kodilla\Codes\Module 13\kodilla-course\kodilla-hibernate\out\production\resources;C:\Users\kondm\.gradle\caches\modules-2\files-2.1\org.springframework.boot\spring-boot-starter-data-jpa\1.5.10.RELEASE\ca30f9060231d3161d325580098d3267
Launcher Type: SUN_STANDARD

Environment Variables:
JAVA_HOME=C:\Program Files\Java\jdk1.8.0_152
CLASSPATH=.;C:\Program Files (x86)\QuickTime\QTSystem\QTJava.zip
PATH=C:\ProgramData\Oracle\Java\javapath;C:\Program Files\Intel\WiFi\bin\;C:\Program Files\Common Files\Intel\WirelessCommon\;C:\Program Files (x86)\Skype\Phone\;C:\FPC\3.0.2\bin\i386-Win32;C:\WINDOWS\system32;C:\WINDOWS;C:\WINDOWS\System32\Wbem;C:\WINDOWS\System32\WindowsPowerShell\v1.0\;C:\Program Files (x86)\NVIDIA Corporation\PhysX\Common;C:\Program Files (x86)\QuickTime\QTSystem\;C:\WINDOWS\system32;C:\WINDOWS;C:\WINDOWS\System32\Wbem;C:\WINDOWS\System32\WindowsPowerShell\v1.0\;C:\Program Files\MySQL\MySQL Utilities 1.6\;C:\Program Files (x86)\Windows Kits\10\Windows Performance Toolkit\;C:\Program Files\Git\cmd;C:\Program Files\Java\jdk1.8.0_152\bin;C:\Program Files\Java\jre1.8.0_152;C:\MinGW\bin;C:\Qt\Qt5.9.1\5.9.1\mingw53_32\bin;C:\Users\kondm\AppData\Local\Programs\MiKTeX 2.9\miktex\bin\x64\;C:\Users\kondm\AppData\Local\GitHubDesktop\bin;
USERNAME=kondm
OS=Windows_NT
PROCESSOR_IDENTIFIER=Intel64 Family 6 Model 94 Stepping 3, GenuineIntel



---------------  S Y S T E M  ---------------

OS: Windows 10.0 , 64 bit Build 16299 (10.0.16299.15)

CPU:total 8 (initial active 8) (4 cores per cpu, 2 threads per core) family 6 model 94 stepping 3, cmov, cx8, fxsr, mmx, sse, sse2, sse3, ssse3, sse4.1, sse4.2, popcnt, avx, avx2, aes, clmul, erms, rtm, 3dnowpref, lzcnt, ht, tsc, tscinvbit, bmi1, bmi2, adx

Memory: 4k page, physical 8284708k(1423816k free), swap 10236452k(4124k free)

vm_info: Java HotSpot(TM) 64-Bit Server VM (25.152-b16) for windows-amd64 JRE (1.8.0_152-b16), built on Sep 14 2017 02:29:36 by "java_re" with MS VC++ 10.0 (VS2010)

time: Thu Mar 29 14:54:25 2018
elapsed time: 2 seconds (0d 0h 0m 2s)

