#
# There is insufficient memory for the Java Runtime Environment to continue.
# Native memory allocation (malloc) failed to allocate 1835056 bytes for Chunk::new
# Possible reasons:
#   The system is out of physical RAM or swap space
#   In 32 bit mode, the process size limit was hit
# Possible solutions:
#   Reduce memory load on the system
#   Increase physical memory or swap space
#   Check if swap backing store is full
#   Use 64 bit Java on a 64 bit OS
#   Decrease Java heap size (-Xmx/-Xms)
#   Decrease number of Java threads
#   Decrease Java thread stack sizes (-Xss)
#   Set larger code cache with -XX:ReservedCodeCacheSize=
# This output file may be truncated or incomplete.
#
#  Out of Memory Error (allocation.cpp:390), pid=10732, tid=0x0000000000000334
#
# JRE version: Java(TM) SE Runtime Environment (8.0_152-b16) (build 1.8.0_152-b16)
# Java VM: Java HotSpot(TM) 64-Bit Server VM (25.152-b16 mixed mode windows-amd64 compressed oops)
# Failed to write core dump. Minidumps are not enabled by default on client versions of Windows
#

---------------  T H R E A D  ---------------

Current thread (0x0000000016cf2000):  JavaThread "C2 CompilerThread0" daemon [_thread_in_native, id=820, stack(0x0000000018450000,0x0000000018550000)]

Stack: [0x0000000018450000,0x0000000018550000]
[error occurred during error reporting (printing stack bounds), id 0xc0000005]

Native frames: (J=compiled Java code, j=interpreted, Vv=VM code, C=native code)


Current CompileTask:
C2:  14182 2940       4       org.gradle.model.internal.type.ModelType::wrap (219 bytes)


---------------  P R O C E S S  ---------------

Java Threads: ( => current thread )
  0x0000000019c0f000 JavaThread "Cache worker for task history cache (D:\Work\Java\Kodilla\Codes\Module 20\kodilla-course\.gradle\3.5.1\taskHistory)" [_thread_blocked, id=1828, stack(0x0000000020090000,0x0000000020190000)]
  0x0000000019c12000 JavaThread "Memory manager" [_thread_blocked, id=12120, stack(0x000000001ff90000,0x0000000020090000)]
  0x0000000019c15000 JavaThread "Cache worker for Artifact transforms cache (C:\Users\kondm\.gradle\caches\transforms-1)" [_thread_blocked, id=7188, stack(0x000000001cf50000,0x000000001d050000)]
  0x0000000019c11800 JavaThread "File lock request listener" [_thread_in_native, id=6116, stack(0x000000001ca50000,0x000000001cb50000)]
  0x0000000019c0e800 JavaThread "Cache worker for file hash cache (C:\Users\kondm\.gradle\caches\3.5.1\fileHashes)" [_thread_blocked, id=7328, stack(0x000000001c950000,0x000000001ca50000)]
  0x0000000019e6c000 JavaThread "Stdin handler" [_thread_blocked, id=4952, stack(0x000000001c850000,0x000000001c950000)]
  0x0000000019f8b000 JavaThread "Asynchronous log dispatcher for DefaultDaemonConnection: socket connection from /127.0.0.1:22890 to /127.0.0.1:22892" [_thread_blocked, id=11028, stack(0x000000001c750000,0x000000001c850000)]
  0x0000000019f89000 JavaThread "Daemon worker" [_thread_in_Java, id=11388, stack(0x000000001c650000,0x000000001c750000)]
  0x0000000019f87800 JavaThread "Cancel handler" [_thread_blocked, id=8404, stack(0x000000001c550000,0x000000001c650000)]
  0x000000001974f800 JavaThread "Handler for socket connection from /127.0.0.1:22890 to /127.0.0.1:22892" [_thread_in_native, id=11740, stack(0x000000001c250000,0x000000001c350000)]
  0x000000001974f000 JavaThread "Daemon" [_thread_blocked, id=5028, stack(0x000000001c150000,0x000000001c250000)]
  0x0000000019a6c000 JavaThread "Daemon periodic checks" [_thread_blocked, id=3544, stack(0x000000001c050000,0x000000001c150000)]
  0x0000000019980800 JavaThread "Incoming local TCP Connector on port 22890" [_thread_in_native, id=10432, stack(0x000000001bb60000,0x000000001bc60000)]
  0x0000000019d23800 JavaThread "Daemon health stats" [_thread_blocked, id=11756, stack(0x000000001a520000,0x000000001a620000)]
  0x0000000018662000 JavaThread "Service Thread" daemon [_thread_blocked, id=9360, stack(0x0000000018b50000,0x0000000018c50000)]
  0x0000000018660800 JavaThread "C1 CompilerThread2" daemon [_thread_blocked, id=3380, stack(0x0000000018a50000,0x0000000018b50000)]
  0x0000000016cf5800 JavaThread "C2 CompilerThread1" daemon [_thread_blocked, id=10744, stack(0x0000000018550000,0x0000000018650000)]
=>0x0000000016cf2000 JavaThread "C2 CompilerThread0" daemon [_thread_in_native, id=820, stack(0x0000000018450000,0x0000000018550000)]
  0x0000000016cef800 JavaThread "Attach Listener" daemon [_thread_blocked, id=4720, stack(0x0000000018350000,0x0000000018450000)]
  0x0000000016cee800 JavaThread "Signal Dispatcher" daemon [_thread_blocked, id=4788, stack(0x0000000018250000,0x0000000018350000)]
  0x0000000016cda000 JavaThread "Finalizer" daemon [_thread_blocked, id=10356, stack(0x0000000017f50000,0x0000000018050000)]
  0x0000000016cb9000 JavaThread "Reference Handler" daemon [_thread_blocked, id=5332, stack(0x0000000017e50000,0x0000000017f50000)]
  0x0000000004522800 JavaThread "main" [_thread_blocked, id=3932, stack(0x0000000004420000,0x0000000004520000)]

Other Threads:
  0x0000000016cb7800 VMThread [stack: 0x0000000017d50000,0x0000000017e50000] [id=11544]
  0x0000000018664800 WatcherThread [stack: 0x0000000018c50000,0x0000000018d50000] [id=11460]

VM state:not at safepoint (normal execution)

VM Mutex/Monitor currently owned by a thread: None

Heap:
 PSYoungGen      total 73216K, used 36212K [0x00000000eab00000, 0x00000000f3280000, 0x0000000100000000)
  eden space 62464K, 44% used [0x00000000eab00000,0x00000000ec5e4d90,0x00000000ee800000)
  from space 10752K, 80% used [0x00000000ee800000,0x00000000ef0783e8,0x00000000ef280000)
  to   space 11776K, 0% used [0x00000000f2700000,0x00000000f2700000,0x00000000f3280000)
 ParOldGen       total 49664K, used 7712K [0x00000000c0000000, 0x00000000c3080000, 0x00000000eab00000)
  object space 49664K, 15% used [0x00000000c0000000,0x00000000c0788318,0x00000000c3080000)
 Metaspace       used 30146K, capacity 30830K, committed 31104K, reserved 1075200K
  class space    used 4220K, capacity 4422K, committed 4480K, reserved 1048576K

Card table byte_map: [0x00000000139e0000,0x0000000013bf0000] byte_map_base: 0x00000000133e0000

Marking Bits: (ParMarkBitMap*) 0x0000000069ab0860
 Begin Bits: [0x0000000014150000, 0x0000000015150000)
 End Bits:   [0x0000000015150000, 0x0000000016150000)

Polling page: 0x00000000042d0000

CodeCache: size=245760Kb used=10293Kb max_used=10304Kb free=235466Kb
 bounds [0x0000000004620000, 0x0000000005040000, 0x0000000013620000]
 total_blobs=3484 nmethods=2798 adapters=598
 compilation: enabled

Compilation events (10 events):
Event: 14.172 Thread 0x0000000018660800 3021       3       java.util.Formatter::format (11 bytes)
Event: 14.172 Thread 0x0000000018660800 nmethod 3021 0x000000000502e550 code [0x000000000502e6c0, 0x000000000502e8e8]
Event: 14.172 Thread 0x0000000018660800 3022   !   3       java.util.Formatter::format (271 bytes)
Event: 14.173 Thread 0x0000000018660800 nmethod 3022 0x0000000005032010 code [0x00000000050322c0, 0x00000000050333a8]
Event: 14.173 Thread 0x0000000018660800 3023       3       java.util.Formatter::toString (12 bytes)
Event: 14.173 Thread 0x0000000018660800 nmethod 3023 0x000000000502df10 code [0x000000000502e0a0, 0x000000000502e3d8]
Event: 14.176 Thread 0x0000000016cf5800 3024       4       com.google.common.collect.UsingToStringOrdering::compare (12 bytes)
Event: 14.177 Thread 0x0000000016cf5800 nmethod 3024 0x0000000005036f10 code [0x0000000005037080, 0x0000000005037338]
Event: 14.178 Thread 0x0000000018660800 3025       3       java.util.TimSort::countRunAndMakeAscending (128 bytes)
Event: 14.178 Thread 0x0000000018660800 nmethod 3025 0x0000000005035d90 code [0x0000000005035f80, 0x0000000005036a28]

GC Heap History (10 events):
Event: 7.169 GC heap before
{Heap before GC invocations=4 (full 0):
 PSYoungGen      total 38400K, used 37645K [0x00000000eab00000, 0x00000000ed580000, 0x0000000100000000)
  eden space 33280K, 97% used [0x00000000eab00000,0x00000000ecac7a80,0x00000000ecb80000)
  from space 5120K, 99% used [0x00000000ecb80000,0x00000000ed07bad8,0x00000000ed080000)
  to   space 5120K, 0% used [0x00000000ed080000,0x00000000ed080000,0x00000000ed580000)
 ParOldGen       total 87552K, used 3158K [0x00000000c0000000, 0x00000000c5580000, 0x00000000eab00000)
  object space 87552K, 3% used [0x00000000c0000000,0x00000000c03159d8,0x00000000c5580000)
 Metaspace       used 20504K, capacity 20878K, committed 20992K, reserved 1067008K
  class space    used 2868K, capacity 3015K, committed 3072K, reserved 1048576K
Event: 7.200 GC heap after
Heap after GC invocations=4 (full 0):
 PSYoungGen      total 38400K, used 5119K [0x00000000eab00000, 0x00000000ef600000, 0x0000000100000000)
  eden space 33280K, 0% used [0x00000000eab00000,0x00000000eab00000,0x00000000ecb80000)
  from space 5120K, 99% used [0x00000000ed080000,0x00000000ed57fc40,0x00000000ed580000)
  to   space 5120K, 0% used [0x00000000ecb80000,0x00000000ecb80000,0x00000000ed080000)
 ParOldGen       total 87552K, used 7737K [0x00000000c0000000, 0x00000000c5580000, 0x00000000eab00000)
  object space 87552K, 8% used [0x00000000c0000000,0x00000000c078e4f8,0x00000000c5580000)
 Metaspace       used 20504K, capacity 20878K, committed 20992K, reserved 1067008K
  class space    used 2868K, capacity 3015K, committed 3072K, reserved 1048576K
}
Event: 7.222 GC heap before
{Heap before GC invocations=5 (full 0):
 PSYoungGen      total 38400K, used 7819K [0x00000000eab00000, 0x00000000ef600000, 0x0000000100000000)
  eden space 33280K, 8% used [0x00000000eab00000,0x00000000eada3398,0x00000000ecb80000)
  from space 5120K, 99% used [0x00000000ed080000,0x00000000ed57fc40,0x00000000ed580000)
  to   space 5120K, 0% used [0x00000000ecb80000,0x00000000ecb80000,0x00000000ed080000)
 ParOldGen       total 87552K, used 7737K [0x00000000c0000000, 0x00000000c5580000, 0x00000000eab00000)
  object space 87552K, 8% used [0x00000000c0000000,0x00000000c078e4f8,0x00000000c5580000)
 Metaspace       used 20777K, capacity 21134K, committed 21248K, reserved 1067008K
  class space    used 2868K, capacity 3015K, committed 3072K, reserved 1048576K
Event: 7.266 GC heap after
Heap after GC invocations=5 (full 0):
 PSYoungGen      total 38400K, used 4624K [0x00000000eab00000, 0x00000000f0100000, 0x0000000100000000)
  eden space 33280K, 0% used [0x00000000eab00000,0x00000000eab00000,0x00000000ecb80000)
  from space 5120K, 90% used [0x00000000ecb80000,0x00000000ed004020,0x00000000ed080000)
  to   space 10752K, 0% used [0x00000000ef680000,0x00000000ef680000,0x00000000f0100000)
 ParOldGen       total 87552K, used 8813K [0x00000000c0000000, 0x00000000c5580000, 0x00000000eab00000)
  object space 87552K, 10% used [0x00000000c0000000,0x00000000c089b4b8,0x00000000c5580000)
 Metaspace       used 20777K, capacity 21134K, committed 21248K, reserved 1067008K
  class space    used 2868K, capacity 3015K, committed 3072K, reserved 1048576K
}
Event: 7.266 GC heap before
{Heap before GC invocations=6 (full 1):
 PSYoungGen      total 38400K, used 4624K [0x00000000eab00000, 0x00000000f0100000, 0x0000000100000000)
  eden space 33280K, 0% used [0x00000000eab00000,0x00000000eab00000,0x00000000ecb80000)
  from space 5120K, 90% used [0x00000000ecb80000,0x00000000ed004020,0x00000000ed080000)
  to   space 10752K, 0% used [0x00000000ef680000,0x00000000ef680000,0x00000000f0100000)
 ParOldGen       total 87552K, used 8813K [0x00000000c0000000, 0x00000000c5580000, 0x00000000eab00000)
  object space 87552K, 10% used [0x00000000c0000000,0x00000000c089b4b8,0x00000000c5580000)
 Metaspace       used 20777K, capacity 21134K, committed 21248K, reserved 1067008K
  class space    used 2868K, capacity 3015K, committed 3072K, reserved 1048576K
Event: 7.403 GC heap after
Heap after GC invocations=6 (full 1):
 PSYoungGen      total 38400K, used 0K [0x00000000eab00000, 0x00000000f0100000, 0x0000000100000000)
  eden space 33280K, 0% used [0x00000000eab00000,0x00000000eab00000,0x00000000ecb80000)
  from space 5120K, 0% used [0x00000000ecb80000,0x00000000ecb80000,0x00000000ed080000)
  to   space 10752K, 0% used [0x00000000ef680000,0x00000000ef680000,0x00000000f0100000)
 ParOldGen       total 49664K, used 7704K [0x00000000c0000000, 0x00000000c3080000, 0x00000000eab00000)
  object space 49664K, 15% used [0x00000000c0000000,0x00000000c0786318,0x00000000c3080000)
 Metaspace       used 20777K, capacity 21134K, committed 21248K, reserved 1067008K
  class space    used 2868K, capacity 3015K, committed 3072K, reserved 1048576K
}
Event: 9.411 GC heap before
{Heap before GC invocations=7 (full 1):
 PSYoungGen      total 38400K, used 33280K [0x00000000eab00000, 0x00000000f0100000, 0x0000000100000000)
  eden space 33280K, 100% used [0x00000000eab00000,0x00000000ecb80000,0x00000000ecb80000)
  from space 5120K, 0% used [0x00000000ecb80000,0x00000000ecb80000,0x00000000ed080000)
  to   space 10752K, 0% used [0x00000000ef680000,0x00000000ef680000,0x00000000f0100000)
 ParOldGen       total 49664K, used 7704K [0x00000000c0000000, 0x00000000c3080000, 0x00000000eab00000)
  object space 49664K, 15% used [0x00000000c0000000,0x00000000c0786318,0x00000000c3080000)
 Metaspace       used 23492K, capacity 24004K, committed 24192K, reserved 1071104K
  class space    used 3285K, capacity 3436K, committed 3456K, reserved 1048576K
Event: 9.418 GC heap after
Heap after GC invocations=7 (full 1):
 PSYoungGen      total 69120K, used 3223K [0x00000000eab00000, 0x00000000efd00000, 0x0000000100000000)
  eden space 62464K, 0% used [0x00000000eab00000,0x00000000eab00000,0x00000000ee800000)
  from space 6656K, 48% used [0x00000000ef680000,0x00000000ef9a5de0,0x00000000efd00000)
  to   space 10752K, 0% used [0x00000000ee800000,0x00000000ee800000,0x00000000ef280000)
 ParOldGen       total 49664K, used 7704K [0x00000000c0000000, 0x00000000c3080000, 0x00000000eab00000)
  object space 49664K, 15% used [0x00000000c0000000,0x00000000c0786318,0x00000000c3080000)
 Metaspace       used 23492K, capacity 24004K, committed 24192K, reserved 1071104K
  class space    used 3285K, capacity 3436K, committed 3456K, reserved 1048576K
}
Event: 12.945 GC heap before
{Heap before GC invocations=8 (full 1):
 PSYoungGen      total 69120K, used 65687K [0x00000000eab00000, 0x00000000efd00000, 0x0000000100000000)
  eden space 62464K, 100% used [0x00000000eab00000,0x00000000ee800000,0x00000000ee800000)
  from space 6656K, 48% used [0x00000000ef680000,0x00000000ef9a5de0,0x00000000efd00000)
  to   space 10752K, 0% used [0x00000000ee800000,0x00000000ee800000,0x00000000ef280000)
 ParOldGen       total 49664K, used 7704K [0x00000000c0000000, 0x00000000c3080000, 0x00000000eab00000)
  object space 49664K, 15% used [0x00000000c0000000,0x00000000c0786318,0x00000000c3080000)
 Metaspace       used 29088K, capacity 29764K, committed 29952K, reserved 1075200K
  class space    used 4089K, capacity 4321K, committed 4352K, reserved 1048576K
Event: 12.972 GC heap after
Heap after GC invocations=8 (full 1):
 PSYoungGen      total 73216K, used 8672K [0x00000000eab00000, 0x00000000f3280000, 0x0000000100000000)
  eden space 62464K, 0% used [0x00000000eab00000,0x00000000eab00000,0x00000000ee800000)
  from space 10752K, 80% used [0x00000000ee800000,0x00000000ef0783e8,0x00000000ef280000)
  to   space 11776K, 0% used [0x00000000f2700000,0x00000000f2700000,0x00000000f3280000)
 ParOldGen       total 49664K, used 7712K [0x00000000c0000000, 0x00000000c3080000, 0x00000000eab00000)
  object space 49664K, 15% used [0x00000000c0000000,0x00000000c0788318,0x00000000c3080000)
 Metaspace       used 29088K, capacity 29764K, committed 29952K, reserved 1075200K
  class space    used 4089K, capacity 4321K, committed 4352K, reserved 1048576K
}

Deoptimization events (10 events):
Event: 12.000 Thread 0x0000000019f89000 Uncommon trap: reason=class_check action=maybe_recompile pc=0x0000000004bdac40 method=java.lang.reflect.Method.equals(Ljava/lang/Object;)Z @ 5
Event: 12.068 Thread 0x0000000019f89000 Uncommon trap: reason=unstable_if action=reinterpret pc=0x0000000004ed4298 method=java.net.URLClassLoader.isSealed(Ljava/lang/String;Ljava/util/jar/Manifest;)Z @ 26
Event: 12.069 Thread 0x0000000019f89000 Uncommon trap: reason=unstable_if action=reinterpret pc=0x0000000004efe578 method=java.net.URLClassLoader.isSealed(Ljava/lang/String;Ljava/util/jar/Manifest;)Z @ 26
Event: 12.078 Thread 0x0000000019f89000 Uncommon trap: reason=bimorphic action=maybe_recompile pc=0x0000000004e2c6d4 method=org.codehaus.groovy.runtime.metaclass.MetaMethodIndex.addMethodToList(Ljava/lang/Object;Lgroovy/lang/MetaMethod;)Ljava/lang/Object; @ 89
Event: 12.720 Thread 0x0000000019f89000 Uncommon trap: reason=predicate action=maybe_recompile pc=0x0000000004f60b2c method=java.util.Arrays.binarySearch0([Ljava/lang/Object;IILjava/lang/Object;Ljava/util/Comparator;)I @ 28
Event: 12.720 Thread 0x0000000019f89000 Uncommon trap: reason=predicate action=maybe_recompile pc=0x0000000004f63b78 method=java.util.Arrays.binarySearch0([Ljava/lang/Object;IILjava/lang/Object;Ljava/util/Comparator;)I @ 28
Event: 13.627 Thread 0x0000000019f89000 Uncommon trap: reason=unstable_if action=reinterpret pc=0x0000000004793428 method=java.util.HashMap.putVal(ILjava/lang/Object;Ljava/lang/Object;ZZ)Ljava/lang/Object; @ 162
Event: 13.627 Thread 0x0000000019f89000 Uncommon trap: reason=unstable_if action=reinterpret pc=0x00000000048d91cc method=java.util.HashMap.resize()[Ljava/util/HashMap$Node; @ 206
Event: 13.910 Thread 0x0000000019f89000 Uncommon trap: reason=unstable_if action=reinterpret pc=0x0000000004fa1b2c method=java.lang.reflect.Modifier.toString(I)Ljava/lang/String; @ 123
Event: 13.910 Thread 0x0000000019f89000 Uncommon trap: reason=unstable_if action=reinterpret pc=0x0000000004f976a4 method=java.lang.reflect.Modifier.toString(I)Ljava/lang/String; @ 123

Classes redefined (0 events):
No events

Internal exceptions (10 events):
Event: 12.141 Thread 0x0000000019f89000 Exception <a 'java/lang/ClassNotFoundException': java/util/ArrayListBeanInfo> (0x00000000edd57ec8) thrown at [C:\re\workspace\8-2-build-windows-amd64-cygwin\jdk8u152\9742\hotspot\src\share\vm\classfile\systemDictionary.cpp, line 210]
Event: 12.141 Thread 0x0000000019f89000 Exception <a 'java/lang/ClassNotFoundException': java/util/AbstractListBeanInfo> (0x00000000edd5f018) thrown at [C:\re\workspace\8-2-build-windows-amd64-cygwin\jdk8u152\9742\hotspot\src\share\vm\classfile\systemDictionary.cpp, line 210]
Event: 12.141 Thread 0x0000000019f89000 Exception <a 'java/lang/ClassNotFoundException': java/util/AbstractListCustomizer> (0x00000000edd66738) thrown at [C:\re\workspace\8-2-build-windows-amd64-cygwin\jdk8u152\9742\hotspot\src\share\vm\classfile\systemDictionary.cpp, line 210]
Event: 12.142 Thread 0x0000000019f89000 Exception <a 'java/lang/ClassNotFoundException': java/util/ArrayListCustomizer> (0x00000000edd7c368) thrown at [C:\re\workspace\8-2-build-windows-amd64-cygwin\jdk8u152\9742\hotspot\src\share\vm\classfile\systemDictionary.cpp, line 210]
Event: 12.145 Thread 0x0000000019f89000 Exception <a 'java/lang/ClassNotFoundException': java/util/CollectionBeanInfo> (0x00000000eddbc810) thrown at [C:\re\workspace\8-2-build-windows-amd64-cygwin\jdk8u152\9742\hotspot\src\share\vm\classfile\systemDictionary.cpp, line 210]
Event: 12.145 Thread 0x0000000019f89000 Exception <a 'java/lang/ClassNotFoundException': java/util/CollectionCustomizer> (0x00000000eddc3ad8) thrown at [C:\re\workspace\8-2-build-windows-amd64-cygwin\jdk8u152\9742\hotspot\src\share\vm\classfile\systemDictionary.cpp, line 210]
Event: 12.592 Thread 0x0000000019f89000 Exception <a 'java/lang/ClassNotFoundException': build_ew1gsco33h00l5ad3ykwiejyhBeanInfo> (0x00000000ee41ed38) thrown at [C:\re\workspace\8-2-build-windows-amd64-cygwin\jdk8u152\9742\hotspot\src\share\vm\classfile\systemDictionary.cpp, line 210]
Event: 12.592 Thread 0x0000000019f89000 Exception <a 'java/lang/ClassNotFoundException': org/gradle/api/internal/project/ProjectScriptBeanInfo> (0x00000000ee4307e8) thrown at [C:\re\workspace\8-2-build-windows-amd64-cygwin\jdk8u152\9742\hotspot\src\share\vm\classfile\systemDictionary.cpp, line 
Event: 12.593 Thread 0x0000000019f89000 Exception <a 'java/lang/ClassNotFoundException': org/gradle/api/internal/project/ProjectScriptCustomizer> (0x00000000ee4426e8) thrown at [C:\re\workspace\8-2-build-windows-amd64-cygwin\jdk8u152\9742\hotspot\src\share\vm\classfile\systemDictionary.cpp, lin
Event: 12.595 Thread 0x0000000019f89000 Exception <a 'java/lang/ClassNotFoundException': build_ew1gsco33h00l5ad3ykwiejyhCustomizer> (0x00000000ee4604d8) thrown at [C:\re\workspace\8-2-build-windows-amd64-cygwin\jdk8u152\9742\hotspot\src\share\vm\classfile\systemDictionary.cpp, line 210]

Events (10 events):
Event: 13.910 Thread 0x0000000019f89000 Uncommon trap: trap_request=0xffffff65 fr.pc=0x0000000004fa1b2c
Event: 13.910 Thread 0x0000000019f89000 DEOPT PACKING pc=0x0000000004fa1b2c sp=0x000000001c74b670
Event: 13.910 Thread 0x0000000019f89000 DEOPT UNPACKING pc=0x000000000466582a sp=0x000000001c74b5d8 mode 2
Event: 13.910 Thread 0x0000000019f89000 Uncommon trap: trap_request=0xffffff65 fr.pc=0x0000000004f976a4
Event: 13.910 Thread 0x0000000019f89000 DEOPT PACKING pc=0x0000000004f976a4 sp=0x000000001c74b5d0
Event: 13.910 Thread 0x0000000019f89000 DEOPT UNPACKING pc=0x000000000466582a sp=0x000000001c74b5c8 mode 2
Event: 13.916 loading class org/gradle/api/file/FileTreeElement
Event: 13.916 loading class org/gradle/api/file/FileTreeElement done
Event: 14.120 loading class org/gradle/api/file/FileVisitDetails
Event: 14.120 loading class org/gradle/api/file/FileVisitDetails done


Dynamic libraries:
0x00007ff75a1b0000 - 0x00007ff75a1e7000 	C:\Program Files\Java\jdk1.8.0_152\bin\java.exe
0x00007ffcd1130000 - 0x00007ffcd1310000 	C:\WINDOWS\SYSTEM32\ntdll.dll
0x00007ffcd0720000 - 0x00007ffcd07ce000 	C:\WINDOWS\System32\KERNEL32.DLL
0x00007ffccde90000 - 0x00007ffcce0f6000 	C:\WINDOWS\System32\KERNELBASE.dll
0x00007ffcce630000 - 0x00007ffcce6d1000 	C:\WINDOWS\System32\ADVAPI32.dll
0x00007ffcd0af0000 - 0x00007ffcd0b8d000 	C:\WINDOWS\System32\msvcrt.dll
0x00007ffcd06c0000 - 0x00007ffcd071b000 	C:\WINDOWS\System32\sechost.dll
0x00007ffcd0b90000 - 0x00007ffcd0caf000 	C:\WINDOWS\System32\RPCRT4.dll
0x00007ffcce7b0000 - 0x00007ffcce93f000 	C:\WINDOWS\System32\USER32.dll
0x00007ffccde70000 - 0x00007ffccde90000 	C:\WINDOWS\System32\win32u.dll
0x00007ffcce600000 - 0x00007ffcce628000 	C:\WINDOWS\System32\GDI32.dll
0x00007ffcce100000 - 0x00007ffcce293000 	C:\WINDOWS\System32\gdi32full.dll
0x00007ffccd680000 - 0x00007ffccd71b000 	C:\WINDOWS\System32\msvcp_win.dll
0x00007ffccd530000 - 0x00007ffccd626000 	C:\WINDOWS\System32\ucrtbase.dll
0x00007ffcc81f0000 - 0x00007ffcc8459000 	C:\WINDOWS\WinSxS\amd64_microsoft.windows.common-controls_6595b64144ccf1df_6.0.16299.431_none_15c7d3ee93659e73\COMCTL32.dll
0x00007ffcd07d0000 - 0x00007ffcd0ad8000 	C:\WINDOWS\System32\combase.dll
0x00007ffcce300000 - 0x00007ffcce372000 	C:\WINDOWS\System32\bcryptPrimitives.dll
0x00007ffcd0470000 - 0x00007ffcd049d000 	C:\WINDOWS\System32\IMM32.DLL
0x000000006aab0000 - 0x000000006ab82000 	C:\Program Files\Java\jdk1.8.0_152\jre\bin\msvcr100.dll
0x0000000069290000 - 0x0000000069b30000 	C:\Program Files\Java\jdk1.8.0_152\jre\bin\server\jvm.dll
0x00007ffcceda0000 - 0x00007ffcceda8000 	C:\WINDOWS\System32\PSAPI.DLL
0x00007ffccc390000 - 0x00007ffccc399000 	C:\WINDOWS\SYSTEM32\WSOCK32.dll
0x00007ffcceab0000 - 0x00007ffcceb1c000 	C:\WINDOWS\System32\WS2_32.dll
0x00007ffcc8b30000 - 0x00007ffcc8b53000 	C:\WINDOWS\SYSTEM32\WINMM.dll
0x00007ffcc8a70000 - 0x00007ffcc8a7a000 	C:\WINDOWS\SYSTEM32\VERSION.dll
0x00007ffcc8b00000 - 0x00007ffcc8b2a000 	C:\WINDOWS\SYSTEM32\WINMMBASE.dll
0x00007ffccd630000 - 0x00007ffccd67a000 	C:\WINDOWS\System32\cfgmgr32.dll
0x000000006ad50000 - 0x000000006ad5f000 	C:\Program Files\Java\jdk1.8.0_152\jre\bin\verify.dll
0x000000006ad20000 - 0x000000006ad49000 	C:\Program Files\Java\jdk1.8.0_152\jre\bin\java.dll
0x000000006ad00000 - 0x000000006ad16000 	C:\Program Files\Java\jdk1.8.0_152\jre\bin\zip.dll
0x00007ffccef80000 - 0x00007ffcd03b8000 	C:\WINDOWS\System32\SHELL32.dll
0x00007ffcd03c0000 - 0x00007ffcd0466000 	C:\WINDOWS\System32\shcore.dll
0x00007ffccd720000 - 0x00007ffccde67000 	C:\WINDOWS\System32\windows.storage.dll
0x00007ffcd04c0000 - 0x00007ffcd0511000 	C:\WINDOWS\System32\shlwapi.dll
0x00007ffccd4f0000 - 0x00007ffccd501000 	C:\WINDOWS\System32\kernel.appcore.dll
0x00007ffccd480000 - 0x00007ffccd4cc000 	C:\WINDOWS\System32\powrprof.dll
0x00007ffccd4d0000 - 0x00007ffccd4eb000 	C:\WINDOWS\System32\profapi.dll
0x000000006a6c0000 - 0x000000006a6da000 	C:\Program Files\Java\jdk1.8.0_152\jre\bin\net.dll
0x00007ffcccd10000 - 0x00007ffcccd76000 	C:\WINDOWS\system32\mswsock.dll
0x000000006a580000 - 0x000000006a591000 	C:\Program Files\Java\jdk1.8.0_152\jre\bin\nio.dll
0x00007ffcc05c0000 - 0x00007ffcc05de000 	C:\Users\kondm\.gradle\native\25\windows-amd64\native-platform.dll
0x00007ffccced0000 - 0x00007ffcccee7000 	C:\WINDOWS\SYSTEM32\CRYPTSP.dll
0x00007ffccc910000 - 0x00007ffccc943000 	C:\WINDOWS\system32\rsaenh.dll
0x00007ffcccfe0000 - 0x00007ffccd005000 	C:\WINDOWS\SYSTEM32\bcrypt.dll
0x00007ffccd380000 - 0x00007ffccd3a9000 	C:\WINDOWS\SYSTEM32\USERENV.dll
0x00007ffcccef0000 - 0x00007ffcccefb000 	C:\WINDOWS\SYSTEM32\CRYPTBASE.dll
0x00007ffcccaa0000 - 0x00007ffcccad9000 	C:\WINDOWS\SYSTEM32\IPHLPAPI.DLL
0x00007ffcd0ae0000 - 0x00007ffcd0ae8000 	C:\WINDOWS\System32\NSI.dll
0x00007ffcc85b0000 - 0x00007ffcc85c6000 	C:\WINDOWS\SYSTEM32\dhcpcsvc6.DLL
0x00007ffcc8590000 - 0x00007ffcc85aa000 	C:\WINDOWS\SYSTEM32\dhcpcsvc.DLL
0x000000006a9f0000 - 0x000000006a9fd000 	C:\Program Files\Java\jdk1.8.0_152\jre\bin\management.dll

VM Arguments:
jvm_args: -XX:MaxPermSize=256m -XX:+HeapDumpOnOutOfMemoryError -Xmx1024m -Dfile.encoding=windows-1250 -Duser.country=PL -Duser.language=pl -Duser.variant 
java_command: org.gradle.launcher.daemon.bootstrap.GradleDaemon 3.5.1
java_class_path (initial): C:\Users\kondm\.gradle\wrapper\dists\gradle-3.5.1-all\42vjebfdws9pjts3l4bouoq0p\gradle-3.5.1\lib\gradle-launcher-3.5.1.jar
Launcher Type: SUN_STANDARD

Environment Variables:
JAVA_HOME=C:\Program Files\Java\jdk1.8.0_152
CLASSPATH=.;C:\Program Files (x86)\QuickTime\QTSystem\QTJava.zip
PATH=C:\Program Files (x86)\Common Files\Oracle\Java\javapath;C:\ProgramData\Oracle\Java\javapath;C:\Program Files\Intel\WiFi\bin\;C:\Program Files\Common Files\Intel\WirelessCommon\;C:\Program Files (x86)\Skype\Phone\;C:\FPC\3.0.2\bin\i386-Win32;C:\WINDOWS\system32;C:\WINDOWS;C:\WINDOWS\System32\Wbem;C:\WINDOWS\System32\WindowsPowerShell\v1.0\;C:\Program Files (x86)\NVIDIA Corporation\PhysX\Common;C:\Program Files (x86)\QuickTime\QTSystem\;C:\WINDOWS\system32;C:\WINDOWS;C:\WINDOWS\System32\Wbem;C:\WINDOWS\System32\WindowsPowerShell\v1.0\;C:\Program Files\MySQL\MySQL Utilities 1.6\;C:\Program Files (x86)\Windows Kits\10\Windows Performance Toolkit\;C:\Program Files\Git\cmd;C:\Program Files (x86)\Smart Projects\IsoBuster;C:\Program Files (x86)\Brackets\command;C:\Program Files\Java\jdk1.8.0_152\bin;C:\Program Files\Java\jre1.8.0_152;C:\MinGW\bin;C:\Qt\Qt5.9.1\5.9.1\mingw53_32\bin;C:\Users\kondm\AppData\Local\Programs\MiKTeX 2.9\miktex\bin\x64\;C:\Users\kondm\AppData\Local\GitHubDesktop\bin;C:\gradle-4.6\bin;C:\Program Files\Heroku\bin
USERNAME=kondm
OS=Windows_NT
PROCESSOR_IDENTIFIER=Intel64 Family 6 Model 94 Stepping 3, GenuineIntel



---------------  S Y S T E M  ---------------

OS: Windows 10.0 , 64 bit Build 16299 (10.0.16299.431)

CPU:total 4 (initial active 4) (4 cores per cpu, 2 threads per core) family 6 model 94 stepping 3, cmov, cx8, fxsr, mmx, sse, sse2, sse3, ssse3, sse4.1, sse4.2, popcnt, avx, avx2, aes, clmul, erms, rtm, 3dnowpref, lzcnt, ht, tsc, tscinvbit, bmi1, bmi2, adx

Memory: 4k page, physical 8284708k(872760k free), swap 10236452k(5336k free)

vm_info: Java HotSpot(TM) 64-Bit Server VM (25.152-b16) for windows-amd64 JRE (1.8.0_152-b16), built on Sep 14 2017 02:29:36 by "java_re" with MS VC++ 10.0 (VS2010)

time: Tue May 29 15:55:30 2018
elapsed time: 14 seconds (0d 0h 0m 14s)

