#
# There is insufficient memory for the Java Runtime Environment to continue.
# Native memory allocation (malloc) failed to allocate 32744 bytes for ChunkPool::allocate
# Possible reasons:
#   The system is out of physical RAM or swap space
#   In 32 bit mode, the process size limit was hit
# Possible solutions:
#   Reduce memory load on the system
#   Increase physical memory or swap space
#   Check if swap backing store is full
#   Use 64 bit Java on a 64 bit OS
#   Decrease Java heap size (-Xmx/-Xms)
#   Decrease number of Java threads
#   Decrease Java thread stack sizes (-Xss)
#   Set larger code cache with -XX:ReservedCodeCacheSize=
# This output file may be truncated or incomplete.
#
#  Out of Memory Error (allocation.cpp:273), pid=12560, tid=0x00000000000038f0
#
# JRE version: Java(TM) SE Runtime Environment (8.0_152-b16) (build 1.8.0_152-b16)
# Java VM: Java HotSpot(TM) 64-Bit Server VM (25.152-b16 mixed mode windows-amd64 compressed oops)
# Failed to write core dump. Minidumps are not enabled by default on client versions of Windows
#

---------------  T H R E A D  ---------------

Current thread (0x000000001ba3f800):  JavaThread "C2 CompilerThread0" daemon [_thread_in_native, id=14576, stack(0x000000001c3a0000,0x000000001c4a0000)]

Stack: [0x000000001c3a0000,0x000000001c4a0000]
[error occurred during error reporting (printing stack bounds), id 0xc0000005]

Native frames: (J=compiled Java code, j=interpreted, Vv=VM code, C=native code)


Current CompileTask:
C2:   3325 2480       4       org.springframework.core.ResolvableType::as (81 bytes)


---------------  P R O C E S S  ---------------

Java Threads: ( => current thread )
  0x000000001bb1b800 JavaThread "Service Thread" daemon [_thread_blocked, id=14888, stack(0x000000001c7a0000,0x000000001c8a0000)]
  0x000000001ba4a800 JavaThread "C1 CompilerThread3" daemon [_thread_blocked, id=2868, stack(0x000000001c6a0000,0x000000001c7a0000)]
  0x000000001ba46000 JavaThread "C2 CompilerThread2" daemon [_thread_in_native, id=15288, stack(0x000000001c5a0000,0x000000001c6a0000)]
  0x000000001ba40000 JavaThread "C2 CompilerThread1" daemon [_thread_in_native, id=4128, stack(0x000000001c4a0000,0x000000001c5a0000)]
=>0x000000001ba3f800 JavaThread "C2 CompilerThread0" daemon [_thread_in_native, id=14576, stack(0x000000001c3a0000,0x000000001c4a0000)]
  0x000000001ba35800 JavaThread "Monitor Ctrl-Break" daemon [_thread_in_native, id=1720, stack(0x000000001c2a0000,0x000000001c3a0000)]
  0x000000001b9de000 JavaThread "Attach Listener" daemon [_thread_blocked, id=9484, stack(0x000000001c1a0000,0x000000001c2a0000)]
  0x000000001b9dd000 JavaThread "Signal Dispatcher" daemon [_thread_blocked, id=14616, stack(0x000000001c0a0000,0x000000001c1a0000)]
  0x000000001b9c0800 JavaThread "Finalizer" daemon [_thread_blocked, id=12228, stack(0x000000001bda0000,0x000000001bea0000)]
  0x000000000495d800 JavaThread "Reference Handler" daemon [_thread_blocked, id=13864, stack(0x000000001b8a0000,0x000000001b9a0000)]
  0x0000000004868000 JavaThread "main" [_thread_in_vm, id=13564, stack(0x0000000004760000,0x0000000004860000)]

Other Threads:
  0x0000000019ada000 VMThread [stack: 0x000000001b7a0000,0x000000001b8a0000] [id=14788]
  0x000000001bb1f000 WatcherThread [stack: 0x000000001c8a0000,0x000000001c9a0000] [id=5528]

VM state:not at safepoint (normal execution)

VM Mutex/Monitor currently owned by a thread:  ([mutex/lock_event])
[0x00000000048652c0] SystemDictionary_lock - owner thread: 0x0000000000000000

Heap:
 PSYoungGen      total 141312K, used 2468K [0x00000000d5d80000, 0x00000000df180000, 0x0000000100000000)
  eden space 132096K, 1% used [0x00000000d5d80000,0x00000000d5fe9350,0x00000000dde80000)
  from space 9216K, 0% used [0x00000000dde80000,0x00000000dde80000,0x00000000de780000)
  to   space 8192K, 0% used [0x00000000de780000,0x00000000de780000,0x00000000def80000)
 ParOldGen       total 58880K, used 9211K [0x0000000081800000, 0x0000000085180000, 0x00000000d5d80000)
  object space 58880K, 15% used [0x0000000081800000,0x00000000820fef98,0x0000000085180000)
 Metaspace       used 20954K, capacity 21198K, committed 21552K, reserved 1069056K
  class space    used 2743K, capacity 2818K, committed 2864K, reserved 1048576K

Card table byte_map: [0x0000000013f00000,0x0000000014300000] byte_map_base: 0x0000000013af4000

Marking Bits: (ParMarkBitMap*) 0x0000000056c00860
 Begin Bits: [0x0000000014db0000, 0x0000000016d50000)
 End Bits:   [0x0000000016d50000, 0x0000000018cf0000)

Polling page: 0x00000000005f0000

CodeCache: size=245760Kb used=9344Kb max_used=9355Kb free=236415Kb
 bounds [0x0000000004b40000, 0x0000000005470000, 0x0000000013b40000]
 total_blobs=2873 nmethods=2524 adapters=261
 compilation: enabled

Compilation events (10 events):
Event: 3.179 Thread 0x000000001ba4a800 2523       3       java.util.Formatter::ensureOpen (16 bytes)
Event: 3.179 Thread 0x000000001ba4a800 nmethod 2523 0x000000000545e950 code [0x000000000545eac0, 0x000000000545ecc8]
Event: 3.181 Thread 0x000000001ba4a800 2524       3       sun.util.locale.provider.LocaleProviderAdapter::getAdapter (171 bytes)
Event: 3.182 Thread 0x000000001ba4a800 nmethod 2524 0x0000000005463e50 code [0x0000000005464100, 0x00000000054652b8]
Event: 3.183 Thread 0x000000001ba4a800 2525       1       java.util.Currency::getCurrencyCode (5 bytes)
Event: 3.183 Thread 0x000000001ba4a800 nmethod 2525 0x0000000005463b90 code [0x0000000005463ce0, 0x0000000005463df0]
Event: 3.188 Thread 0x000000001ba40000 nmethod 2522 0x0000000005463210 code [0x00000000054633a0, 0x00000000054637f8]
Event: 3.188 Thread 0x000000001ba40000 2526   !   4       java.net.URLClassLoader$1::run (63 bytes)
Event: 3.259 Thread 0x000000001ba4a800 2529       3       java.util.Calendar::internalGet (7 bytes)
Event: 3.259 Thread 0x000000001ba4a800 nmethod 2529 0x0000000005462e50 code [0x0000000005462fa0, 0x0000000005463110]

GC Heap History (10 events):
Event: 1.436 GC heap after
Heap after GC invocations=3 (full 0):
 PSYoungGen      total 38400K, used 4899K [0x00000000d5d80000, 0x00000000da880000, 0x0000000100000000)
  eden space 33280K, 0% used [0x00000000d5d80000,0x00000000d5d80000,0x00000000d7e00000)
  from space 5120K, 95% used [0x00000000d7e00000,0x00000000d82c8c08,0x00000000d8300000)
  to   space 5120K, 0% used [0x00000000da380000,0x00000000da380000,0x00000000da880000)
 ParOldGen       total 87552K, used 24K [0x0000000081800000, 0x0000000086d80000, 0x00000000d5d80000)
  object space 87552K, 0% used [0x0000000081800000,0x0000000081806000,0x0000000086d80000)
 Metaspace       used 13056K, capacity 13200K, committed 13568K, reserved 1060864K
  class space    used 1627K, capacity 1693K, committed 1792K, reserved 1048576K
}
Event: 1.979 GC heap before
{Heap before GC invocations=4 (full 0):
 PSYoungGen      total 38400K, used 38179K [0x00000000d5d80000, 0x00000000da880000, 0x0000000100000000)
  eden space 33280K, 100% used [0x00000000d5d80000,0x00000000d7e00000,0x00000000d7e00000)
  from space 5120K, 95% used [0x00000000d7e00000,0x00000000d82c8c08,0x00000000d8300000)
  to   space 5120K, 0% used [0x00000000da380000,0x00000000da380000,0x00000000da880000)
 ParOldGen       total 87552K, used 24K [0x0000000081800000, 0x0000000086d80000, 0x00000000d5d80000)
  object space 87552K, 0% used [0x0000000081800000,0x0000000081806000,0x0000000086d80000)
 Metaspace       used 14830K, capacity 14996K, committed 15360K, reserved 1062912K
  class space    used 1849K, capacity 1939K, committed 2048K, reserved 1048576K
Event: 1.988 GC heap after
Heap after GC invocations=4 (full 0):
 PSYoungGen      total 71680K, used 5105K [0x00000000d5d80000, 0x00000000da880000, 0x0000000100000000)
  eden space 66560K, 0% used [0x00000000d5d80000,0x00000000d5d80000,0x00000000d9e80000)
  from space 5120K, 99% used [0x00000000da380000,0x00000000da87c790,0x00000000da880000)
  to   space 5120K, 0% used [0x00000000d9e80000,0x00000000d9e80000,0x00000000da380000)
 ParOldGen       total 87552K, used 263K [0x0000000081800000, 0x0000000086d80000, 0x00000000d5d80000)
  object space 87552K, 0% used [0x0000000081800000,0x0000000081841e58,0x0000000086d80000)
 Metaspace       used 14830K, capacity 14996K, committed 15360K, reserved 1062912K
  class space    used 1849K, capacity 1939K, committed 2048K, reserved 1048576K
}
Event: 2.653 GC heap before
{Heap before GC invocations=5 (full 0):
 PSYoungGen      total 71680K, used 71665K [0x00000000d5d80000, 0x00000000da880000, 0x0000000100000000)
  eden space 66560K, 100% used [0x00000000d5d80000,0x00000000d9e80000,0x00000000d9e80000)
  from space 5120K, 99% used [0x00000000da380000,0x00000000da87c790,0x00000000da880000)
  to   space 5120K, 0% used [0x00000000d9e80000,0x00000000d9e80000,0x00000000da380000)
 ParOldGen       total 87552K, used 263K [0x0000000081800000, 0x0000000086d80000, 0x00000000d5d80000)
  object space 87552K, 0% used [0x0000000081800000,0x0000000081841e58,0x0000000086d80000)
 Metaspace       used 17565K, capacity 17852K, committed 18176K, reserved 1064960K
  class space    used 2229K, capacity 2303K, committed 2304K, reserved 1048576K
Event: 2.664 GC heap after
Heap after GC invocations=5 (full 0):
 PSYoungGen      total 71680K, used 5111K [0x00000000d5d80000, 0x00000000def80000, 0x0000000100000000)
  eden space 66560K, 0% used [0x00000000d5d80000,0x00000000d5d80000,0x00000000d9e80000)
  from space 5120K, 99% used [0x00000000d9e80000,0x00000000da37dc28,0x00000000da380000)
  to   space 8192K, 0% used [0x00000000de780000,0x00000000de780000,0x00000000def80000)
 ParOldGen       total 87552K, used 3354K [0x0000000081800000, 0x0000000086d80000, 0x00000000d5d80000)
  object space 87552K, 3% used [0x0000000081800000,0x0000000081b46868,0x0000000086d80000)
 Metaspace       used 17565K, capacity 17852K, committed 18176K, reserved 1064960K
  class space    used 2229K, capacity 2303K, committed 2304K, reserved 1048576K
}
Event: 3.031 GC heap before
{Heap before GC invocations=6 (full 0):
 PSYoungGen      total 71680K, used 71671K [0x00000000d5d80000, 0x00000000def80000, 0x0000000100000000)
  eden space 66560K, 100% used [0x00000000d5d80000,0x00000000d9e80000,0x00000000d9e80000)
  from space 5120K, 99% used [0x00000000d9e80000,0x00000000da37dc28,0x00000000da380000)
  to   space 8192K, 0% used [0x00000000de780000,0x00000000de780000,0x00000000def80000)
 ParOldGen       total 87552K, used 3354K [0x0000000081800000, 0x0000000086d80000, 0x00000000d5d80000)
  object space 87552K, 3% used [0x0000000081800000,0x0000000081b46868,0x0000000086d80000)
 Metaspace       used 19256K, capacity 19534K, committed 19840K, reserved 1067008K
  class space    used 2478K, capacity 2562K, committed 2688K, reserved 1048576K
Event: 3.039 GC heap after
Heap after GC invocations=6 (full 0):
 PSYoungGen      total 140288K, used 8173K [0x00000000d5d80000, 0x00000000df180000, 0x0000000100000000)
  eden space 132096K, 0% used [0x00000000d5d80000,0x00000000d5d80000,0x00000000dde80000)
  from space 8192K, 99% used [0x00000000de780000,0x00000000def7b758,0x00000000def80000)
  to   space 9216K, 0% used [0x00000000dde80000,0x00000000dde80000,0x00000000de780000)
 ParOldGen       total 87552K, used 3496K [0x0000000081800000, 0x0000000086d80000, 0x00000000d5d80000)
  object space 87552K, 3% used [0x0000000081800000,0x0000000081b6a1e0,0x0000000086d80000)
 Metaspace       used 19256K, capacity 19534K, committed 19840K, reserved 1067008K
  class space    used 2478K, capacity 2562K, committed 2688K, reserved 1048576K
}
Event: 3.261 GC heap before
{Heap before GC invocations=7 (full 0):
 PSYoungGen      total 140288K, used 28078K [0x00000000d5d80000, 0x00000000df180000, 0x0000000100000000)
  eden space 132096K, 15% used [0x00000000d5d80000,0x00000000d70f0468,0x00000000dde80000)
  from space 8192K, 99% used [0x00000000de780000,0x00000000def7b758,0x00000000def80000)
  to   space 9216K, 0% used [0x00000000dde80000,0x00000000dde80000,0x00000000de780000)
 ParOldGen       total 87552K, used 3496K [0x0000000081800000, 0x0000000086d80000, 0x00000000d5d80000)
  object space 87552K, 3% used [0x0000000081800000,0x0000000081b6a1e0,0x0000000086d80000)
 Metaspace       used 20936K, capacity 21134K, committed 21296K, reserved 1067008K
  class space    used 2738K, capacity 2818K, committed 2864K, reserved 1048576K
Event: 3.272 GC heap after
Heap after GC invocations=7 (full 0):
 PSYoungGen      total 141312K, used 6597K [0x00000000d5d80000, 0x00000000df180000, 0x0000000100000000)
  eden space 132096K, 0% used [0x00000000d5d80000,0x00000000d5d80000,0x00000000dde80000)
  from space 9216K, 71% used [0x00000000dde80000,0x00000000de4f1738,0x00000000de780000)
  to   space 8192K, 0% used [0x00000000de780000,0x00000000de780000,0x00000000def80000)
 ParOldGen       total 87552K, used 5586K [0x0000000081800000, 0x0000000086d80000, 0x00000000d5d80000)
  object space 87552K, 6% used [0x0000000081800000,0x0000000081d74b58,0x0000000086d80000)
 Metaspace       used 20936K, capacity 21134K, committed 21296K, reserved 1067008K
  class space    used 2738K, capacity 2818K, committed 2864K, reserved 1048576K
}
Event: 3.272 GC heap before
{Heap before GC invocations=8 (full 1):
 PSYoungGen      total 141312K, used 6597K [0x00000000d5d80000, 0x00000000df180000, 0x0000000100000000)
  eden space 132096K, 0% used [0x00000000d5d80000,0x00000000d5d80000,0x00000000dde80000)
  from space 9216K, 71% used [0x00000000dde80000,0x00000000de4f1738,0x00000000de780000)
  to   space 8192K, 0% used [0x00000000de780000,0x00000000de780000,0x00000000def80000)
 ParOldGen       total 87552K, used 5586K [0x0000000081800000, 0x0000000086d80000, 0x00000000d5d80000)
  object space 87552K, 6% used [0x0000000081800000,0x0000000081d74b58,0x0000000086d80000)
 Metaspace       used 20936K, capacity 21134K, committed 21296K, reserved 1067008K
  class space    used 2738K, capacity 2818K, committed 2864K, reserved 1048576K

Deoptimization events (10 events):
Event: 2.949 Thread 0x0000000004868000 Uncommon trap: reason=bimorphic action=maybe_recompile pc=0x000000000523d834 method=java.util.concurrent.ConcurrentHashMap.putVal(Ljava/lang/Object;Ljava/lang/Object;Z)Ljava/lang/Object; @ 192
Event: 2.950 Thread 0x0000000004868000 Uncommon trap: reason=bimorphic action=maybe_recompile pc=0x000000000523d834 method=java.util.concurrent.ConcurrentHashMap.putVal(Ljava/lang/Object;Ljava/lang/Object;Z)Ljava/lang/Object; @ 192
Event: 2.972 Thread 0x0000000004868000 Uncommon trap: reason=unstable_if action=reinterpret pc=0x000000000531ce7c method=org.springframework.boot.bind.DefaultPropertyNamePatternsMatcher.matches(Ljava/lang/String;)Z @ 112
Event: 3.048 Thread 0x0000000004868000 Uncommon trap: reason=unstable_if action=reinterpret pc=0x0000000005316fc0 method=java.lang.reflect.Method.equals(Ljava/lang/Object;)Z @ 49
Event: 3.049 Thread 0x0000000004868000 Uncommon trap: reason=unstable_if action=reinterpret pc=0x000000000534c874 method=java.lang.Class.searchMethods([Ljava/lang/reflect/Method;Ljava/lang/String;[Ljava/lang/Class;)Ljava/lang/reflect/Method; @ 47
Event: 3.063 Thread 0x0000000004868000 Uncommon trap: reason=unstable_if action=reinterpret pc=0x0000000005334b34 method=java.lang.reflect.Method.equals(Ljava/lang/Object;)Z @ 49
Event: 3.075 Thread 0x0000000004868000 Uncommon trap: reason=unstable_if action=reinterpret pc=0x0000000004d67f84 method=java.util.zip.ZipCoder.getBytes(Ljava/lang/String;)[B @ 32
Event: 3.075 Thread 0x0000000004868000 Uncommon trap: reason=unstable_if action=reinterpret pc=0x0000000004d56388 method=java.util.zip.ZipCoder.getBytes(Ljava/lang/String;)[B @ 32
Event: 3.075 Thread 0x0000000004868000 Uncommon trap: reason=unstable_if action=reinterpret pc=0x0000000005192b34 method=java.net.URL.<init>(Ljava/net/URL;Ljava/lang/String;Ljava/net/URLStreamHandler;)V @ 57
Event: 3.075 Thread 0x0000000004868000 Uncommon trap: reason=unstable_if action=reinterpret pc=0x0000000004f30ae0 method=java.net.URLStreamHandler.parseURL(Ljava/net/URL;Ljava/lang/String;II)V @ 57

Classes redefined (0 events):
No events

Internal exceptions (10 events):
Event: 3.066 Thread 0x0000000004868000 Exception <a 'java/lang/ClassNotFoundException': org/springframework/context/weaving/LoadTimeWeaverAwareCustomizer> (0x00000000d61ec978) thrown at [C:\re\workspace\8-2-build-windows-amd64-cygwin\jdk8u152\9742\hotspot\src\share\vm\classfile\systemDictionar
Event: 3.066 Thread 0x0000000004868000 Exception <a 'java/lang/ClassNotFoundException': org/springframework/beans/factory/FactoryBeanCustomizer> (0x00000000d6206300) thrown at [C:\re\workspace\8-2-build-windows-amd64-cygwin\jdk8u152\9742\hotspot\src\share\vm\classfile\systemDictionary.cpp, lin
Event: 3.066 Thread 0x0000000004868000 Exception <a 'java/lang/ClassNotFoundException': org/springframework/beans/factory/BeanClassLoaderAwareCustomizer> (0x00000000d6224b78) thrown at [C:\re\workspace\8-2-build-windows-amd64-cygwin\jdk8u152\9742\hotspot\src\share\vm\classfile\systemDictionary
Event: 3.066 Thread 0x0000000004868000 Exception <a 'java/lang/ClassNotFoundException': org/springframework/beans/factory/BeanFactoryAwareCustomizer> (0x00000000d623f4b0) thrown at [C:\re\workspace\8-2-build-windows-amd64-cygwin\jdk8u152\9742\hotspot\src\share\vm\classfile\systemDictionary.cpp
Event: 3.067 Thread 0x0000000004868000 Exception <a 'java/lang/ClassNotFoundException': org/springframework/beans/factory/BeanNameAwareCustomizer> (0x00000000d62593a0) thrown at [C:\re\workspace\8-2-build-windows-amd64-cygwin\jdk8u152\9742\hotspot\src\share\vm\classfile\systemDictionary.cpp, l
Event: 3.067 Thread 0x0000000004868000 Exception <a 'java/lang/ClassNotFoundException': org/springframework/beans/factory/InitializingBeanCustomizer> (0x00000000d6273bf8) thrown at [C:\re\workspace\8-2-build-windows-amd64-cygwin\jdk8u152\9742\hotspot\src\share\vm\classfile\systemDictionary.cpp
Event: 3.067 Thread 0x0000000004868000 Exception <a 'java/lang/ClassNotFoundException': org/springframework/beans/factory/DisposableBeanCustomizer> (0x00000000d628cda0) thrown at [C:\re\workspace\8-2-build-windows-amd64-cygwin\jdk8u152\9742\hotspot\src\share\vm\classfile\systemDictionary.cpp, 
Event: 3.067 Thread 0x0000000004868000 Exception <a 'java/lang/ClassNotFoundException': org/springframework/orm/jpa/EntityManagerFactoryInfoCustomizer> (0x00000000d62a7398) thrown at [C:\re\workspace\8-2-build-windows-amd64-cygwin\jdk8u152\9742\hotspot\src\share\vm\classfile\systemDictionary.c
Event: 3.068 Thread 0x0000000004868000 Exception <a 'java/lang/ClassNotFoundException': org/springframework/dao/support/PersistenceExceptionTranslatorCustomizer> (0x00000000d62cd968) thrown at [C:\re\workspace\8-2-build-windows-amd64-cygwin\jdk8u152\9742\hotspot\src\share\vm\classfile\systemDi
Event: 3.068 Thread 0x0000000004868000 Exception <a 'java/lang/ClassNotFoundException': java/io/SerializableCustomizer> (0x00000000d62d75b8) thrown at [C:\re\workspace\8-2-build-windows-amd64-cygwin\jdk8u152\9742\hotspot\src\share\vm\classfile\systemDictionary.cpp, line 210]

Events (10 events):
Event: 3.258 loading class org/hibernate/internal/CoreMessageLogger_$logger_pl_PL done
Event: 3.258 loading class org/hibernate/internal/CoreMessageLogger_$logger_pl
Event: 3.258 loading class org/hibernate/internal/CoreMessageLogger_$logger_pl done
Event: 3.259 loading class org/hibernate/internal/util/config/ConfigurationHelper
Event: 3.259 loading class org/hibernate/internal/util/config/ConfigurationHelper done
Event: 3.260 loading class org/hibernate/internal/util/config/ConfigurationException
Event: 3.260 loading class org/hibernate/internal/util/config/ConfigurationException done
Event: 3.261 loading class org/hibernate/bytecode/internal/javassist/BytecodeProviderImpl
Event: 3.261 loading class org/hibernate/bytecode/internal/javassist/BytecodeProviderImpl done
Event: 3.261 Executing VM operation: CollectForMetadataAllocation


Dynamic libraries:
0x00007ff667ba0000 - 0x00007ff667bd7000 	C:\Program Files\Java\jdk1.8.0_152\bin\java.exe
0x00007ffb45120000 - 0x00007ffb45300000 	C:\WINDOWS\SYSTEM32\ntdll.dll
0x00007ffb44fe0000 - 0x00007ffb4508e000 	C:\WINDOWS\System32\KERNEL32.DLL
0x00007ffb416d0000 - 0x00007ffb41936000 	C:\WINDOWS\System32\KERNELBASE.dll
0x00007ffb425f0000 - 0x00007ffb42691000 	C:\WINDOWS\System32\ADVAPI32.dll
0x00007ffb42b50000 - 0x00007ffb42bed000 	C:\WINDOWS\System32\msvcrt.dll
0x00007ffb44460000 - 0x00007ffb444bb000 	C:\WINDOWS\System32\sechost.dll
0x00007ffb42840000 - 0x00007ffb4295f000 	C:\WINDOWS\System32\RPCRT4.dll
0x00007ffb44d40000 - 0x00007ffb44ecf000 	C:\WINDOWS\System32\USER32.dll
0x00007ffb415a0000 - 0x00007ffb415c0000 	C:\WINDOWS\System32\win32u.dll
0x00007ffb44430000 - 0x00007ffb44458000 	C:\WINDOWS\System32\GDI32.dll
0x00007ffb41d00000 - 0x00007ffb41e93000 	C:\WINDOWS\System32\gdi32full.dll
0x00007ffb41990000 - 0x00007ffb41a2b000 	C:\WINDOWS\System32\msvcp_win.dll
0x00007ffb41a30000 - 0x00007ffb41b26000 	C:\WINDOWS\System32\ucrtbase.dll
0x00007ffb3cc30000 - 0x00007ffb3ce99000 	C:\WINDOWS\WinSxS\amd64_microsoft.windows.common-controls_6595b64144ccf1df_6.0.16299.309_none_15cfd4c4935e6b11\COMCTL32.dll
0x00007ffb44040000 - 0x00007ffb44348000 	C:\WINDOWS\System32\combase.dll
0x00007ffb41520000 - 0x00007ffb41592000 	C:\WINDOWS\System32\bcryptPrimitives.dll
0x00007ffb446e0000 - 0x00007ffb4470d000 	C:\WINDOWS\System32\IMM32.DLL
0x0000000056c80000 - 0x0000000056d52000 	C:\Program Files\Java\jdk1.8.0_152\jre\bin\msvcr100.dll
0x00000000563e0000 - 0x0000000056c80000 	C:\Program Files\Java\jdk1.8.0_152\jre\bin\server\jvm.dll
0x00007ffb42bf0000 - 0x00007ffb42bf8000 	C:\WINDOWS\System32\PSAPI.DLL
0x00007ffb40120000 - 0x00007ffb40129000 	C:\WINDOWS\SYSTEM32\WSOCK32.dll
0x00007ffb3c810000 - 0x00007ffb3c81a000 	C:\WINDOWS\SYSTEM32\VERSION.dll
0x00007ffb3d800000 - 0x00007ffb3d823000 	C:\WINDOWS\SYSTEM32\WINMM.dll
0x00007ffb447e0000 - 0x00007ffb4484c000 	C:\WINDOWS\System32\WS2_32.dll
0x00007ffb3cfa0000 - 0x00007ffb3cfca000 	C:\WINDOWS\SYSTEM32\WINMMBASE.dll
0x00007ffb41940000 - 0x00007ffb4198a000 	C:\WINDOWS\System32\cfgmgr32.dll
0x00000000578f0000 - 0x00000000578ff000 	C:\Program Files\Java\jdk1.8.0_152\jre\bin\verify.dll
0x00000000578c0000 - 0x00000000578e9000 	C:\Program Files\Java\jdk1.8.0_152\jre\bin\java.dll
0x0000000055dd0000 - 0x0000000055df3000 	C:\Program Files\Java\jdk1.8.0_152\jre\bin\instrument.dll
0x00000000578a0000 - 0x00000000578b6000 	C:\Program Files\Java\jdk1.8.0_152\jre\bin\zip.dll
0x00007ffb42c00000 - 0x00007ffb44036000 	C:\WINDOWS\System32\SHELL32.dll
0x00007ffb44730000 - 0x00007ffb447d6000 	C:\WINDOWS\System32\shcore.dll
0x00007ffb41ea0000 - 0x00007ffb425e7000 	C:\WINDOWS\System32\windows.storage.dll
0x00007ffb44350000 - 0x00007ffb443a1000 	C:\WINDOWS\System32\shlwapi.dll
0x00007ffb41500000 - 0x00007ffb41511000 	C:\WINDOWS\System32\kernel.appcore.dll
0x00007ffb414b0000 - 0x00007ffb414fc000 	C:\WINDOWS\System32\powrprof.dll
0x00007ffb41490000 - 0x00007ffb414ab000 	C:\WINDOWS\System32\profapi.dll
0x00007ffb341f0000 - 0x00007ffb3420a000 	C:\Program Files\JetBrains\IntelliJ IDEA 2018.1\bin\breakgen64.dll
0x00000000563c0000 - 0x00000000563da000 	C:\Program Files\Java\jdk1.8.0_152\jre\bin\net.dll
0x00007ffb40d00000 - 0x00007ffb40d66000 	C:\WINDOWS\system32\mswsock.dll
0x0000000056390000 - 0x000000005639d000 	C:\Program Files\Java\jdk1.8.0_152\jre\bin\management.dll
0x00007ffb2a480000 - 0x00007ffb2a496000 	C:\WINDOWS\system32\napinsp.dll
0x00007ffb29cf0000 - 0x00007ffb29d0a000 	C:\WINDOWS\system32\pnrpnsp.dll
0x00007ffb3e0d0000 - 0x00007ffb3e0e8000 	C:\WINDOWS\system32\NLAapi.dll
0x00007ffb40ad0000 - 0x00007ffb40b86000 	C:\WINDOWS\SYSTEM32\DNSAPI.dll
0x00007ffb44720000 - 0x00007ffb44728000 	C:\WINDOWS\System32\NSI.dll
0x00007ffb40a90000 - 0x00007ffb40ac9000 	C:\WINDOWS\SYSTEM32\IPHLPAPI.DLL
0x00007ffb2adb0000 - 0x00007ffb2adbe000 	C:\WINDOWS\System32\winrnr.dll
0x00007ffb35220000 - 0x00007ffb3522a000 	C:\Windows\System32\rasadhlp.dll
0x00007ffb35900000 - 0x00007ffb35970000 	C:\WINDOWS\System32\fwpuclnt.dll
0x00007ffb40fd0000 - 0x00007ffb40ff5000 	C:\WINDOWS\SYSTEM32\bcrypt.dll

VM Arguments:
jvm_args: -ea -Didea.test.cyclic.buffer.size=1048576 -javaagent:C:\Program Files\JetBrains\IntelliJ IDEA 2018.1\lib\idea_rt.jar=52653:C:\Program Files\JetBrains\IntelliJ IDEA 2018.1\bin -Dfile.encoding=UTF-8 
java_command: com.intellij.rt.execution.junit.JUnitStarter -ideVersion5 -junit4 com.kodilla.hibernate.task.dao.TaskDaoTestSuite
java_class_path (initial): C:\Program Files\JetBrains\IntelliJ IDEA 2018.1\lib\idea_rt.jar;C:\Program Files\JetBrains\IntelliJ IDEA 2018.1\plugins\junit\lib\junit-rt.jar;C:\Program Files\JetBrains\IntelliJ IDEA 2018.1\plugins\junit\lib\junit5-rt.jar;C:\Program Files\Java\jdk1.8.0_152\jre\lib\charsets.jar;C:\Program Files\Java\jdk1.8.0_152\jre\lib\deploy.jar;C:\Program Files\Java\jdk1.8.0_152\jre\lib\ext\access-bridge-64.jar;C:\Program Files\Java\jdk1.8.0_152\jre\lib\ext\cldrdata.jar;C:\Program Files\Java\jdk1.8.0_152\jre\lib\ext\dnsns.jar;C:\Program Files\Java\jdk1.8.0_152\jre\lib\ext\jaccess.jar;C:\Program Files\Java\jdk1.8.0_152\jre\lib\ext\jfxrt.jar;C:\Program Files\Java\jdk1.8.0_152\jre\lib\ext\localedata.jar;C:\Program Files\Java\jdk1.8.0_152\jre\lib\ext\nashorn.jar;C:\Program Files\Java\jdk1.8.0_152\jre\lib\ext\sunec.jar;C:\Program Files\Java\jdk1.8.0_152\jre\lib\ext\sunjce_provider.jar;C:\Program Files\Java\jdk1.8.0_152\jre\lib\ext\sunmscapi.jar;C:\Program Files\Java\jdk1.8.0_152\jre\lib\ext\sunpkcs11.jar;C:\Program Files\Java\jdk1.8.0_152\jre\lib\ext\zipfs.jar;C:\Program Files\Java\jdk1.8.0_152\jre\lib\javaws.jar;C:\Program Files\Java\jdk1.8.0_152\jre\lib\jce.jar;C:\Program Files\Java\jdk1.8.0_152\jre\lib\jfr.jar;C:\Program Files\Java\jdk1.8.0_152\jre\lib\jfxswt.jar;C:\Program Files\Java\jdk1.8.0_152\jre\lib\jsse.jar;C:\Program Files\Java\jdk1.8.0_152\jre\lib\management-agent.jar;C:\Program Files\Java\jdk1.8.0_152\jre\lib\plugin.jar;C:\Program Files\Java\jdk1.8.0_152\jre\lib\resources.jar;C:\Program Files\Java\jdk1.8.0_152\jre\lib\rt.jar;D:\Work\Java\Kodilla\Codes\Module 13\kodilla-course\kodilla-hibernate\out\test\classes;D:\Work\Java\Kodilla\Codes\Module 13\kodilla-course\kodilla-hibernate\out\production\classes;D:\Work\Java\Kodilla\Codes\Module 13\kodilla-course\kodilla-hibernate\out\production\resources;C:\Users\kondm\.gradle\caches\modules-2\files-2.1\org.springframework.boot\spring-boot-starter-data-jpa\1.5.10.RELEASE\ca30f9060231d3161d325580098d3267
Launcher Type: SUN_STANDARD

Environment Variables:
JAVA_HOME=C:\Program Files\Java\jdk1.8.0_152
CLASSPATH=.;C:\Program Files (x86)\QuickTime\QTSystem\QTJava.zip
PATH=C:\ProgramData\Oracle\Java\javapath;C:\Program Files\Intel\WiFi\bin\;C:\Program Files\Common Files\Intel\WirelessCommon\;C:\Program Files (x86)\Skype\Phone\;C:\FPC\3.0.2\bin\i386-Win32;C:\WINDOWS\system32;C:\WINDOWS;C:\WINDOWS\System32\Wbem;C:\WINDOWS\System32\WindowsPowerShell\v1.0\;C:\Program Files (x86)\NVIDIA Corporation\PhysX\Common;C:\Program Files (x86)\QuickTime\QTSystem\;C:\WINDOWS\system32;C:\WINDOWS;C:\WINDOWS\System32\Wbem;C:\WINDOWS\System32\WindowsPowerShell\v1.0\;C:\Program Files\MySQL\MySQL Utilities 1.6\;C:\Program Files (x86)\Windows Kits\10\Windows Performance Toolkit\;C:\Program Files\Git\cmd;C:\Program Files\Java\jdk1.8.0_152\bin;C:\Program Files\Java\jre1.8.0_152;C:\MinGW\bin;C:\Qt\Qt5.9.1\5.9.1\mingw53_32\bin;C:\Users\kondm\AppData\Local\Programs\MiKTeX 2.9\miktex\bin\x64\;C:\Users\kondm\AppData\Local\GitHubDesktop\bin;
USERNAME=kondm
OS=Windows_NT
PROCESSOR_IDENTIFIER=Intel64 Family 6 Model 94 Stepping 3, GenuineIntel



---------------  S Y S T E M  ---------------

OS: Windows 10.0 , 64 bit Build 16299 (10.0.16299.15)

CPU:total 8 (initial active 8) (4 cores per cpu, 2 threads per core) family 6 model 94 stepping 3, cmov, cx8, fxsr, mmx, sse, sse2, sse3, ssse3, sse4.1, sse4.2, popcnt, avx, avx2, aes, clmul, erms, rtm, 3dnowpref, lzcnt, ht, tsc, tscinvbit, bmi1, bmi2, adx

Memory: 4k page, physical 8284708k(1459228k free), swap 10236452k(32176k free)

vm_info: Java HotSpot(TM) 64-Bit Server VM (25.152-b16) for windows-amd64 JRE (1.8.0_152-b16), built on Sep 14 2017 02:29:36 by "java_re" with MS VC++ 10.0 (VS2010)

time: Thu Mar 29 14:49:39 2018
elapsed time: 3 seconds (0d 0h 0m 3s)

